   100 219.036 20.411 1.02982e+00 4.32023e+04 0.00000e+00 -3.20832e-01 1.63019e-03 -5.34826e-01 -1.08381e+00 1.15876e-03 
   200 231.454 25.399 1.00556e+00 2.22883e+04 0.00000e+00 -2.55469e-01 2.61906e-01 -4.44305e-01 -8.66429e-01 1.26500e-04 
   300 205.630 21.217 1.01656e+00 4.03563e+04 0.00000e+00 -2.55652e-01 5.65484e-02 -3.64462e-01 -1.03608e+00 7.49757e-04 
   400 252.321 23.184 1.00748e+00 2.57984e+04 0.00000e+00 -1.65697e-01 2.59691e-01 -3.48915e-01 -1.20323e+00 1.70971e-04 
   500 198.231 18.994 1.00831e+00 3.98060e+04 0.00000e+00 -2.20984e-01 1.29311e-01 -3.78133e-01 -8.90297e-01 6.48525e-04 
   600 230.902 22.080 1.00085e+00 2.49891e+04 0.00000e+00 -2.00532e-01 2.81360e-01 -3.78297e-01 -8.85364e-01 1.63963e-04 
   700 255.645 25.855 1.05431e+00 2.50923e+04 0.00000e+00 -1.49463e-02 2.05361e-01 -2.14420e-01 -1.00160e+00 1.92161e-04 
   800 225.078 21.895 1.05741e+00 5.35493e+04 0.00000e+00 -3.16226e-01 1.37068e-01 -4.23058e-01 -1.19539e+00 3.06914e-03 
   900 244.371 22.965 1.05368e+00 3.76780e+04 0.00000e+00 -2.82455e-01 5.31977e-02 -5.40664e-01 -1.23110e+00 7.62572e-04 
  1000 213.962 21.061 1.01109e+00 2.59492e+04 0.00000e+00 -1.45697e-01 1.99064e-01 -4.01810e-01 -9.10154e-01 1.76308e-04 
  1100 279.944 29.222 1.01669e+00 5.90622e+04 0.00000e+00 -3.23256e-01 1.16135e-01 -3.00148e-01 -1.01649e+00 4.11653e-03 
  1200 227.444 22.440 1.01572e+00 1.91294e+04 0.00000e+00 -5.31784e-03 3.06822e-01 -4.09963e-01 -1.16206e+00 9.83481e-05 
  1300 197.362 19.751 1.01739e+00 1.78070e+04 0.00000e+00 -4.00935e-02 2.96362e-01 -3.08837e-01 -6.89288e-01 8.25113e-05 
  1400 210.322 20.250 1.01265e+00 1.57267e+04 0.00000e+00 -1.00394e-01 1.97183e-01 -3.82604e-01 -1.06880e+00 7.23096e-05 
  1500 224.233 18.169 1.24847e+00 8.90512e+03 0.00000e+00 -1.88636e-02 2.66369e-01 -6.14987e-01 -9.12495e-01 1.18302e-04 
  1600 272.533 8.268 2.55722e+00 2.47043e+04 0.00000e+00 2.29610e-01 3.07395e-01 -4.26063e-01 -8.18570e-01 2.16119e-01 
  1700 245.463 23.880 1.01941e+00 2.60565e+04 0.00000e+00 1.17515e-01 2.27067e-01 -1.50873e-02 -9.09366e-01 1.57911e-04 
  1800 248.129 24.369 1.05145e+00 3.99378e+04 0.00000e+00 1.76013e-02 2.02988e-01 -2.67613e-01 -8.97656e-01 7.49798e-04 
  1900 209.746 20.054 1.02793e+00 2.23120e+04 0.00000e+00 -4.47098e-02 4.29505e-01 -4.16064e-01 -9.33980e-01 1.28038e-04 
  2000 238.369 23.033 1.00430e+00 8.25352e+03 0.00000e+00 2.25354e-02 3.46400e-01 -5.42398e-01 -9.96338e-01 3.53665e-05 
  2100 245.067 26.765 1.00189e+00 1.85418e+04 0.00000e+00 -1.96452e-01 2.14393e-01 -4.43716e-01 -1.04104e+00 9.00611e-05 
  2200 227.742 20.265 1.00813e+00 1.09700e+04 0.00000e+00 -3.47114e-02 1.76614e-01 -4.53614e-01 -1.11901e+00 4.68464e-05 
  2300 222.762 22.263 1.01077e+00 5.43002e+03 0.00000e+00 -3.47109e-02 4.33397e-01 -5.16953e-01 -1.15257e+00 2.70963e-05 
  2400 212.670 20.826 1.04032e+00 1.87481e+04 0.00000e+00 9.98219e-02 2.55386e-01 -3.43294e-01 -9.68757e-01 9.76645e-05 
  2500 255.947 23.655 1.08869e+00 2.59132e+04 0.00000e+00 -2.84890e-02 1.70776e-01 -4.24816e-01 -9.05202e-01 2.39992e-04 
  2600 225.160 21.843 1.01338e+00 2.11844e+04 0.00000e+00 -7.50410e-02 3.08398e-01 -3.32815e-01 -1.17996e+00 1.17335e-04 
  2700 257.453 26.025 1.08952e+00 3.95738e+03 0.00000e+00 4.28035e-02 3.16492e-01 -5.23980e-01 -9.11661e-01 3.37114e-05 
  2800 238.977 26.948 1.00431e+00 6.65125e+04 0.00000e+00 -4.85501e-01 2.83732e-01 -1.92175e-01 -1.07033e+00 7.72295e-03 
  2900 231.858 20.749 1.12647e+00 4.96423e+04 0.00000e+00 -1.68327e-01 1.88448e-01 -3.84632e-01 -9.38087e-01 2.76510e-03 
  3000 256.235 16.130 1.55193e+00 2.86590e+04 0.00000e+00 7.66625e-02 9.17999e-02 -4.86162e-01 -1.01945e+00 3.08758e-03 
  3100 238.716 24.528 1.00355e+00 1.66646e+04 0.00000e+00 -7.20591e-02 4.03654e-01 -2.33307e-01 -1.04602e+00 6.85305e-05 
  3200 191.590 19.166 1.00152e+00 3.93460e+04 0.00000e+00 -2.62273e-01 1.42084e-01 -3.80926e-01 -1.20729e+00 6.61066e-04 
  3300 230.506 21.519 1.01528e+00 2.41229e+04 0.00000e+00 -2.82833e-01 1.52263e-01 -4.00728e-01 -1.25741e+00 1.57562e-04 
  3400 251.933 24.155 1.10238e+00 3.73094e+04 0.00000e+00 -1.25720e-01 1.49871e-01 -2.84381e-01 -8.93284e-01 7.80271e-04 
  3500 233.375 23.587 1.16072e+00 4.38620e+04 0.00000e+00 -1.74800e-01 2.71884e-01 -2.19512e-01 -9.98785e-01 1.83771e-03 
  3600 279.089 28.569 1.00558e+00 3.56970e+04 0.00000e+00 -3.00137e-01 1.23675e-01 -4.19511e-01 -1.50206e+00 4.79945e-04 
  3700 239.945 23.877 1.06534e+00 1.27277e+04 0.00000e+00 -2.13620e-02 2.02550e-01 -3.10951e-01 -1.13282e+00 6.49718e-05 
  3800 254.472 26.618 1.00709e+00 2.68605e+04 0.00000e+00 -1.84844e-01 1.23635e-01 -3.30944e-01 -1.11860e+00 1.93919e-04 
  3900 237.469 23.857 1.01522e+00 6.54902e+03 0.00000e+00 2.38366e-02 3.68697e-01 -2.84910e-01 -8.24958e-01 2.83349e-05 
  4000 264.462 26.430 1.00993e+00 3.50434e+03 0.00000e+00 6.46317e-02 3.68503e-01 -2.73414e-01 -8.24122e-01 2.04639e-05 
  4100 227.000 22.885 1.07031e+00 4.59980e+04 0.00000e+00 -2.46251e-01 9.45447e-02 -3.64674e-01 -8.43236e-01 1.51965e-03 
  4200 218.617 21.438 1.04848e+00 2.46298e+04 0.00000e+00 -2.26478e-02 2.90765e-01 -4.29533e-01 -1.21618e+00 1.84908e-04 
  4300 227.113 23.319 1.00348e+00 3.30218e+04 0.00000e+00 -1.16498e-01 1.53272e-01 -4.99570e-01 -1.03466e+00 3.60807e-04 
  4400 246.397 26.996 1.00018e+00 3.85295e+04 0.00000e+00 -1.70305e-01 2.93805e-01 -4.54416e-01 -8.35448e-01 5.18410e-04 
  4500 218.087 21.280 1.00867e+00 3.40043e+04 0.00000e+00 1.74494e-02 2.51943e-01 -3.51489e-01 -1.10528e+00 3.71519e-04 
  4600 222.457 21.275 1.00039e+00 1.23776e+04 0.00000e+00 1.15706e-01 1.45274e-01 -3.55267e-01 -9.03205e-01 4.70828e-05 
  4700 226.330 21.044 1.03348e+00 1.30518e+04 0.00000e+00 -6.48339e-02 3.10795e-01 -4.50782e-01 -9.00970e-01 5.63912e-05 
  4800 258.659 23.827 1.01117e+00 7.65398e+03 0.00000e+00 -1.40635e-01 1.09978e-01 -6.09594e-01 -8.15140e-01 3.48485e-05 
  4900 249.342 17.431 1.32996e+00 3.76053e+04 0.00000e+00 -1.10645e-01 2.86397e-01 -3.63590e-01 -9.52005e-01 2.24079e-03 
  5000 254.526 22.991 1.05873e+00 4.53571e+04 0.00000e+00 -2.31812e-01 -4.69219e-02 -4.16872e-01 -9.85397e-01 1.42461e-03 
  5100 233.882 24.803 1.00122e+00 2.03813e+04 0.00000e+00 -1.94889e-01 2.29357e-01 -4.19200e-01 -1.07330e+00 1.08056e-04 
  5200 257.133 26.366 1.02106e+00 2.75065e+04 0.00000e+00 -2.53138e-01 3.03811e-02 -4.62624e-01 -1.41922e+00 2.38497e-04 
  5300 261.724 24.000 1.16939e+00 3.15965e+04 0.00000e+00 -3.34962e-02 3.18504e-01 -3.91077e-01 -9.46241e-01 6.12921e-04 
  5400 246.188 23.847 1.07733e+00 3.88620e+04 0.00000e+00 -3.11072e-01 9.17644e-02 -5.23688e-01 -1.14868e+00 9.10708e-04 
  5500 185.104 15.504 1.09978e+00 3.40038e+04 0.00000e+00 -1.88979e-01 1.97949e-01 -4.80969e-01 -1.20911e+00 6.33899e-04 
  5600 218.540 21.071 1.03295e+00 4.27619e+04 0.00000e+00 -2.70010e-01 1.24057e-01 -4.92509e-01 -9.30245e-01 9.88774e-04 
  5700 263.266 25.023 1.03229e+00 3.63809e+03 0.00000e+00 4.19194e-02 1.22854e-01 -3.70754e-01 -1.04019e+00 2.51877e-05 
  5800 240.010 19.613 1.11321e+00 2.26959e+04 0.00000e+00 -3.39847e-02 2.59671e-01 -3.97548e-01 -1.18922e+00 2.14880e-04 
  5900 240.720 21.296 1.20324e+00 4.27619e+04 0.00000e+00 -1.01599e-01 1.01369e-01 -4.06897e-01 -8.19554e-01 2.06936e-03 
  6000 231.093 24.555 1.00584e+00 3.02552e+04 0.00000e+00 -1.53209e-01 1.71682e-01 -3.99753e-01 -1.11045e+00 2.62804e-04 
  6100 198.218 7.561 2.05962e+00 1.54870e+03 0.00000e+00 -8.21397e-02 4.96306e-02 -4.98760e-01 -1.07309e+00 3.17737e-03 
  6200 216.719 22.402 1.02608e+00 3.73112e+04 0.00000e+00 -1.46644e-01 2.09597e-01 -2.99693e-01 -9.54419e-01 5.69315e-04 
  6300 223.084 23.355 1.01130e+00 2.51094e+04 0.00000e+00 -1.14544e-01 1.88046e-01 -2.64056e-01 -9.49330e-01 1.58923e-04 
  6400 243.169 22.673 1.12987e+00 4.88644e+04 0.00000e+00 -2.00486e-01 1.93409e-01 -4.37985e-01 -7.45822e-01 2.53465e-03 
  6500 231.805 24.314 1.00602e+00 5.56245e+04 0.00000e+00 -3.38658e-01 2.12998e-01 -2.48409e-01 -9.85130e-01 2.72701e-03 
  6600 228.260 23.492 1.09470e+00 2.57533e+04 0.00000e+00 2.00436e-02 1.08949e-01 -3.86018e-01 -9.32310e-01 2.55379e-04 
  6700 209.026 21.102 1.04324e+00 3.66956e+04 0.00000e+00 -1.74529e-01 1.61058e-01 -2.34715e-01 -1.08090e+00 5.66634e-04 
  6800 237.135 24.930 1.01127e+00 1.80252e+04 0.00000e+00 2.25273e-02 3.49221e-01 -2.35163e-01 -8.69324e-01 7.98631e-05 
  6900 249.325 25.914 1.02146e+00 4.73351e+04 0.00000e+00 -2.55378e-01 2.65228e-01 -2.74795e-01 -1.03906e+00 1.41419e-03 
  7000 250.341 20.503 1.33054e+00 1.51072e+04 0.00000e+00 1.28080e-02 3.91438e-01 -2.63671e-01 -8.50199e-01 2.67197e-04 
  7100 233.837 18.223 1.14598e+00 2.30370e+04 0.00000e+00 -1.28686e-01 3.15406e-01 -4.97317e-01 -1.08022e+00 2.66022e-04 
  7200 223.976 20.792 1.08018e+00 2.78270e+04 0.00000e+00 -4.56787e-02 3.20316e-01 -4.67770e-01 -8.45404e-01 2.66991e-04 
  7300 231.436 20.251 1.13761e+00 2.05094e+04 0.00000e+00 -7.70322e-02 1.59281e-01 -3.89823e-01 -1.11416e+00 2.00197e-04 
  7400 232.188 22.017 1.01630e+00 1.40210e+04 0.00000e+00 1.49987e-02 3.21802e-01 -2.42585e-01 -1.00973e+00 5.59281e-05 
  7500 239.545 18.412 1.41933e+00 3.60616e+04 0.00000e+00 -1.93568e-02 1.78125e-01 -3.67743e-01 -8.41207e-01 3.06174e-03 
  7600 227.266 20.113 1.11361e+00 6.77231e+03 0.00000e+00 9.54467e-02 3.23803e-01 -3.49544e-01 -7.17229e-01 4.40651e-05 
  7700 235.853 23.048 1.01526e+00 2.78389e+04 0.00000e+00 8.25899e-02 1.51513e-01 -3.39269e-01 -6.27430e-01 2.03082e-04 
  7800 215.177 20.177 1.00270e+00 3.50230e+03 0.00000e+00 1.66670e-01 3.61026e-01 -3.43024e-01 -1.05752e+00 1.95818e-05 
  7900 246.001 12.914 1.90696e+00 2.46178e+04 0.00000e+00 1.24314e-01 1.69414e-01 -4.98319e-01 -8.54183e-01 1.10352e-02 
  8000 246.436 17.580 1.33864e+00 1.95222e+04 0.00000e+00 -1.16171e-01 1.27912e-01 -3.13831e-01 -1.14777e+00 4.73542e-04 
  8100 265.729 25.176 1.02644e+00 1.04497e+04 0.00000e+00 4.76499e-02 3.33291e-01 -4.12604e-01 -1.18420e+00 4.43148e-05 
  8200 213.138 20.168 1.05925e+00 3.82320e+04 0.00000e+00 -2.43428e-01 1.94494e-01 -4.26458e-01 -9.66082e-01 7.69660e-04 
  8300 251.624 24.078 1.03178e+00 2.03354e+04 0.00000e+00 -1.04440e-01 2.18357e-01 -4.40312e-01 -1.05979e+00 1.21075e-04 
  8400 230.850 22.569 1.03327e+00 1.57340e+04 0.00000e+00 4.00773e-02 8.96265e-02 -3.80610e-01 -8.57996e-01 7.85585e-05 
  8500 219.967 23.914 1.01872e+00 9.37489e+03 0.00000e+00 2.47964e-01 4.14060e-01 -2.34140e-01 -7.81828e-01 3.30625e-05 
  8600 253.540 25.368 1.02244e+00 1.72744e+04 0.00000e+00 -1.19553e-01 3.25828e-01 -4.64574e-01 -1.17920e+00 8.68810e-05 
  8700 244.844 24.187 1.01277e+00 2.17675e+04 0.00000e+00 3.61976e-02 1.95095e-02 -3.54541e-01 -1.06607e+00 1.24705e-04 
  8800 228.084 20.799 1.03657e+00 4.06246e+04 0.00000e+00 -1.55857e-01 2.14946e-01 -3.50856e-01 -1.02184e+00 7.64720e-04 
  8900 257.191 20.978 1.25055e+00 1.72865e+04 0.00000e+00 1.64499e-02 2.27485e-01 -2.84461e-01 -8.97853e-01 2.43959e-04 
  9000 249.366 26.963 1.07924e+00 1.40714e+04 0.00000e+00 5.05060e-02 1.65133e-01 -3.53398e-01 -1.15902e+00 7.96444e-05 
  9100 227.577 18.867 1.10920e+00 6.17636e+03 0.00000e+00 8.83184e-02 1.66057e-01 -2.64577e-01 -9.12209e-01 4.24121e-05 
  9200 238.468 22.834 1.08703e+00 2.30801e+04 0.00000e+00 2.37718e-01 5.31878e-01 -2.08309e-01 -7.46981e-01 1.52355e-04 
  9300 212.761 20.063 1.10527e+00 2.54135e+04 0.00000e+00 2.30174e-02 3.04809e-01 -4.06264e-01 -8.77283e-01 2.59413e-04 
  9400 263.855 25.791 1.07988e+00 3.81866e+03 0.00000e+00 6.61532e-02 1.72395e-01 -4.10657e-01 -1.12941e+00 3.33670e-05 
  9500 246.119 25.487 1.00056e+00 2.47610e+04 0.00000e+00 -1.16865e-01 3.84498e-01 -4.15878e-01 -9.20839e-01 1.53620e-04 
  9600 211.730 18.591 1.17398e+00 2.75313e+04 0.00000e+00 -9.48062e-02 3.10670e-01 -2.81698e-01 -1.05587e+00 4.49048e-04 
  9700 229.251 21.027 1.01246e+00 7.40246e+03 0.00000e+00 7.16623e-02 3.03659e-01 -3.80479e-01 -1.00367e+00 3.09850e-05 
  9800 251.264 24.807 1.06787e+00 6.51588e+03 0.00000e+00 4.07016e-02 2.93758e-01 -4.13671e-01 -8.43109e-01 3.75230e-05 
  9900 221.480 12.914 1.41142e+00 2.02389e+04 0.00000e+00 8.99967e-03 2.11099e-01 -4.04661e-01 -1.18021e+00 7.51970e-04 
 10000 230.292 20.649 1.10596e+00 4.64993e+03 0.00000e+00 -1.88221e-02 2.24788e-01 -3.34635e-01 -1.26566e+00 4.08534e-05 
 10100 238.798 24.024 1.00510e+00 4.09480e+04 0.00000e+00 -1.13517e-01 2.39511e-01 -2.48575e-01 -6.55931e-01 6.41340e-04 
 10200 231.064 23.255 1.02885e+00 3.40168e+04 0.00000e+00 -2.64605e-01 1.78851e-01 -4.66715e-01 -1.25052e+00 4.57039e-04 
 10300 245.005 15.808 1.48238e+00 2.27042e+04 0.00000e+00 -7.71986e-02 1.78728e-01 -3.59094e-01 -1.00786e+00 1.29973e-03 
 10400 235.946 21.966 1.05865e+00 4.12455e+04 0.00000e+00 -2.74218e-01 1.47812e-01 -3.36033e-01 -1.15466e+00 9.31853e-04 
 10500 237.852 25.380 1.00677e+00 2.06217e+04 0.00000e+00 9.00105e-03 3.43159e-01 -2.50854e-01 -9.45797e-01 1.04916e-04 
 10600 228.516 21.720 1.03409e+00 1.69523e+04 0.00000e+00 1.68417e-02 2.86458e-01 -1.95544e-01 -9.48644e-01 7.78840e-05 
 10700 257.823 19.592 1.27704e+00 2.04996e+04 0.00000e+00 5.56799e-02 2.31160e-01 -3.96718e-01 -8.28171e-01 3.74428e-04 
 10800 249.601 23.396 1.02512e+00 1.82093e+04 0.00000e+00 -1.22799e-01 1.87691e-01 -3.05692e-01 -1.23005e+00 9.98338e-05 
 10900 218.350 12.580 1.59575e+00 3.71049e+04 0.00000e+00 -1.79924e-01 1.00395e-01 -2.94917e-01 -1.18717e+00 8.62034e-03 
 11000 226.886 24.305 1.05208e+00 5.17613e+04 0.00000e+00 -3.00470e-01 1.79526e-01 -3.21244e-01 -1.18039e+00 2.47524e-03 
 11100 224.911 21.273 1.00723e+00 2.27409e+04 0.00000e+00 -1.96598e-02 2.63920e-01 -5.24858e-01 -9.23385e-01 1.28689e-04 
 11200 249.296 22.000 1.04031e+00 2.68133e+04 0.00000e+00 -2.54412e-01 5.29560e-02 -4.96859e-01 -1.24306e+00 2.60892e-04 
 11300 233.202 22.438 1.00777e+00 2.50991e+04 0.00000e+00 -3.29808e-01 1.27625e-01 -7.63567e-01 -1.10321e+00 1.94479e-04 
 11400 248.490 27.381 1.06372e+00 1.62658e+04 0.00000e+00 1.63174e-01 4.75882e-01 -1.41320e-01 -6.94802e-01 7.61379e-05 
 11500 248.777 23.179 1.07768e+00 2.65534e+04 0.00000e+00 -1.30772e-01 2.02967e-01 -4.04471e-01 -8.63980e-01 2.52870e-04 
 11600 237.903 14.997 1.44881e+00 2.63927e+04 0.00000e+00 -1.84579e-02 3.34020e-01 -3.39432e-01 -9.82571e-01 1.43678e-03 
 11700 254.741 25.636 1.00700e+00 7.35404e+03 0.00000e+00 1.14115e-01 2.57786e-01 -3.73063e-01 -9.83669e-01 3.08560e-05 
 11800 274.844 28.901 1.01466e+00 1.27570e+04 0.00000e+00 5.74178e-02 4.20149e-01 -4.11120e-01 -9.78540e-01 4.91029e-05 
 11900 242.197 23.567 1.00888e+00 4.41291e+04 0.00000e+00 -1.31809e-01 9.97380e-02 -3.80338e-01 -1.18760e+00 9.92025e-04 
 12000 187.334 14.457 1.24432e+00 1.92135e+04 0.00000e+00 4.25239e-02 3.32083e-01 -3.92704e-01 -9.23469e-01 2.75369e-04 
 12100 243.802 25.635 1.00231e+00 4.99986e+03 0.00000e+00 4.72381e-02 3.61496e-01 -2.78581e-01 -7.47877e-01 2.33921e-05 
 12200 218.962 19.898 1.00947e+00 2.09758e+04 0.00000e+00 -6.73120e-02 2.65876e-01 -4.65939e-01 -1.19897e+00 1.11362e-04 
 12300 234.467 23.270 1.00468e+00 3.11296e+04 0.00000e+00 -2.52435e-01 2.45569e-01 -5.32520e-01 -9.47571e-01 2.89870e-04 
 12400 220.115 18.696 1.04254e+00 3.66911e+04 0.00000e+00 -2.16850e-01 1.92780e-01 -6.08651e-01 -1.29824e+00 6.43750e-04 
 12500 248.099 24.788 1.01156e+00 2.06685e+04 0.00000e+00 1.00250e-02 1.01146e-01 -3.85677e-01 -1.16913e+00 1.07220e-04 
 12600 249.753 23.951 1.01871e+00 1.55886e+04 0.00000e+00 -1.48545e-01 1.67333e-01 -4.16866e-01 -1.15661e+00 7.52052e-05 
 12700 223.059 17.553 1.16983e+00 4.45578e+04 0.00000e+00 -1.77724e-01 3.55128e-01 -3.70753e-01 -1.11518e+00 2.11410e-03 
 12800 235.093 23.426 1.02016e+00 6.88713e+02 0.00000e+00 3.28253e-02 3.98848e-01 -5.70168e-01 -1.09011e+00 1.78633e-05 
 12900 241.252 23.529 1.00887e+00 4.78050e+04 0.00000e+00 -1.91885e-01 6.90393e-02 -5.59014e-01 -1.10659e+00 1.53435e-03 
 13000 251.157 25.325 1.01274e+00 5.43444e+03 0.00000e+00 2.17225e-02 2.92739e-01 -4.09136e-01 -1.26783e+00 2.65085e-05 
 13100 203.470 15.371 1.15073e+00 4.38468e+03 0.00000e+00 1.11282e-01 3.24943e-01 -4.90438e-01 -9.50008e-01 4.69257e-05 
 13200 239.087 24.093 1.02994e+00 3.01131e+03 0.00000e+00 8.07797e-02 4.31715e-01 -2.23168e-01 -9.84279e-01 2.10222e-05 
 13300 240.501 22.315 1.05595e+00 1.08731e+04 0.00000e+00 1.76996e-01 4.22671e-01 -3.35154e-01 -7.83279e-01 4.97901e-05 
 13400 233.593 21.987 1.11469e+00 2.48838e+04 0.00000e+00 6.36926e-02 2.33613e-01 -4.75276e-01 -8.80421e-01 2.57673e-04 
 13500 224.279 20.124 1.06200e+00 1.88497e+04 0.00000e+00 1.09254e-01 3.39330e-01 -4.24989e-01 -8.24733e-01 1.10777e-04 
 13600 245.428 23.887 1.03385e+00 2.23551e+04 0.00000e+00 5.51563e-02 3.56936e-01 -2.34272e-01 -7.90011e-01 1.23305e-04 
 13700 244.446 26.452 1.01609e+00 5.16263e+03 0.00000e+00 1.47116e-01 2.83651e-01 -1.82605e-01 -9.27780e-01 2.40713e-05 
 13800 219.794 20.505 1.00676e+00 3.11614e+04 0.00000e+00 -1.27298e-01 2.48250e-01 -4.71922e-01 -1.13518e+00 3.06490e-04 
 13900 248.213 24.871 1.00488e+00 1.19840e+04 0.00000e+00 -7.86050e-03 1.21495e-01 -3.48655e-01 -1.18553e+00 4.91033e-05 
 14000 225.296 18.978 1.02128e+00 5.15957e+04 0.00000e+00 -3.41297e-01 5.01809e-02 -7.95748e-01 -1.52214e+00 2.52390e-03 
 14100 239.681 16.925 1.43070e+00 5.08525e+04 0.00000e+00 -3.77631e-01 -9.69991e-02 -5.98106e-01 -1.35581e+00 1.54975e-02 
 14200 224.308 16.708 1.27199e+00 3.40710e+04 0.00000e+00 -1.79141e-01 1.36924e-03 -4.76941e-01 -1.00961e+00 1.37328e-03 
 14300 238.650 22.119 1.02431e+00 1.79401e+04 0.00000e+00 -9.64393e-02 2.67493e-01 -3.62892e-01 -1.18445e+00 9.27723e-05 
 14400 253.740 23.891 1.07142e+00 2.40846e+04 0.00000e+00 -1.36288e-01 2.77421e-01 -4.36329e-01 -8.90997e-01 1.98520e-04 
 14500 260.921 28.658 1.00953e+00 3.17690e+04 0.00000e+00 -7.16528e-02 2.66358e-01 -3.15007e-01 -9.35527e-01 2.88560e-04 
 14600 223.145 22.727 1.00995e+00 3.74610e+04 0.00000e+00 -1.04793e-02 2.20192e-01 -3.50895e-01 -1.16322e+00 5.04363e-04 
 14700 225.583 19.795 1.01030e+00 4.18371e+04 0.00000e+00 -2.54819e-01 9.81822e-03 -5.36846e-01 -9.50565e-01 8.38246e-04 
 14800 243.611 22.565 1.02735e+00 1.67429e+04 0.00000e+00 4.07099e-01 3.92612e-01 -1.53136e-01 -1.09966e+00 7.19080e-05 
 14900 228.044 21.690 1.05863e+00 2.98603e+04 0.00000e+00 -7.00492e-02 3.29537e-01 -3.21450e-01 -1.18788e+00 3.18597e-04 
 15000 237.177 23.645 1.03537e+00 5.59787e+04 0.00000e+00 -4.52143e-01 7.93098e-02 -5.10758e-01 -1.00462e+00 3.63627e-03 
 15100 228.443 23.788 1.01912e+00 5.57548e+04 0.00000e+00 -3.27684e-01 2.24253e-01 -3.78406e-01 -9.26708e-01 3.00615e-03 
 15200 236.887 22.572 1.01848e+00 3.44941e+04 0.00000e+00 -1.22768e-01 1.69519e-01 -4.39452e-01 -1.10405e+00 4.29083e-04 
 15300 246.868 15.722 1.55552e+00 1.49840e+03 0.00000e+00 1.75837e-01 2.88028e-01 -4.74332e-01 -6.47213e-01 2.20731e-04 
 15400 276.158 27.131 1.02116e+00 1.35277e+03 0.00000e+00 -5.80897e-03 4.22277e-01 -4.75005e-01 -9.18715e-01 1.94533e-05 
 15500 263.222 25.036 1.08503e+00 3.79674e+04 0.00000e+00 -1.29148e-01 2.05133e-01 -2.35084e-01 -8.31230e-01 7.21850e-04 
 15600 227.406 23.863 1.00249e+00 1.88796e+04 0.00000e+00 -1.17448e-01 2.87434e-01 -3.98961e-01 -1.21466e+00 9.00231e-05 
 15700 259.094 25.618 1.03279e+00 6.57664e+04 0.00000e+00 -5.07069e-01 1.15502e-01 -4.49851e-01 -8.93902e-01 8.82103e-03 
 15800 235.937 23.220 1.03539e+00 3.93094e+04 0.00000e+00 1.61239e-01 4.05553e-01 -2.97568e-01 -9.56076e-01 5.84894e-04 
 15900 216.235 20.362 1.01859e+00 1.56526e+04 0.00000e+00 -4.00060e-03 1.44262e-01 -3.60622e-01 -1.13947e+00 7.59954e-05 
 16000 222.571 19.437 1.07018e+00 2.10587e+04 0.00000e+00 2.44046e-01 3.37288e-01 -9.02556e-02 -9.34605e-01 1.28393e-04 
 16100 226.765 20.329 1.12871e+00 2.77757e+03 0.00000e+00 9.76611e-02 2.20024e-01 -3.94450e-01 -8.05024e-01 3.36850e-05 
 16200 244.016 25.046 1.01840e+00 2.12438e+04 0.00000e+00 -1.29863e-01 1.93124e-01 -3.09109e-01 -1.28106e+00 1.20398e-04 
 16300 271.240 16.041 1.59099e+00 4.10899e+03 0.00000e+00 1.47816e-01 2.28905e-01 -4.92612e-01 -9.62513e-01 3.68081e-04 
 16400 234.673 21.926 1.09845e+00 3.23067e+04 0.00000e+00 1.53729e-01 2.31944e-01 -2.62778e-01 -9.63491e-01 4.31738e-04 
 16500 204.567 20.654 1.00333e+00 1.75538e+04 0.00000e+00 3.71906e-02 3.02173e-01 -2.00866e-01 -1.05280e+00 7.19932e-05 
 16600 231.962 20.263 1.02939e+00 2.77536e+04 0.00000e+00 5.17192e-02 3.49057e-01 -2.82402e-01 -1.24492e+00 2.12368e-04 
 16700 266.301 25.249 1.06777e+00 1.86831e+04 0.00000e+00 -1.28020e-01 2.07958e-01 -5.59378e-01 -1.23444e+00 1.32498e-04 
 16800 227.545 22.460 1.01311e+00 1.22410e+03 0.00000e+00 1.60545e-01 3.09011e-01 -4.38032e-01 -1.26938e+00 1.81246e-05 
 16900 227.225 23.728 1.00076e+00 4.56477e+04 0.00000e+00 -1.18638e-01 1.78403e-01 -3.70660e-01 -1.18794e+00 1.03409e-03 
 17000 231.184 21.271 1.08097e+00 1.82371e+04 0.00000e+00 -3.73314e-02 1.45505e-01 -4.22104e-01 -1.20090e+00 1.31242e-04 
 17100 240.938 23.158 1.05550e+00 1.36225e+04 0.00000e+00 -1.80715e-01 8.53885e-02 -4.19342e-01 -1.09967e+00 7.46537e-05 
 17200 238.615 20.622 1.16845e+00 1.81944e+04 0.00000e+00 -2.72641e-02 2.90019e-01 -4.56295e-01 -8.33843e-01 1.73774e-04 
 17300 216.993 21.535 1.03240e+00 2.77550e+04 0.00000e+00 -8.06484e-02 2.06485e-01 -4.45686e-01 -1.08490e+00 2.29337e-04 
 17400 257.032 27.421 1.00210e+00 1.52022e+04 0.00000e+00 -1.03072e-01 3.29663e-01 -4.47135e-01 -1.10747e+00 6.20839e-05 
 17500 246.089 24.501 1.01753e+00 6.70907e+03 0.00000e+00 -1.06771e-02 2.14138e-01 -4.96991e-01 -9.37746e-01 3.27016e-05 
 17600 253.111 24.640 1.01520e+00 1.51960e+04 0.00000e+00 -1.89524e-01 2.80202e-01 -4.93766e-01 -1.24110e+00 6.99255e-05 
 17700 248.874 23.340 1.00109e+00 1.55642e+04 0.00000e+00 -1.90217e-02 2.02695e-01 -4.21462e-01 -1.11633e+00 6.25234e-05 
 17800 256.363 25.714 1.03221e+00 2.66254e+04 0.00000e+00 -2.94746e-01 6.22293e-04 -5.44144e-01 -1.02975e+00 2.37403e-04 
 17900 193.806 17.618 1.03992e+00 1.41946e+04 0.00000e+00 -4.35067e-02 2.51170e-01 -4.15572e-01 -9.14015e-01 7.11873e-05 
 18000 238.608 26.256 1.01691e+00 4.31036e+04 0.00000e+00 -1.65751e-01 2.29677e-01 -3.28935e-01 -1.04904e+00 8.84931e-04 
 18100 247.780 26.220 1.00613e+00 2.26391e+04 0.00000e+00 -7.60379e-02 2.65037e-01 -2.54951e-01 -1.07884e+00 1.21697e-04 
 18200 231.852 22.583 1.00892e+00 7.64185e+03 0.00000e+00 1.01733e-01 5.74916e-01 -3.10596e-01 -6.55888e-01 2.71649e-05 
 18300 229.087 21.252 1.05117e+00 2.19330e+04 0.00000e+00 3.65267e-02 2.03706e-01 -4.91552e-01 -1.09177e+00 1.57550e-04 
 18400 275.718 27.511 1.04335e+00 2.41519e+04 0.00000e+00 -2.20157e-01 5.39296e-02 -5.30547e-01 -1.11833e+00 1.93609e-04 
 18500 233.276 21.222 1.01129e+00 9.99554e+03 0.00000e+00 9.94045e-04 2.62204e-01 -3.97890e-01 -1.06542e+00 3.97791e-05 
 18600 254.503 13.358 1.69872e+00 1.26178e+03 0.00000e+00 2.25560e-01 3.11061e-01 -3.63372e-01 -7.52703e-01 4.28883e-04 
 18700 252.222 25.659 1.00540e+00 1.92505e+04 0.00000e+00 2.76852e-02 2.67437e-01 -4.22449e-01 -9.57873e-01 8.81794e-05 
 18800 235.060 24.408 1.00841e+00 4.48641e+03 0.00000e+00 -7.20634e-02 3.76917e-01 -3.06099e-01 -9.07211e-01 2.36545e-05 
 18900 239.721 24.292 1.04027e+00 2.16585e+04 0.00000e+00 6.18270e-04 3.41661e-01 -2.15604e-01 -9.91900e-01 1.25311e-04 
 19000 249.634 22.602 1.19828e+00 2.03689e+04 0.00000e+00 -4.84823e-02 3.35800e-01 -3.91604e-01 -1.11693e+00 2.47915e-04 
 19100 227.335 21.969 1.02531e+00 4.15102e+04 0.00000e+00 -1.25547e-01 8.93055e-02 -4.40406e-01 -1.03287e+00 8.24857e-04 
 19200 251.791 25.231 1.06948e+00 8.29989e+03 0.00000e+00 7.71846e-02 3.95621e-01 -3.37582e-01 -9.38062e-01 4.00776e-05 
 19300 249.685 24.653 1.11070e+00 2.73370e+04 0.00000e+00 -2.99414e-01 6.06512e-03 -4.07125e-01 -1.24344e+00 3.87773e-04 
 19400 235.464 24.063 1.01448e+00 1.35822e+04 0.00000e+00 5.02470e-03 3.83990e-01 -2.13769e-01 -8.29642e-01 5.15276e-05 
 19500 213.665 19.914 1.04684e+00 2.32273e+04 0.00000e+00 -2.35666e-02 3.18098e-01 -3.30537e-01 -9.05037e-01 1.53601e-04 
 19600 233.261 21.571 1.06177e+00 2.38232e+04 0.00000e+00 2.71397e-02 1.28840e-03 -3.88808e-01 -1.05345e+00 1.83628e-04 
 19700 234.265 23.750 1.04436e+00 9.20509e+03 0.00000e+00 -9.89821e-04 1.39734e-01 -3.30259e-01 -1.08284e+00 4.49783e-05 
 19800 240.099 24.332 1.05054e+00 9.49635e+03 0.00000e+00 3.11348e-03 3.12058e-01 -4.40879e-01 -8.19630e-01 4.55947e-05 
 19900 249.242 24.205 1.05491e+00 2.49307e+04 0.00000e+00 -3.43241e-02 2.54195e-01 -3.57949e-01 -1.01895e+00 1.97606e-04 
 20000 236.413 22.953 1.04090e+00 3.27275e+04 0.00000e+00 -3.41728e-01 6.60024e-02 -6.19457e-01 -1.34666e+00 4.50947e-04 
 20100 262.903 23.869 1.03963e+00 2.10534e+04 0.00000e+00 -2.25122e-01 9.47108e-02 -7.11234e-01 -1.41614e+00 1.61085e-04 
 20200 251.589 22.534 1.01676e+00 1.22352e+04 0.00000e+00 -3.10817e-02 1.04129e-01 -5.60679e-01 -1.08274e+00 5.80614e-05 
 20300 240.552 16.346 1.30803e+00 2.47237e+04 0.00000e+00 1.05731e-01 1.97674e-01 -4.68204e-01 -1.24818e+00 6.77638e-04 
 20400 232.155 22.535 1.01461e+00 3.75413e+04 0.00000e+00 -3.35248e-01 -7.01401e-03 -4.04052e-01 -1.17841e+00 6.29068e-04 
 20500 251.651 25.088 1.02309e+00 4.71013e+04 0.00000e+00 -5.65540e-02 2.87316e-01 -2.74277e-01 -1.21483e+00 1.29503e-03 
 20600 246.967 27.159 1.00081e+00 1.59160e+04 0.00000e+00 -5.90796e-02 2.66690e-01 -4.88964e-01 -9.23381e-01 6.46446e-05 
 20700 231.077 23.163 1.02686e+00 4.82929e+04 0.00000e+00 -1.36454e-01 1.80448e-01 -3.85208e-01 -1.04437e+00 1.50114e-03 
 20800 260.261 23.112 1.06197e+00 2.59482e+04 0.00000e+00 -1.04076e-01 2.84504e-01 -4.27175e-01 -7.48407e-01 2.12158e-04 
 20900 241.284 22.392 1.03986e+00 1.34351e+04 0.00000e+00 4.56134e-02 4.43345e-01 -3.41196e-01 -1.01709e+00 6.06101e-05 
 21000 254.902 23.574 1.15831e+00 9.20707e+03 0.00000e+00 3.37087e-01 3.63684e-01 -2.76254e-01 -8.68617e-01 6.55561e-05 
 21100 239.338 24.113 1.00467e+00 2.52396e+04 0.00000e+00 -1.63173e-01 5.88526e-02 -3.61211e-01 -8.85128e-01 1.65542e-04 
 21200 238.788 25.615 1.00104e+00 4.52549e+04 0.00000e+00 -2.95752e-01 1.99738e-01 -7.01697e-01 -1.02667e+00 1.08281e-03 
 21300 227.154 24.544 1.01610e+00 3.77461e+04 0.00000e+00 -1.94778e-01 1.56423e-01 -3.29823e-01 -9.89105e-01 5.38883e-04 
 21400 240.556 26.251 1.00363e+00 4.85863e+04 0.00000e+00 -1.30992e-01 2.45114e-01 -3.27796e-01 -1.00297e+00 1.44868e-03 
 21500 236.184 26.604 1.03367e+00 1.36902e+04 0.00000e+00 -9.08746e-02 5.19301e-01 -2.31331e-01 -9.70385e-01 5.90453e-05 
 21600 237.059 22.823 1.06843e+00 4.68010e+04 0.00000e+00 -1.07189e-01 2.96783e-01 -3.00564e-01 -7.42252e-01 1.49997e-03 
 21700 281.949 30.073 1.03810e+00 7.45504e+03 0.00000e+00 -5.25814e-02 1.83077e-01 -4.19321e-01 -9.47814e-01 3.54612e-05 
 21800 258.597 24.187 1.12660e+00 2.82798e+04 0.00000e+00 -1.88972e-01 1.10468e-01 -4.73124e-01 -9.04531e-01 4.02182e-04 
 21900 268.145 10.701 2.05284e+00 1.10538e+04 0.00000e+00 4.94818e-02 3.34095e-01 -3.43138e-01 -1.06999e+00 6.24451e-03 
 22000 243.130 24.268 1.04978e+00 2.86895e+04 0.00000e+00 -1.25038e-01 2.06158e-01 -3.81317e-01 -9.12500e-01 2.75663e-04 
 22100 224.041 24.095 1.00495e+00 2.13089e+04 0.00000e+00 -1.25292e-01 4.25331e-01 -3.57886e-01 -7.59173e-01 1.04209e-04 
 22200 253.414 26.228 1.00054e+00 2.38518e+04 0.00000e+00 4.58365e-02 2.84387e-01 -2.88669e-01 -9.94567e-01 1.31660e-04 
 22300 196.236 18.185 1.03429e+00 3.08047e+04 0.00000e+00 -3.69275e-02 1.98707e-01 -4.15712e-01 -9.36295e-01 3.16127e-04 
 22400 217.554 20.734 1.08977e+00 2.66129e+04 0.00000e+00 -1.57646e-01 3.09528e-01 -4.26833e-01 -1.11507e+00 2.82826e-04 
 22500 245.032 24.635 1.00259e+00 1.67805e+04 0.00000e+00 -1.23040e-01 9.29730e-02 -4.27906e-01 -1.23939e+00 8.03561e-05 
 22600 230.205 20.386 1.07729e+00 2.07473e+04 0.00000e+00 1.30791e-02 3.27549e-01 -3.70838e-01 -1.26926e+00 1.53592e-04 
 22700 209.136 21.720 1.00379e+00 1.94059e+04 0.00000e+00 -1.48338e-01 4.71938e-02 -4.19307e-01 -1.10857e+00 1.01735e-04 
 22800 217.005 23.911 1.00641e+00 1.62594e+04 0.00000e+00 -1.88739e-02 5.07250e-01 -3.62571e-01 -7.58096e-01 6.67586e-05 
 22900 224.287 21.281 1.05859e+00 2.02385e+04 0.00000e+00 -1.40721e-01 1.19078e-01 -4.35023e-01 -1.02211e+00 1.45557e-04 
 23000 217.797 19.834 1.10740e+00 2.45392e+04 0.00000e+00 6.21873e-02 2.63232e-01 -2.82256e-01 -1.00451e+00 2.19023e-04 
 23100 261.187 27.459 1.00077e+00 1.82996e+04 0.00000e+00 -4.84641e-02 3.31082e-01 -3.27979e-01 -7.31263e-01 7.63708e-05 
 23200 232.514 15.653 1.48785e+00 3.20772e+04 0.00000e+00 -6.38149e-02 4.20173e-02 -4.22697e-01 -1.23160e+00 3.32401e-03 
 23300 236.797 23.243 1.00635e+00 1.34853e+04 0.00000e+00 -5.30910e-03 2.99070e-01 -3.71339e-01 -1.02915e+00 5.40060e-05 
 23400 233.356 22.518 1.05794e+00 2.30450e+04 0.00000e+00 1.47120e-01 4.20679e-01 -1.44095e-01 -9.08338e-01 1.55638e-04 
 23500 232.428 22.570 1.04919e+00 2.66383e+04 0.00000e+00 2.50796e-02 3.34170e-01 -2.76718e-01 -9.74503e-01 2.02274e-04 
 23600 237.910 22.333 1.04410e+00 1.24614e+04 0.00000e+00 2.14634e-02 4.19682e-01 -3.48504e-01 -1.20214e+00 6.11229e-05 
 23700 241.861 24.947 1.07581e+00 4.17016e+04 0.00000e+00 4.70631e-02 3.17497e-01 -8.27568e-02 -7.48275e-01 9.52292e-04 
 23800 195.409 17.852 1.02402e+00 2.77512e+04 0.00000e+00 -1.29120e-01 3.22263e-01 -3.83633e-01 -1.07537e+00 2.34385e-04 
 23900 230.758 23.936 1.02397e+00 3.58912e+03 0.00000e+00 1.13301e-01 3.21694e-01 -3.74644e-01 -9.03060e-01 2.27263e-05 
 24000 231.511 19.536 1.14010e+00 8.41196e+03 0.00000e+00 6.74361e-02 3.70406e-01 -4.52414e-01 -9.33839e-01 6.36543e-05 
 24100 223.244 22.904 1.00614e+00 2.94850e+04 0.00000e+00 -8.59850e-02 2.24618e-01 -4.22636e-01 -8.62756e-01 2.46571e-04 
 24200 246.403 21.888 1.10104e+00 3.23199e+04 0.00000e+00 -1.65215e-01 1.62281e-01 -5.31651e-01 -1.07900e+00 5.42551e-04 
 24300 233.100 23.415 1.01820e+00 2.64237e+04 0.00000e+00 -1.83062e-01 -5.16847e-02 -5.00072e-01 -1.27577e+00 2.14113e-04 
 24400 275.839 30.798 1.02958e+00 2.74252e+04 0.00000e+00 -2.12068e-02 3.77180e-01 -3.92626e-01 -8.48949e-01 2.00309e-04 
 24500 221.396 15.920 1.21566e+00 8.55071e+03 0.00000e+00 2.75060e-01 4.11906e-01 -3.96598e-01 -9.22921e-01 8.24426e-05 
 24600 242.538 21.094 1.06735e+00 3.54626e+04 0.00000e+00 -7.71293e-02 3.26412e-01 -5.03670e-01 -9.86017e-01 5.61108e-04 
 24700 239.335 23.120 1.00778e+00 1.06935e+04 0.00000e+00 -1.53734e-01 2.56250e-01 -3.80394e-01 -1.05586e+00 4.29697e-05 
 24800 250.750 25.262 1.01883e+00 3.05651e+04 0.00000e+00 -2.11074e-01 1.09935e-01 -3.59935e-01 -1.30542e+00 3.17280e-04 
 24900 246.578 25.136 1.02224e+00 1.07795e+04 0.00000e+00 -1.31679e-02 2.60545e-01 -3.35630e-01 -1.00556e+00 4.51652e-05 
 25000 280.260 29.538 1.06660e+00 2.62189e+03 0.00000e+00 3.21723e-01 5.81811e-01 -7.67208e-02 -9.77799e-01 2.15116e-05 
 25100 243.791 23.395 1.01262e+00 2.17676e+04 0.00000e+00 -1.16955e-01 1.27488e-01 -5.91530e-01 -1.01887e+00 1.32162e-04 
 25200 226.336 22.707 1.03098e+00 3.96669e+04 0.00000e+00 -1.91245e-01 1.84606e-01 -3.64962e-01 -9.40707e-01 6.96696e-04 
 25300 215.619 19.247 1.01260e+00 2.85709e+04 0.00000e+00 -1.05051e-01 1.84977e-01 -2.62648e-01 -7.96822e-01 2.21769e-04 
 25400 255.702 28.622 1.04239e+00 6.35086e+03 0.00000e+00 -9.33336e-02 2.98526e-01 -4.39957e-01 -9.35408e-01 3.46882e-05 
 25500 229.974 21.630 1.00169e+00 3.85823e+04 0.00000e+00 -1.80735e-01 2.69404e-01 -4.55348e-01 -7.61337e-01 5.51891e-04 
 25600 255.698 24.988 1.01043e+00 1.41811e+04 0.00000e+00 2.95104e-02 2.30287e-01 -4.17579e-01 -1.13924e+00 6.08228e-05 
 25700 265.577 26.465 1.02221e+00 1.98658e+04 0.00000e+00 -1.07597e-01 4.60669e-02 -4.57640e-01 -1.06123e+00 1.13830e-04 
 25800 230.398 23.979 1.01343e+00 3.08387e+04 0.00000e+00 -1.31081e-01 9.38307e-02 -2.46136e-01 -9.16185e-01 2.82753e-04 
 25900 271.692 23.997 1.17641e+00 2.81300e+04 0.00000e+00 -2.26331e-01 1.58402e-01 -6.13856e-01 -1.27859e+00 5.31944e-04 
 26000 243.881 25.377 1.02997e+00 5.30303e+04 0.00000e+00 -4.62190e-01 1.42246e-01 -3.42997e-01 -1.18261e+00 2.59128e-03 
 26100 262.089 24.958 1.11866e+00 3.78486e+04 0.00000e+00 -2.67663e-01 2.76375e-01 -4.35186e-01 -1.12097e+00 8.81820e-04 
 26200 215.334 19.012 1.12205e+00 2.86543e+04 0.00000e+00 -8.09366e-02 3.52775e-01 -2.11191e-01 -9.10702e-01 3.52948e-04 
 26300 246.633 23.356 1.02200e+00 9.68291e+03 0.00000e+00 8.73398e-03 2.80356e-01 -3.52205e-01 -1.08097e+00 4.11349e-05 
 26400 231.116 25.056 1.02626e+00 3.19248e+04 0.00000e+00 3.44048e-03 3.87401e-01 -1.98627e-01 -1.11596e+00 3.01869e-04 
 26500 234.146 23.596 1.03816e+00 3.25425e+04 0.00000e+00 -1.16926e-01 2.61411e-01 -4.92499e-01 -1.22335e+00 3.83431e-04 
 26600 221.315 23.123 1.01192e+00 1.06691e+04 0.00000e+00 2.75375e-02 5.43986e-01 -3.10770e-01 -8.99414e-01 3.88108e-05 
 26700 228.481 20.548 1.02966e+00 9.48642e+03 0.00000e+00 1.26464e-01 5.27187e-01 -3.07784e-01 -6.12865e-01 3.76536e-05 
 26800 275.043 24.169 1.08900e+00 2.97985e+04 0.00000e+00 -1.91120e-01 2.08061e-01 -4.81180e-01 -1.21185e+00 4.05506e-04 
 26900 194.308 16.752 1.10204e+00 1.12010e+04 0.00000e+00 -3.87310e-02 3.25597e-01 -4.01928e-01 -9.77214e-01 6.86978e-05 
 27000 212.661 18.361 1.08130e+00 4.92043e+04 0.00000e+00 -2.02994e-01 4.52538e-02 -5.65637e-01 -1.24503e+00 2.25697e-03 
 27100 231.764 25.363 1.00129e+00 1.71929e+04 0.00000e+00 1.73764e-01 3.39205e-01 -4.30789e-01 -9.94589e-01 6.93248e-05 
 27200 230.061 18.861 1.07567e+00 2.17710e+04 0.00000e+00 2.83776e-03 1.27378e-01 -1.98487e-01 -1.06736e+00 1.68139e-04 
 27300 254.372 25.237 1.04799e+00 2.38620e+04 0.00000e+00 -7.29307e-02 2.24103e-01 -2.15742e-01 -1.02171e+00 1.66864e-04 
 27400 226.334 22.368 1.00123e+00 5.31364e+03 0.00000e+00 -1.10741e-02 3.36045e-01 -4.35420e-01 -8.45210e-01 2.59740e-05 
 27500 209.526 18.932 1.10334e+00 5.36378e+04 0.00000e+00 -2.76730e-01 1.15139e-01 -5.10882e-01 -1.25412e+00 4.04770e-03 
 27600 262.008 26.065 1.08524e+00 3.59011e+04 0.00000e+00 -1.52125e-01 1.43827e-01 -5.84476e-01 -1.16308e+00 6.63993e-04 
 27700 215.653 7.288 2.41920e+00 1.82865e+04 0.00000e+00 -1.98957e-01 6.51517e-02 -7.43189e-01 -9.03029e-01 8.24339e-02 
 27800 269.606 10.457 2.12937e+00 2.35870e+04 0.00000e+00 1.26951e-01 2.67825e-01 -3.47059e-01 -1.12426e+00 2.80399e-02 
 27900 222.425 22.364 1.02424e+00 4.59759e+04 0.00000e+00 -1.61297e-01 2.27400e-01 -3.39352e-01 -8.75460e-01 1.14227e-03 
 28000 247.040 24.209 1.01114e+00 3.96563e+04 0.00000e+00 -2.45159e-01 2.83001e-03 -2.90215e-01 -1.12957e+00 6.58073e-04 
 28100 230.570 21.338 1.01731e+00 1.00422e+04 0.00000e+00 -2.52714e-02 3.61893e-01 -3.92929e-01 -1.23694e+00 4.05243e-05 
 28200 254.184 23.862 1.00134e+00 3.49217e+04 0.00000e+00 -2.24916e-01 3.13612e-03 -4.82261e-01 -1.22317e+00 4.40566e-04 
 28300 249.713 24.482 1.01897e+00 1.04657e+04 0.00000e+00 -1.92067e-02 2.24254e-01 -4.76286e-01 -1.28575e+00 4.68066e-05 
 28400 226.463 23.080 1.00611e+00 2.50581e+04 0.00000e+00 -1.66050e-01 2.15329e-01 -4.37937e-01 -9.46476e-01 1.62530e-04 
 28500 219.766 15.683 1.35940e+00 2.44450e+04 0.00000e+00 -4.13306e-02 2.00895e-01 -3.40882e-01 -9.88395e-01 8.02247e-04 
 28600 227.138 15.007 1.42043e+00 1.75093e+04 0.00000e+00 2.49972e-02 2.79749e-01 -2.92822e-01 -9.72960e-01 5.56470e-04 
 28700 215.599 19.931 1.09070e+00 9.90779e+03 0.00000e+00 9.09450e-03 4.29396e-01 -2.76383e-01 -9.94976e-01 5.44303e-05 
 28800 238.984 22.932 1.06015e+00 1.42247e+04 0.00000e+00 -6.82524e-02 2.53561e-01 -3.32650e-01 -9.32060e-01 7.43625e-05 
 28900 236.176 20.939 1.10143e+00 4.74115e+04 0.00000e+00 -1.86795e-01 1.99892e-01 -4.17161e-01 -8.58110e-01 2.10023e-03 
 29000 255.723 27.237 1.00069e+00 9.12606e+03 0.00000e+00 -8.75307e-02 2.91067e-01 -2.60491e-01 -6.38638e-01 3.23380e-05 
 29100 246.414 27.132 1.05088e+00 8.73902e+03 0.00000e+00 1.19024e-01 3.52584e-01 -2.36710e-01 -9.12438e-01 3.79379e-05 
 29200 232.940 24.337 1.01158e+00 8.79739e+03 0.00000e+00 -1.49322e-02 3.84254e-01 -3.78105e-01 -6.53878e-01 3.37097e-05 
 29300 243.803 22.125 1.03143e+00 5.30633e+03 0.00000e+00 1.06845e-01 2.32693e-01 -4.22496e-01 -1.15405e+00 2.93228e-05 
 29400 228.599 21.810 1.08663e+00 4.46069e+04 0.00000e+00 -4.31951e-02 2.15776e-01 -4.65878e-01 -8.12552e-01 1.39059e-03 
 29500 251.434 25.406 1.04219e+00 3.57633e+04 0.00000e+00 -6.98553e-02 2.45385e-01 -5.46170e-01 -8.64896e-01 5.26444e-04 
 29600 240.570 22.881 1.04120e+00 2.57799e+04 0.00000e+00 -1.50108e-01 1.65792e-01 -3.80505e-01 -1.19926e+00 2.07483e-04 
 29700 224.779 21.982 1.00071e+00 3.19104e+03 0.00000e+00 8.64797e-02 2.38581e-01 -5.94439e-01 -1.00816e+00 2.08952e-05 
 29800 228.623 25.809 1.01707e+00 3.43789e+04 0.00000e+00 -6.50962e-02 3.02052e-01 -1.43851e-01 -8.66670e-01 3.81623e-04 
 29900 216.436 18.974 1.09723e+00 1.76473e+03 0.00000e+00 1.45542e-01 4.55063e-01 -1.73910e-01 -1.02411e+00 2.61079e-05 
 30000 217.088 21.915 1.06567e+00 1.12564e+04 0.00000e+00 1.46584e-01 2.37018e-01 -2.67199e-01 -8.58449e-01 5.58573e-05 
 30100 250.807 25.386 1.00778e+00 1.76399e+04 0.00000e+00 6.36977e-02 1.99692e-01 -2.74836e-01 -1.00828e+00 7.88268e-05 
 30200 219.484 20.654 1.08244e+00 7.31559e+03 0.00000e+00 1.05634e-01 2.72693e-01 -4.02052e-01 -9.97637e-01 4.21969e-05 
 30300 289.940 31.082 1.00436e+00 1.39473e+04 0.00000e+00 2.20864e-02 3.82850e-01 -5.78242e-01 -8.09727e-01 5.35517e-05 
 30400 252.809 26.819 1.01348e+00 3.03356e+04 0.00000e+00 -8.93255e-02 2.75967e-01 -4.00084e-01 -8.27631e-01 2.60397e-04 
 30500 239.531 22.569 1.00738e+00 3.19718e+04 0.00000e+00 -1.63382e-02 3.57361e-01 -3.17768e-01 -1.06855e+00 2.98967e-04 
 30600 237.627 23.557 1.02829e+00 2.44379e+04 0.00000e+00 -1.88254e-01 1.52976e-01 -3.37820e-01 -1.08062e+00 1.73387e-04 
 30700 234.580 12.792 1.61275e+00 3.28424e+04 0.00000e+00 -5.61381e-02 2.46074e-01 -3.87440e-01 -8.69139e-01 5.86706e-03 
 30800 252.765 24.763 1.10270e+00 2.12248e+04 0.00000e+00 4.08625e-02 2.26060e-01 -1.53212e-01 -9.21361e-01 1.70490e-04 
 30900 243.045 25.582 1.01056e+00 4.91456e+04 0.00000e+00 -9.92784e-02 1.88769e-01 -4.23369e-01 -1.12250e+00 1.51922e-03 
 31000 238.966 24.486 1.05651e+00 3.24313e+03 0.00000e+00 -1.99393e-01 9.75067e-02 -4.70500e-01 -1.17217e+00 2.83001e-05 
 31100 242.869 22.449 1.01944e+00 1.91000e+04 0.00000e+00 -1.74805e-01 3.54981e-01 -3.75711e-01 -7.49668e-01 9.64742e-05 
 31200 256.091 24.232 1.08280e+00 4.82040e+03 0.00000e+00 5.80601e-02 3.78700e-01 -5.43787e-01 -9.29834e-01 3.41692e-05 
 31300 239.093 22.866 1.06408e+00 3.35710e+04 0.00000e+00 -2.32319e-01 1.44728e-01 -4.63499e-01 -1.01221e+00 5.11084e-04 
 31400 251.001 25.647 1.01514e+00 1.08175e+04 0.00000e+00 -2.40487e-02 2.09747e-01 -2.91851e-01 -7.96696e-01 4.23916e-05 
 31500 232.843 21.288 1.01232e+00 5.21374e+03 0.00000e+00 2.43314e-01 3.11896e-01 -3.95029e-01 -9.80059e-01 2.42456e-05 
 31600 229.817 19.973 1.16660e+00 2.95835e+03 0.00000e+00 3.88840e-02 2.61882e-01 -2.85600e-01 -9.13780e-01 4.40129e-05 
 31700 270.891 27.489 1.01891e+00 2.45362e+04 0.00000e+00 -2.76079e-01 7.27163e-02 -5.30579e-01 -1.09783e+00 1.74180e-04 
 31800 240.177 23.501 1.07381e+00 6.28470e+04 0.00000e+00 -2.96591e-01 6.59468e-02 -1.71948e-01 -1.16744e+00 7.58362e-03 
 31900 246.406 23.488 1.05285e+00 1.90036e+04 0.00000e+00 2.11988e-01 2.19591e-01 -4.33059e-01 -1.04656e+00 1.06370e-04 
 32000 229.294 24.097 1.06830e+00 1.20426e+04 0.00000e+00 -1.72316e-01 3.46577e-01 -2.69851e-01 -9.68462e-01 6.42438e-05 
 32100 243.757 21.933 1.07897e+00 5.93238e+04 0.00000e+00 -1.71271e-01 4.49092e-02 -2.62418e-01 -9.75614e-01 5.58114e-03 
 32200 239.522 22.429 1.12041e+00 1.09556e+04 0.00000e+00 -2.60708e-02 2.71777e-01 -3.58477e-01 -8.46392e-01 7.06452e-05 
 32300 245.935 22.949 1.05305e+00 5.54593e+02 0.00000e+00 -4.43266e-02 1.36598e-01 -4.13663e-01 -9.42062e-01 2.05543e-05 
 32400 207.080 18.150 1.04844e+00 1.93814e+04 0.00000e+00 1.21007e-01 2.16310e-01 -3.12971e-01 -1.29071e+00 1.11330e-04 
 32500 228.522 18.995 1.09324e+00 4.61036e+03 0.00000e+00 1.37421e-02 3.47519e-01 -3.87249e-01 -1.03425e+00 3.44875e-05 
 32600 245.529 23.872 1.09350e+00 1.32455e+04 0.00000e+00 -1.21383e-02 3.67792e-01 -3.75294e-01 -1.08765e+00 7.82272e-05 
 32700 255.541 24.891 1.01489e+00 1.74556e+04 0.00000e+00 6.72061e-02 1.94515e-01 -3.54551e-01 -1.08751e+00 8.12435e-05 
 32800 249.708 25.857 1.02419e+00 1.79502e+04 0.00000e+00 1.56686e-01 3.06432e-01 -2.56788e-01 -7.41060e-01 7.77484e-05 
 32900 230.115 19.185 1.24696e+00 2.27376e+04 0.00000e+00 -1.82591e-01 1.23104e-01 -3.70142e-01 -1.04834e+00 4.36540e-04 
 33000 224.475 21.482 1.00994e+00 2.46524e+04 0.00000e+00 -1.98894e-01 7.26802e-02 -5.56649e-01 -1.22754e+00 1.67466e-04 
 33100 249.923 27.297 1.00477e+00 1.57684e+04 0.00000e+00 -7.45284e-02 2.61786e-01 -3.61129e-01 -9.05011e-01 6.61451e-05 
 33200 226.940 23.091 1.00258e+00 2.92466e+04 0.00000e+00 -5.13331e-02 6.34614e-02 -4.60408e-01 -1.00569e+00 2.45754e-04 
 33300 258.412 27.084 1.01048e+00 3.15248e+04 0.00000e+00 -2.29988e-01 2.07487e-01 -2.28103e-01 -7.23795e-01 2.83232e-04 
 33400 239.407 24.180 1.00692e+00 2.09333e+04 0.00000e+00 -7.92752e-02 2.88108e-01 -4.18980e-01 -6.90739e-01 1.06946e-04 
 33500 222.340 23.412 1.01184e+00 2.24338e+04 0.00000e+00 -8.45251e-02 2.10151e-01 -4.56635e-01 -1.15002e+00 1.32974e-04 
 33600 264.730 26.286 1.01483e+00 6.00914e+03 0.00000e+00 8.50831e-02 2.98876e-01 -4.00852e-01 -1.02089e+00 2.79002e-05 
 33700 229.433 20.912 1.00018e+00 8.75740e+03 0.00000e+00 1.82109e-01 3.74201e-01 -3.13057e-01 -1.02516e+00 3.16811e-05 
 33800 274.961 20.246 1.29065e+00 3.07769e+04 0.00000e+00 -2.00459e-01 1.49248e-01 -4.08323e-01 -8.03887e-01 1.07430e-03 
 33900 229.609 21.244 1.09065e+00 3.23156e+04 0.00000e+00 -1.56924e-01 1.67689e-01 -4.34671e-01 -9.60882e-01 4.74807e-04 
 34000 251.532 11.451 1.92713e+00 3.66583e+04 0.00000e+00 -6.21048e-02 -5.15531e-02 -4.49551e-01 -9.50548e-01 3.71482e-02 
 34100 239.155 23.235 1.00385e+00 4.71558e+04 0.00000e+00 -1.36925e-01 9.69528e-02 -2.86698e-01 -1.00888e+00 1.26738e-03 
 34200 216.101 20.381 1.00218e+00 2.73441e+04 0.00000e+00 -1.14266e-01 3.03335e-01 -3.40375e-01 -1.27226e+00 1.90059e-04 
 34300 220.612 18.804 1.04124e+00 1.48416e+04 0.00000e+00 -1.25321e-01 2.28986e-01 -4.64658e-01 -1.30702e+00 7.84473e-05 
 34400 226.346 23.939 1.03788e+00 6.17234e+04 0.00000e+00 -2.64499e-01 3.15953e-02 -4.44278e-01 -9.37488e-01 5.99148e-03 
 34500 236.143 24.058 1.03017e+00 2.60853e+04 0.00000e+00 -5.29030e-02 2.06594e-01 -4.28852e-01 -8.77948e-01 1.89989e-04 
 34600 258.816 10.172 2.09484e+00 1.70309e+04 0.00000e+00 -1.24304e-02 -8.31781e-02 -7.10469e-01 -1.02939e+00 1.48693e-02 
 34700 214.629 19.897 1.20827e+00 2.93215e+04 0.00000e+00 4.28687e-03 3.43739e-01 -1.85343e-01 -7.17944e-01 5.38283e-04 
 34800 214.375 22.110 1.03816e+00 1.49877e+04 0.00000e+00 2.95345e-03 4.63540e-01 -4.15179e-01 -9.69692e-01 6.87509e-05 
 34900 232.663 22.291 1.10879e+00 2.37049e+04 0.00000e+00 -1.62757e-01 1.51621e-01 -3.07740e-01 -1.02262e+00 2.37564e-04 
 35000 223.407 23.497 1.02338e+00 3.14943e+04 0.00000e+00 -1.61401e-01 2.12124e-01 -4.07749e-01 -7.40730e-01 3.09431e-04 
 35100 233.479 23.182 1.00426e+00 3.02675e+04 0.00000e+00 -4.36229e-02 2.78471e-01 -3.30103e-01 -1.13264e+00 2.47128e-04 
 35200 237.592 24.401 1.03068e+00 1.88190e+04 0.00000e+00 -2.28017e-01 2.33849e-01 -5.04877e-01 -1.05497e+00 1.11749e-04 
 35300 236.924 21.030 1.05701e+00 2.15520e+04 0.00000e+00 -1.89282e-01 7.55360e-02 -5.07566e-01 -1.14185e+00 1.62011e-04 
 35400 259.108 25.742 1.00626e+00 4.68764e+04 0.00000e+00 -3.49746e-01 1.22332e-01 -3.52015e-01 -1.07570e+00 1.32241e-03 
 35500 196.593 19.339 1.01154e+00 1.90631e+04 0.00000e+00 -5.50967e-02 2.05189e-01 -3.96951e-01 -1.04028e+00 9.75519e-05 
 35600 229.383 24.683 1.01066e+00 5.07738e+03 0.00000e+00 -2.33580e-01 2.03602e-01 -4.55235e-01 -9.04154e-01 2.68736e-05 
 35700 231.105 23.218 1.02523e+00 4.23642e+04 0.00000e+00 -1.57784e-01 2.13457e-01 -4.47248e-01 -1.25221e+00 9.22964e-04 
 35800 233.256 24.160 1.02124e+00 1.81727e+04 0.00000e+00 2.19962e-02 3.61023e-01 -2.97354e-01 -8.48048e-01 8.72797e-05 
 35900 257.425 21.837 1.22911e+00 2.61470e+04 0.00000e+00 -1.75635e-01 1.02440e-01 -4.86864e-01 -1.20607e+00 5.55378e-04 
 36000 235.859 24.000 1.06349e+00 1.39335e+04 0.00000e+00 7.07164e-03 3.50106e-01 -2.04810e-01 -1.07640e+00 7.07617e-05 
 36100 246.702 23.035 1.06209e+00 8.51426e+03 0.00000e+00 1.60607e-02 2.90237e-01 -5.27963e-01 -1.03818e+00 4.61449e-05 
 36200 251.410 21.824 1.05763e+00 3.56742e+04 0.00000e+00 -4.56071e-02 2.01554e-01 -4.55755e-01 -1.14523e+00 5.49009e-04 
 36300 245.936 23.440 1.00532e+00 2.98817e+04 0.00000e+00 -1.34241e-01 3.33788e-01 -2.97816e-01 -1.23313e+00 2.54298e-04 
 36400 219.883 22.831 1.05969e+00 2.34295e+04 0.00000e+00 -2.00206e-01 2.99425e-01 -5.11096e-01 -8.24878e-01 1.85409e-04 
 36500 235.961 22.706 1.08252e+00 7.90830e+03 0.00000e+00 1.78358e-01 3.04556e-01 -9.61422e-02 -9.38591e-01 4.31723e-05 
 36600 216.476 17.929 1.21826e+00 2.71202e+04 0.00000e+00 -4.66753e-02 1.22679e-01 -5.02533e-01 -1.09204e+00 5.41808e-04 
 36700 267.872 26.632 1.01740e+00 5.60376e+04 0.00000e+00 -4.35650e-01 1.34707e-01 -6.42040e-01 -1.33528e+00 3.58924e-03 
 36800 235.347 21.254 1.14840e+00 1.33736e+02 0.00000e+00 -1.47108e-01 2.12810e-01 -4.51339e-01 -1.21086e+00 3.53599e-05 
 36900 259.509 26.867 1.00563e+00 3.52921e+04 0.00000e+00 -1.57631e-01 2.56276e-01 -5.54941e-01 -1.02703e+00 4.37749e-04 
 37000 271.601 27.556 1.09333e+00 2.92298e+04 0.00000e+00 -1.63502e-01 3.54020e-01 -2.33527e-01 -9.53983e-01 3.38907e-04 
 37100 220.541 21.959 1.00597e+00 6.27385e+03 0.00000e+00 -2.00013e-02 2.49855e-01 -3.59001e-01 -1.09221e+00 2.83488e-05 
 37200 262.477 26.611 1.08009e+00 2.93440e+04 0.00000e+00 1.72639e-02 3.44653e-01 -2.21353e-01 -1.18759e+00 3.24498e-04 
 37300 237.445 24.881 1.04713e+00 2.17032e+03 0.00000e+00 1.98618e-01 2.99902e-01 -1.15589e-01 -4.92944e-01 1.98576e-05 
 37400 244.813 24.286 1.06603e+00 1.94242e+04 0.00000e+00 9.52046e-02 3.68079e-01 -2.21995e-01 -1.05839e+00 1.16092e-04 
 37500 237.625 21.803 1.06326e+00 2.49682e+04 0.00000e+00 -1.26207e-01 2.02566e-01 -4.65161e-01 -9.64104e-01 2.14980e-04 
 37600 229.441 21.653 1.04378e+00 2.53840e+04 0.00000e+00 9.58365e-03 3.07971e-01 -3.79292e-01 -1.11727e+00 1.99330e-04 
 37700 249.580 26.150 1.00577e+00 3.49650e+04 0.00000e+00 -1.07683e-01 2.01911e-01 -2.89957e-01 -9.05063e-01 3.97038e-04 
 37800 258.019 27.432 1.01387e+00 1.09578e+04 0.00000e+00 9.96864e-02 2.04288e-01 -4.64680e-01 -7.65942e-01 4.23001e-05 
 37900 227.402 23.584 1.00285e+00 2.33748e+04 0.00000e+00 -5.81931e-02 2.61052e-01 -4.21388e-01 -8.64435e-01 1.29685e-04 
 38000 248.370 21.231 1.12407e+00 5.51297e+02 0.00000e+00 3.26026e-02 4.03806e-01 -4.98877e-01 -1.07764e+00 2.91224e-05 
 38100 225.533 21.518 1.06940e+00 2.37454e+04 0.00000e+00 -6.10635e-02 9.69369e-02 -3.88574e-01 -7.74838e-01 2.07264e-04 
 38200 255.211 24.472 1.01098e+00 2.44203e+04 0.00000e+00 -1.74706e-01 -1.64906e-02 -5.48389e-01 -1.01100e+00 1.76874e-04 
 38300 264.586 26.091 1.09398e+00 3.72352e+04 0.00000e+00 -2.94699e-01 2.17331e-01 -4.44530e-01 -1.18424e+00 7.94593e-04 
 38400 205.641 19.980 1.12826e+00 5.34270e+03 0.00000e+00 -1.89208e-02 1.75403e-01 -3.95395e-01 -9.49185e-01 4.54962e-05 
 38500 224.705 21.876 1.02097e+00 1.15854e+03 0.00000e+00 1.38519e-01 3.47659e-01 -4.60163e-01 -9.41027e-01 1.88804e-05 
 38600 238.669 24.264 1.01778e+00 1.32330e+04 0.00000e+00 2.83220e-02 3.42091e-01 -3.89139e-01 -9.72892e-01 5.32094e-05 
 38700 214.669 20.110 1.06844e+00 1.22492e+04 0.00000e+00 6.49916e-02 2.36758e-01 -2.89019e-01 -1.05773e+00 6.54213e-05 
 38800 238.194 23.020 1.05956e+00 6.02962e+03 0.00000e+00 1.09912e-01 4.21462e-01 -4.23025e-01 -9.23415e-01 3.33170e-05 
 38900 229.684 23.379 1.00516e+00 2.96179e+04 0.00000e+00 -2.71784e-01 1.71173e-01 -6.49784e-01 -1.19993e+00 2.77428e-04 
 39000 250.910 24.629 1.05854e+00 2.78359e+04 0.00000e+00 -9.38959e-02 1.64258e-01 -3.75712e-01 -1.18379e+00 2.90014e-04 
 39100 268.046 18.745 1.39453e+00 2.83736e+04 0.00000e+00 -3.29946e-01 8.55772e-02 -6.11155e-01 -1.19821e+00 1.57533e-03 
 39200 257.499 25.979 1.02292e+00 1.98221e+04 0.00000e+00 1.05321e-01 2.98489e-01 -1.98848e-01 -9.88162e-01 1.00205e-04 
 39300 208.950 20.350 1.00977e+00 3.32437e+04 0.00000e+00 -1.56033e-01 1.13289e-01 -4.34560e-01 -1.16238e+00 3.66292e-04 
 39400 246.681 27.014 1.00136e+00 7.31433e+03 0.00000e+00 1.07028e-01 3.81671e-01 -2.51656e-01 -9.54408e-01 2.80255e-05 
 39500 228.169 21.629 1.01604e+00 3.34493e+04 0.00000e+00 -7.77688e-02 2.80219e-01 -4.61292e-01 -1.00518e+00 3.81115e-04 
 39600 211.267 20.781 1.00959e+00 1.43457e+04 0.00000e+00 6.09723e-02 1.21644e-01 -3.83014e-01 -9.00568e-01 6.10404e-05 
 39700 197.719 15.630 1.26176e+00 1.87196e+04 0.00000e+00 -3.76690e-02 2.04253e-01 -4.59479e-01 -8.38852e-01 2.95855e-04 
 39800 223.422 20.018 1.10710e+00 2.33395e+04 0.00000e+00 -7.49272e-02 4.28651e-02 -3.68404e-01 -9.81942e-01 2.39487e-04 
 39900 266.877 25.505 1.05952e+00 3.32475e+04 0.00000e+00 -2.39778e-01 1.93327e-01 -3.06521e-01 -1.06586e+00 4.52987e-04 
 40000 235.697 24.807 1.00266e+00 2.73555e+04 0.00000e+00 -2.02701e-01 2.30323e-01 -3.95606e-01 -1.08140e+00 2.08404e-04 
 40100 265.597 26.082 1.03887e+00 4.81144e+04 0.00000e+00 -1.78779e-01 3.33298e-01 -3.57977e-01 -1.22566e+00 1.65898e-03 
 40200 245.926 21.280 1.10291e+00 2.47892e+04 0.00000e+00 9.18956e-02 3.02776e-01 -2.55709e-01 -8.57757e-01 2.28746e-04 
 40300 237.575 25.535 1.02214e+00 1.30788e+04 0.00000e+00 -9.34383e-03 2.50522e-01 -4.25467e-01 -1.02394e+00 5.84301e-05 
 40400 214.915 19.626 1.02332e+00 2.93463e+04 0.00000e+00 2.18035e-02 1.42868e-01 -5.27161e-01 -9.65058e-01 2.61154e-04 
 40500 230.642 21.876 1.11553e+00 1.47363e+04 0.00000e+00 9.10345e-02 2.74477e-01 -3.46575e-01 -1.04885e+00 9.61251e-05 
 40600 244.950 25.742 1.01044e+00 3.20338e+03 0.00000e+00 6.93184e-02 3.96867e-01 -3.68840e-01 -9.76306e-01 2.02924e-05 
 40700 222.814 20.386 1.10982e+00 3.26831e+04 0.00000e+00 -1.72918e-01 2.00275e-01 -5.58603e-01 -1.09810e+00 5.71441e-04 
 40800 225.623 21.510 1.05431e+00 3.45240e+04 0.00000e+00 1.02444e-01 9.96625e-02 -4.02748e-01 -1.18862e+00 4.71025e-04 
 40900 249.597 25.232 1.03052e+00 4.02687e+04 0.00000e+00 -1.77275e-01 2.39922e-01 -2.53088e-01 -7.92382e-01 6.91589e-04 
 41000 210.722 20.982 1.03044e+00 2.40083e+04 0.00000e+00 6.78698e-02 4.30325e-01 -2.57964e-01 -9.22863e-01 1.46836e-04 
 41100 239.928 20.882 1.08738e+00 2.04026e+03 0.00000e+00 1.93690e-01 4.34944e-01 -1.57240e-01 -7.51414e-01 2.43215e-05 
 41200 250.987 11.792 1.86306e+00 5.62218e+04 0.00000e+00 -2.10651e-01 1.05922e-01 -3.66261e-01 -1.09347e+00 1.68706e-01 
 41300 231.987 19.841 1.09154e+00 1.58228e+04 0.00000e+00 -1.61233e-01 1.12939e-01 -4.96942e-01 -1.05298e+00 1.07759e-04 
 41400 228.479 20.766 1.02463e+00 2.70675e+04 0.00000e+00 -1.33562e-01 2.19366e-01 -3.85967e-01 -9.58307e-01 2.19419e-04 
 41500 219.773 19.146 1.06523e+00 1.75280e+04 0.00000e+00 -1.98162e-02 2.12238e-01 -3.95474e-01 -1.00586e+00 1.07465e-04 
 41600 204.490 17.922 1.03572e+00 3.89188e+04 0.00000e+00 -3.59571e-01 9.43877e-02 -5.14272e-01 -1.26284e+00 7.50629e-04 
 41700 242.275 24.323 1.03967e+00 3.01270e+03 0.00000e+00 5.97139e-03 9.45681e-02 -4.59513e-01 -1.25241e+00 2.65629e-05 
 41800 245.070 27.620 1.00116e+00 5.58217e+04 0.00000e+00 -2.66195e-01 1.19190e-01 -3.78361e-01 -9.92499e-01 2.73459e-03 
 41900 211.130 21.444 1.00696e+00 1.99472e+04 0.00000e+00 -1.13851e-01 1.48638e-01 -3.22760e-01 -7.65925e-01 9.81119e-05 
 42000 250.949 19.363 1.27399e+00 1.32506e+03 0.00000e+00 4.73628e-02 2.72377e-01 -4.55010e-01 -8.71035e-01 6.44303e-05 
 42100 235.778 22.934 1.04723e+00 8.88561e+03 0.00000e+00 1.70614e-01 3.66080e-01 -4.36976e-01 -6.11691e-01 3.82436e-05 
 42200 242.378 22.600 1.00784e+00 1.88826e+04 0.00000e+00 -1.00704e-01 2.61230e-01 -3.77046e-01 -1.16750e+00 9.11410e-05 
 42300 223.226 22.226 1.03346e+00 3.05130e+04 0.00000e+00 -1.66516e-01 1.01936e-01 -4.24640e-01 -1.19060e+00 3.16085e-04 
 42400 255.198 25.107 1.03329e+00 2.84635e+04 0.00000e+00 -7.28269e-02 1.14086e-01 -4.02067e-01 -8.72991e-01 2.47949e-04 
 42500 232.075 18.297 1.33832e+00 4.38352e+04 0.00000e+00 -2.48760e-01 -2.07098e-02 -5.16136e-01 -9.16628e-01 4.94098e-03 
 42600 236.311 23.411 1.06441e+00 3.22549e+04 0.00000e+00 -5.00888e-02 3.45412e-01 -2.54006e-01 -8.26193e-01 3.95242e-04 
 42700 239.433 23.195 1.02695e+00 6.67046e+04 0.00000e+00 -5.52884e-01 -5.08262e-02 -3.35977e-01 -1.15825e+00 9.80564e-03 
 42800 233.478 20.301 1.14331e+00 2.13276e+04 0.00000e+00 -9.46140e-02 1.76332e-01 -2.25329e-01 -1.00852e+00 2.12579e-04 
 42900 252.945 25.553 1.03028e+00 8.11316e+03 0.00000e+00 7.41966e-02 2.61113e-01 -4.03025e-01 -1.07130e+00 3.64323e-05 
 43000 223.133 21.075 1.05771e+00 3.77581e+02 0.00000e+00 -3.01211e-02 4.71988e-01 -4.32752e-01 -9.94431e-01 2.02784e-05 
 43100 239.098 23.682 1.00894e+00 2.49003e+04 0.00000e+00 -2.53932e-01 2.69753e-01 -5.60731e-01 -1.06719e+00 1.74502e-04 
 43200 246.491 23.254 1.03397e+00 1.94913e+03 0.00000e+00 1.19490e-01 1.92619e-01 -3.94814e-01 -6.37531e-01 2.02118e-05 
 43300 227.317 22.219 1.00200e+00 1.52716e+04 0.00000e+00 4.01241e-02 2.36449e-01 -3.15845e-01 -9.31680e-01 5.87344e-05 
 43400 240.050 25.703 1.05512e+00 6.79224e+03 0.00000e+00 -1.38807e-01 3.71615e-01 -3.10488e-01 -8.32736e-01 3.73907e-05 
 43500 241.869 25.010 1.02167e+00 1.21692e+04 0.00000e+00 -1.38042e-02 2.54741e-01 -3.03940e-01 -1.01942e+00 5.12803e-05 
 43600 240.645 23.614 1.09200e+00 2.57185e+03 0.00000e+00 7.20530e-02 2.06503e-01 -4.30207e-01 -8.85640e-01 2.93793e-05 
 43700 242.387 22.297 1.06918e+00 2.29558e+03 0.00000e+00 9.40029e-02 4.02399e-01 -4.21883e-01 -8.62043e-01 2.41305e-05 
 43800 229.463 18.741 1.28886e+00 2.64319e+04 0.00000e+00 -4.71996e-02 1.91783e-01 -4.68430e-01 -9.50665e-01 6.56130e-04 
 43900 242.950 26.591 1.02149e+00 3.94930e+04 0.00000e+00 -1.70380e-01 3.03213e-01 -3.49558e-01 -8.13141e-01 6.14037e-04 
 44000 252.495 24.052 1.03776e+00 3.23324e+04 0.00000e+00 -2.18189e-01 2.51134e-02 -6.15330e-01 -1.11638e+00 4.14188e-04 
 44100 225.548 20.287 1.15305e+00 1.66772e+01 0.00000e+00 8.46814e-02 3.80834e-01 -3.17079e-01 -8.73393e-01 2.93359e-05 
 44200 232.468 21.848 1.01852e+00 6.51666e+03 0.00000e+00 2.03890e-01 2.41012e-01 -3.02014e-01 -1.07552e+00 2.69527e-05 
 44300 221.375 18.695 1.03374e+00 2.11399e+04 0.00000e+00 -1.63390e-01 2.38634e-01 -5.47488e-01 -1.37466e+00 1.49404e-04 
 44400 223.677 23.078 1.00391e+00 1.52831e+04 0.00000e+00 3.89417e-02 3.52129e-01 -4.00528e-01 -9.02615e-01 6.13805e-05 
 44500 269.349 24.518 1.13139e+00 2.75184e+03 0.00000e+00 1.79113e-01 1.85450e-01 -4.30267e-01 -1.26269e+00 3.73771e-05 
 44600 273.452 4.228 3.98042e+00 4.10520e+03 0.00000e+00 2.72320e-02 1.94547e-01 -5.86884e-01 -9.38021e-01 3.66811e+01 
 44700 235.946 20.253 1.17794e+00 2.39755e+04 0.00000e+00 7.70757e-02 3.02539e-01 -3.34817e-01 -7.59826e-01 2.94349e-04 
 44800 239.873 25.080 1.01629e+00 1.11778e+04 0.00000e+00 4.67644e-02 3.89940e-01 -3.14554e-01 -9.47525e-01 4.28575e-05 
 44900 232.100 23.001 1.13076e+00 3.31073e+04 0.00000e+00 -1.94079e-03 3.41810e-01 -2.47535e-01 -8.73226e-01 5.83339e-04 
 45000 223.644 21.302 1.02885e+00 2.69285e+04 0.00000e+00 -3.62261e-02 2.56584e-01 -4.57676e-01 -1.20360e+00 2.17263e-04 
 45100 238.041 23.564 1.08380e+00 1.97168e+04 0.00000e+00 -9.96547e-02 3.73627e-02 -4.62274e-01 -7.94961e-01 1.46024e-04 
 45200 215.273 21.152 1.05826e+00 7.25451e+03 0.00000e+00 1.48638e-02 2.67980e-01 -3.11817e-01 -1.02735e+00 3.72324e-05 
 45300 253.744 25.068 1.09375e+00 3.28739e+04 0.00000e+00 -7.60321e-03 2.02354e-01 -2.43002e-01 -9.28598e-01 4.64053e-04 
 45400 270.413 10.332 2.14187e+00 3.86991e+03 0.00000e+00 1.98839e-01 2.81379e-01 -3.85437e-01 -1.11966e+00 4.88599e-03 
 45500 234.445 22.615 1.03953e+00 1.31186e+04 0.00000e+00 -5.64794e-02 2.09366e-01 -5.39029e-01 -1.06595e+00 6.55597e-05 
 45600 236.838 21.568 1.03402e+00 2.90667e+04 0.00000e+00 -2.70656e-01 1.46657e-01 -4.53665e-01 -1.22323e+00 2.79446e-04 
 45700 238.867 22.845 1.05718e+00 1.99692e+04 0.00000e+00 -1.99204e-01 2.14705e-01 -3.27572e-01 -1.15921e+00 1.28412e-04 
 45800 308.003 12.059 2.24984e+00 2.48568e+04 0.00000e+00 -1.14815e-02 3.43716e-01 -4.29158e-01 -9.21141e-01 5.95661e-02 
 45900 238.713 23.892 1.00721e+00 1.89492e+04 0.00000e+00 -4.36634e-02 2.52874e-01 -3.41189e-01 -1.09824e+00 9.24934e-05 
 46000 226.699 22.691 1.03657e+00 4.33397e+04 0.00000e+00 -1.58537e-01 2.69705e-01 -2.75112e-01 -1.04197e+00 9.33406e-04 
 46100 248.822 22.831 1.02555e+00 1.91737e+04 0.00000e+00 -1.23596e-01 2.96810e-01 -5.16927e-01 -1.18433e+00 1.07864e-04 
 46200 265.997 28.067 1.07395e+00 3.58603e+04 0.00000e+00 -7.94879e-02 3.67005e-01 -3.68143e-01 -9.59217e-01 5.70873e-04 
 46300 238.211 17.925 1.19350e+00 2.17113e+04 0.00000e+00 9.89031e-02 1.16679e-01 -3.90583e-01 -1.09584e+00 2.81022e-04 
 46400 237.943 23.441 1.06009e+00 2.34269e+04 0.00000e+00 -4.13729e-02 2.47438e-01 -4.78242e-01 -1.13634e+00 1.77512e-04 
 46500 210.805 20.525 1.00804e+00 1.33775e+04 0.00000e+00 -4.94678e-02 2.17817e-01 -5.01111e-01 -1.12294e+00 5.65124e-05 
 46600 228.021 19.584 1.18643e+00 1.96085e+04 0.00000e+00 8.00513e-02 2.72410e-01 -3.84845e-01 -9.13136e-01 2.13414e-04 
 46700 230.652 19.374 1.24285e+00 3.26530e+04 0.00000e+00 -1.64410e-01 8.98070e-02 -4.82013e-01 -1.01540e+00 1.06992e-03 
 46800 211.545 19.145 1.01559e+00 3.20346e+03 0.00000e+00 9.55674e-02 2.34560e-01 -2.63199e-01 -1.09468e+00 2.14170e-05 
 46900 229.823 23.763 1.01593e+00 4.02041e+04 0.00000e+00 -1.40353e-01 1.92895e-01 -4.40053e-01 -1.28003e+00 7.16161e-04 
 47000 222.116 21.820 1.03236e+00 7.12564e+03 0.00000e+00 -6.32754e-02 1.19996e-01 -6.75275e-01 -1.18603e+00 3.82776e-05 
 47100 211.990 19.542 1.06328e+00 2.50014e+03 0.00000e+00 2.43307e-01 3.68138e-01 -4.26982e-01 -7.37765e-01 2.32732e-05 
 47200 249.616 18.033 1.41666e+00 1.22231e+04 0.00000e+00 -4.40780e-02 2.56387e-01 -4.53882e-01 -1.14045e+00 3.48358e-04 
 47300 267.065 13.791 1.83899e+00 2.63640e+04 0.00000e+00 -3.02638e-02 1.68565e-01 -6.66441e-01 -7.32062e-01 1.02533e-02 
 47400 241.028 24.740 1.00102e+00 1.74872e+03 0.00000e+00 6.46556e-02 2.78059e-01 -4.50011e-01 -1.10514e+00 1.78362e-05 
 47500 247.728 23.860 1.05084e+00 3.85886e+03 0.00000e+00 4.74913e-02 2.51395e-01 -5.54221e-01 -1.18525e+00 2.71164e-05 
 47600 235.871 22.740 1.11699e+00 2.61141e+04 0.00000e+00 -1.44704e-01 1.28418e-01 -2.59836e-01 -1.01336e+00 3.15074e-04 
 47700 236.262 26.950 1.00735e+00 2.87618e+04 0.00000e+00 -1.75841e-01 2.67522e-01 -3.00540e-01 -9.04505e-01 2.15819e-04 
 47800 211.424 19.064 1.02174e+00 2.78106e+04 0.00000e+00 -2.53544e-01 1.06396e-01 -6.16226e-01 -1.37981e+00 2.66445e-04 
 47900 272.444 27.479 1.05056e+00 7.31444e+03 0.00000e+00 1.87256e-01 5.21742e-01 -2.92518e-01 -9.94722e-01 3.21504e-05 
 48000 208.333 20.629 1.02393e+00 4.76887e+03 0.00000e+00 1.05128e-01 2.87354e-01 -3.97798e-01 -1.01016e+00 2.60083e-05 
 48100 226.505 22.272 1.00029e+00 1.33158e+04 0.00000e+00 -3.46211e-02 2.77026e-01 -3.51401e-01 -9.00056e-01 5.21551e-05 
 48200 230.924 19.491 1.02407e+00 2.47090e+04 0.00000e+00 -1.29244e-01 2.30437e-01 -4.85321e-01 -1.26066e+00 1.82659e-04 
 48300 235.422 20.431 1.15432e+00 5.28133e+04 0.00000e+00 -3.09218e-01 7.99571e-03 -4.23079e-01 -7.67580e-01 4.48668e-03 
 48400 285.877 21.826 1.28207e+00 6.44541e+04 0.00000e+00 -2.30266e-01 -2.37991e-02 -4.70927e-01 -1.06051e+00 2.53178e-02 
 48500 224.298 22.429 1.01039e+00 2.81462e+03 0.00000e+00 1.52869e-01 3.46235e-01 -5.08594e-01 -9.67330e-01 1.95004e-05 
 48600 214.387 21.048 1.04821e+00 7.20344e+03 0.00000e+00 -1.40349e-01 2.45910e-01 -3.55747e-01 -9.77170e-01 3.86928e-05 
 48700 258.873 22.471 1.10152e+00 1.82249e+04 0.00000e+00 1.42154e-01 3.21159e-01 -3.47073e-01 -1.00460e+00 1.23160e-04 
 48800 215.058 20.519 1.02055e+00 4.49822e+04 0.00000e+00 -1.31918e-01 2.50366e-01 -3.25730e-01 -1.05018e+00 1.03301e-03 
 48900 243.316 22.108 1.07843e+00 2.05478e+04 0.00000e+00 1.57328e-01 5.11153e-01 -2.14561e-01 -8.40735e-01 1.23973e-04 
 49000 218.922 19.428 1.06367e+00 7.37719e+03 0.00000e+00 -8.94523e-03 2.88506e-01 -3.75511e-01 -9.18173e-01 3.98377e-05 
 49100 247.065 22.628 1.11131e+00 2.46065e+04 0.00000e+00 -3.59410e-02 1.82855e-01 -4.08690e-01 -9.27435e-01 2.53995e-04 
 49200 211.764 20.179 1.01472e+00 2.43360e+04 0.00000e+00 -7.27190e-02 1.13891e-01 -3.59114e-01 -9.50530e-01 1.59213e-04 
 49300 246.088 24.476 1.03147e+00 2.76786e+03 0.00000e+00 -6.01060e-02 2.36418e-01 -5.92372e-01 -9.42871e-01 2.30978e-05 
 49400 200.430 19.714 1.01138e+00 8.97283e+03 0.00000e+00 -1.59257e-01 1.32950e-01 -4.14309e-01 -1.28777e+00 4.12056e-05 
 49500 226.281 20.181 1.17886e+00 1.39394e+04 0.00000e+00 -2.22820e-02 2.71333e-01 -2.31311e-01 -9.68059e-01 1.35328e-04 
 49600 250.621 24.203 1.03097e+00 2.62931e+04 0.00000e+00 -1.38359e-01 2.48060e-01 -4.07131e-01 -1.08360e+00 2.11662e-04 
 49700 213.186 18.431 1.12285e+00 2.32497e+04 0.00000e+00 4.58187e-02 3.08552e-01 -2.27724e-01 -8.83199e-01 2.09689e-04 
 49800 244.549 24.343 1.06343e+00 1.99818e+04 0.00000e+00 -2.91260e-01 1.80069e-01 -4.74597e-01 -1.27587e+00 1.48408e-04 
 49900 254.580 24.549 1.02132e+00 1.46890e+04 0.00000e+00 -5.11030e-02 2.24786e-01 -3.17324e-01 -8.40527e-01 6.20796e-05 
 50000 235.266 24.857 1.07006e+00 2.31194e+04 0.00000e+00 -2.61561e-02 2.52951e-01 -4.48835e-01 -8.95134e-01 1.73648e-04 
 50100 202.684 20.019 1.03756e+00 2.53802e+04 0.00000e+00 -6.59249e-02 2.39567e-01 -3.93856e-01 -9.76184e-01 1.95035e-04 
 50200 240.598 25.396 1.02543e+00 1.94687e+04 0.00000e+00 1.15548e-01 4.16437e-01 -2.26878e-01 -7.74026e-01 8.86823e-05 
 50300 242.956 25.560 1.00953e+00 3.72649e+04 0.00000e+00 -1.65147e-01 2.17765e-01 -2.90261e-01 -1.05589e+00 5.30561e-04 
 50400 222.919 14.045 1.34370e+00 3.90286e+04 0.00000e+00 -1.57193e-01 1.28392e-01 -5.48807e-01 -1.24672e+00 3.27464e-03 
 50500 229.107 22.827 1.02249e+00 2.17684e+04 0.00000e+00 -1.45607e-01 1.74030e-01 -4.96007e-01 -9.76652e-01 1.28708e-04 
 50600 222.214 22.028 1.00702e+00 1.71021e+04 0.00000e+00 1.35905e-02 3.99701e-01 -3.80725e-01 -9.16824e-01 7.57654e-05 
 50700 243.445 24.473 1.01188e+00 2.89556e+03 0.00000e+00 1.02421e-01 3.08894e-01 -4.79828e-01 -1.02425e+00 1.99472e-05 
 50800 260.098 20.529 1.07944e+00 1.82877e+04 0.00000e+00 1.21335e-01 2.61332e-01 -3.63166e-01 -1.07898e+00 1.15680e-04 
 50900 241.654 23.003 1.01271e+00 1.59939e+04 0.00000e+00 -1.34855e-01 7.72328e-02 -4.64120e-01 -1.28241e+00 7.56377e-05 
 51000 215.471 10.743 1.79220e+00 5.03877e+04 0.00000e+00 -2.16781e-01 -1.09713e-01 -7.26026e-01 -1.11652e+00 8.66250e-02 
 51100 234.859 24.566 1.00809e+00 1.41942e+03 0.00000e+00 -4.35911e-02 4.26132e-01 -3.64085e-01 -1.07815e+00 1.83771e-05 
 51200 235.543 24.029 1.00203e+00 1.76743e+02 0.00000e+00 7.86846e-02 4.03869e-01 -4.64113e-01 -1.12897e+00 1.56606e-05 
 51300 222.916 22.801 1.05160e+00 4.31446e+04 0.00000e+00 -1.44650e-02 3.93310e-01 -1.85914e-01 -7.62945e-01 9.31735e-04 
 51400 221.244 23.212 1.02703e+00 1.73865e+04 0.00000e+00 1.30997e-02 3.01354e-01 -1.83378e-01 -8.64229e-01 8.14307e-05 
 51500 236.471 21.921 1.15269e+00 1.06343e+04 0.00000e+00 1.59458e-01 3.21259e-01 -3.66004e-01 -7.76197e-01 7.36325e-05 
 51600 282.941 29.980 1.03467e+00 9.28131e+03 0.00000e+00 5.39818e-02 2.02989e-01 -3.20015e-01 -9.12804e-01 4.05507e-05 
 51700 225.536 18.093 1.10693e+00 3.58906e+04 0.00000e+00 -1.40687e-01 1.51190e-01 -5.52107e-01 -1.00247e+00 7.75252e-04 
 51800 201.420 19.487 1.04459e+00 1.54495e+04 0.00000e+00 -1.43438e-01 2.73618e-01 -3.94631e-01 -8.40724e-01 7.55110e-05 
 51900 226.413 23.679 1.02717e+00 2.42561e+04 0.00000e+00 -2.36664e-01 2.58596e-01 -3.22545e-01 -9.05593e-01 1.67918e-04 
 52000 225.053 20.170 1.16818e+00 4.54800e+04 0.00000e+00 -1.73223e-01 1.50509e-01 -2.57753e-01 -1.05226e+00 2.32410e-03 
 52100 233.567 21.647 1.02099e+00 2.44629e+04 0.00000e+00 -2.74632e-01 1.61023e-02 -6.31203e-01 -1.22339e+00 1.89069e-04 
 52200 239.050 22.079 1.02512e+00 9.45960e+03 0.00000e+00 -2.17629e-01 2.00482e-01 -5.44452e-01 -1.30829e+00 4.79301e-05 
 52300 239.721 23.239 1.02624e+00 4.58382e+04 0.00000e+00 -3.13006e-01 1.55781e-01 -5.23539e-01 -1.02235e+00 1.29160e-03 
 52400 246.587 25.035 1.00123e+00 8.95328e+03 0.00000e+00 1.24057e-02 4.28515e-01 -3.77603e-01 -1.01747e+00 3.35245e-05 
 52500 264.178 27.439 1.04093e+00 6.78274e+03 0.00000e+00 7.56930e-02 4.55760e-01 -3.19961e-01 -1.08720e+00 3.25330e-05 
 52600 229.695 24.104 1.05322e+00 5.80727e+03 0.00000e+00 2.13374e-01 3.13129e-01 -5.04245e-01 -1.02969e+00 3.14994e-05 
 52700 231.492 21.036 1.10799e+00 2.85883e+04 0.00000e+00 -1.61493e-01 1.58613e-01 -5.80182e-01 -1.01335e+00 3.85780e-04 
 52800 231.942 22.719 1.00311e+00 9.82544e+02 0.00000e+00 1.24505e-01 2.52881e-01 -2.73119e-01 -1.15931e+00 1.60111e-05 
 52900 258.753 27.288 1.04882e+00 2.07856e+04 0.00000e+00 -1.00880e-01 2.77289e-01 -4.87961e-01 -1.02916e+00 1.30116e-04 
 53000 268.770 19.201 1.37482e+00 1.48376e+04 0.00000e+00 3.91573e-02 3.13904e-01 -4.82543e-01 -9.25174e-01 3.32552e-04 
 53100 243.259 25.667 1.01252e+00 3.95002e+04 0.00000e+00 -2.32327e-01 1.99793e-01 -4.30397e-01 -1.14963e+00 6.32077e-04 
 53200 249.860 22.704 1.16337e+00 3.65966e+04 0.00000e+00 1.27484e-02 2.10116e-01 -2.29184e-01 -1.04808e+00 9.77939e-04 
 53300 244.144 20.750 1.09592e+00 9.46617e+03 0.00000e+00 5.23016e-02 1.79917e-01 -4.59701e-01 -9.16335e-01 5.73770e-05 
 53400 244.049 24.287 1.00083e+00 1.99840e+04 0.00000e+00 5.23480e-02 2.39718e-01 -5.14737e-01 -9.03787e-01 9.79761e-05 
 53500 263.302 25.182 1.07992e+00 2.35200e+04 0.00000e+00 -1.90460e-02 2.20265e-01 -3.97978e-01 -1.01245e+00 2.03730e-04 
 53600 232.489 25.699 1.03664e+00 1.80240e+04 0.00000e+00 6.07018e-02 2.41714e-01 -2.65632e-01 -9.94101e-01 8.93152e-05 
 53700 230.512 21.883 1.06682e+00 4.40932e+04 0.00000e+00 -2.43182e-01 1.47125e-01 -4.89987e-01 -9.88616e-01 1.32863e-03 
 53800 237.366 25.145 1.01871e+00 2.24585e+04 0.00000e+00 -9.87113e-02 1.48787e-01 -3.91062e-01 -1.17762e+00 1.35247e-04 
 53900 277.919 28.058 1.00984e+00 2.09644e+04 0.00000e+00 1.52769e-02 2.36479e-01 -3.80780e-01 -1.11000e+00 1.11854e-04 
 54000 255.048 25.109 1.01511e+00 3.18714e+04 0.00000e+00 -8.23327e-02 1.43862e-01 -2.61952e-01 -1.16240e+00 3.23651e-04 
 54100 228.811 23.682 1.03975e+00 1.33961e+03 0.00000e+00 6.16309e-02 4.03441e-01 -3.83699e-01 -1.05276e+00 2.11305e-05 
 54200 238.474 23.305 1.03628e+00 1.90325e+04 0.00000e+00 -4.99145e-03 2.75575e-01 -3.80018e-01 -9.94914e-01 1.03504e-04 
 54300 209.692 21.073 1.01157e+00 9.86327e+00 0.00000e+00 -3.01703e-02 1.58286e-01 -3.50373e-01 -1.13938e+00 1.60953e-05 
 54400 205.902 19.108 1.00029e+00 2.37808e+02 0.00000e+00 9.69515e-02 2.25491e-01 -3.86127e-01 -9.69948e-01 1.58605e-05 
 54500 217.773 22.784 1.00033e+00 1.99000e+04 0.00000e+00 -8.03444e-02 2.89643e-01 -4.81560e-01 -1.00372e+00 9.69204e-05 
 54600 217.785 23.721 1.00464e+00 1.45088e+04 0.00000e+00 -1.16664e-01 1.83640e-01 -5.00103e-01 -1.17880e+00 6.19401e-05 
 54700 253.739 24.573 1.02190e+00 3.48485e+04 0.00000e+00 -9.69442e-02 3.32641e-01 -3.86434e-01 -1.03986e+00 4.20867e-04 
 54800 236.966 22.458 1.05422e+00 3.79467e+04 0.00000e+00 -2.41310e-01 1.65725e-01 -4.56231e-01 -1.20840e+00 7.06809e-04 
 54900 242.046 25.404 1.00669e+00 2.62510e+04 0.00000e+00 -1.15470e-02 2.57255e-01 -3.68009e-01 -1.13521e+00 1.72255e-04 
 55000 235.923 22.328 1.03688e+00 3.22018e+04 0.00000e+00 -1.03220e-01 2.42687e-01 -5.47208e-01 -8.70116e-01 3.79866e-04 
 55100 256.923 23.971 1.00918e+00 1.65398e+04 0.00000e+00 -6.62465e-02 1.44711e-01 -5.30671e-01 -1.11417e+00 7.57126e-05 
 55200 216.504 20.627 1.00582e+00 1.65167e+04 0.00000e+00 1.10765e-01 2.84185e-01 -3.44890e-01 -9.45757e-01 6.97743e-05 
 55300 270.267 28.176 1.03175e+00 1.55778e+04 0.00000e+00 -1.08562e-02 1.28286e-01 -4.17838e-01 -1.12156e+00 7.39519e-05 
 55400 238.760 24.087 1.02503e+00 2.10285e+04 0.00000e+00 9.79227e-02 3.30455e-01 -4.04098e-01 -8.47946e-01 1.06878e-04 
 55500 227.899 20.953 1.03731e+00 5.57315e+04 0.00000e+00 -3.31442e-01 1.45304e-01 -4.27978e-01 -8.80533e-01 3.24604e-03 
 55600 275.118 26.703 1.00635e+00 3.96756e+04 0.00000e+00 2.40289e-02 1.68827e-01 -2.24904e-01 -6.95129e-01 5.93646e-04 
 55700 253.388 23.508 1.13358e+00 6.27482e+03 0.00000e+00 -1.32085e-01 2.97517e-01 -3.44187e-01 -1.01401e+00 5.38739e-05 
 55800 244.470 26.127 1.00352e+00 3.10287e+04 0.00000e+00 -2.57384e-01 1.17288e-01 -3.84986e-01 -1.37220e+00 2.93375e-04 
 55900 267.292 24.687 1.17812e+00 2.95293e+04 0.00000e+00 -9.42929e-02 1.34676e-01 -4.41525e-01 -8.06109e-01 5.48674e-04 
 56000 255.027 26.064 1.03576e+00 2.89908e+04 0.00000e+00 -6.07808e-02 2.11487e-01 -4.46720e-01 -1.12244e+00 2.71321e-04 
 56100 228.169 21.514 1.06231e+00 5.89667e+04 0.00000e+00 -1.53709e-01 2.51641e-01 -3.71141e-01 -8.37024e-01 4.62869e-03 
 56200 210.349 20.301 1.00639e+00 9.38751e+03 0.00000e+00 2.38295e-02 2.25718e-01 -4.04614e-01 -1.10018e+00 3.76928e-05 
 56300 205.893 19.216 1.01436e+00 2.23128e+04 0.00000e+00 6.14955e-02 1.86571e-01 -5.74919e-01 -1.04897e+00 1.30789e-04 
 56400 271.181 8.189 2.71483e+00 3.74212e+03 0.00000e+00 1.63595e-01 7.69856e-02 -3.05484e-01 -7.99095e-01 7.09514e-02 
 56500 250.861 24.294 1.08378e+00 2.01946e+04 0.00000e+00 -2.71629e-01 3.16943e-01 -4.19906e-01 -9.82341e-01 1.57218e-04 
 56600 228.689 25.626 1.00596e+00 2.36107e+04 0.00000e+00 9.19441e-02 4.43427e-01 -2.07416e-01 -7.03559e-01 1.20603e-04 
 56700 237.622 26.239 1.01318e+00 2.42368e+04 0.00000e+00 1.24429e-01 2.50913e-01 -1.98766e-01 -8.50323e-01 1.40837e-04 
 56800 230.806 21.133 1.17608e+00 2.12023e+04 0.00000e+00 -1.50611e-01 1.81851e-01 -3.81630e-01 -1.10102e+00 2.67693e-04 
 56900 199.400 21.842 1.00866e+00 1.79551e+04 0.00000e+00 -6.69867e-02 1.86824e-01 -2.78646e-01 -1.14777e+00 8.52766e-05 
 57000 206.417 19.997 1.06186e+00 9.69639e+03 0.00000e+00 1.43148e-01 5.95828e-01 -3.08521e-01 -1.03393e+00 4.24874e-05 
 57100 237.178 21.748 1.07819e+00 4.99704e+03 0.00000e+00 1.11659e-01 3.62346e-01 -3.49215e-01 -9.24755e-01 3.28335e-05 
 57200 239.948 18.565 1.34410e+00 2.56564e+04 0.00000e+00 -3.27347e-01 2.10547e-01 -3.86627e-01 -9.09977e-01 8.73450e-04 
 57300 257.530 25.441 1.05332e+00 3.73671e+04 0.00000e+00 -2.81484e-01 1.22019e-01 -4.74510e-01 -1.18826e+00 6.94668e-04 
 57400 232.201 23.592 1.08735e+00 2.15644e+04 0.00000e+00 1.52499e-01 3.77450e-01 -2.17386e-01 -8.38514e-01 1.42351e-04 
 57500 236.814 21.598 1.07970e+00 2.08359e+04 0.00000e+00 3.97698e-02 1.89375e-01 -4.88183e-01 -1.18855e+00 1.60047e-04 
 57600 245.185 24.247 1.00956e+00 4.16761e+04 0.00000e+00 -2.96813e-01 3.13328e-02 -5.19928e-01 -9.71081e-01 8.32699e-04 
 57700 218.590 21.419 1.05072e+00 1.35411e+04 0.00000e+00 -7.79254e-02 2.16963e-01 -1.16988e-01 -1.19942e+00 6.58712e-05 
 57800 220.685 19.550 1.04317e+00 2.69362e+04 0.00000e+00 5.32068e-02 1.87601e-01 -3.88713e-01 -1.03077e+00 2.27369e-04 
 57900 241.768 25.145 1.00164e+00 2.04539e+04 0.00000e+00 1.02528e-02 1.79258e-01 -4.22377e-01 -1.16402e+00 1.01162e-04 
 58000 198.387 10.913 1.59581e+00 2.05352e+04 0.00000e+00 -2.15991e-01 1.30086e-01 -5.96974e-01 -9.04062e-01 1.86184e-03 
 58100 231.937 21.321 1.01729e+00 2.97088e+04 0.00000e+00 -2.77809e-01 3.18115e-02 -5.74016e-01 -1.32827e+00 3.03763e-04 
 58200 207.594 17.008 1.16699e+00 9.34909e+03 0.00000e+00 -1.56849e-02 4.89873e-01 -2.04479e-01 -9.12616e-01 7.53976e-05 
 58300 269.931 13.771 1.66318e+00 5.51533e+03 0.00000e+00 3.80463e-02 2.87577e-01 -6.04112e-01 -8.53549e-01 6.29634e-04 
 58400 266.365 24.833 1.03766e+00 2.04709e+04 0.00000e+00 -1.19832e-01 1.14984e-01 -5.21079e-01 -1.16696e+00 1.35389e-04 
 58500 225.901 21.577 1.04222e+00 3.91076e+04 0.00000e+00 -1.54938e-01 3.30149e-01 -3.55205e-01 -1.05556e+00 6.78502e-04 
 58600 290.233 28.889 1.00317e+00 1.44440e+04 0.00000e+00 -6.13114e-02 1.88590e-01 -5.79959e-01 -1.14119e+00 6.43688e-05 
 58700 246.224 25.602 1.01399e+00 2.47799e+04 0.00000e+00 5.84757e-02 2.73560e-01 -4.58916e-01 -8.69369e-01 1.54096e-04 
 58800 223.450 21.381 1.02654e+00 1.25490e+03 0.00000e+00 1.16398e-01 3.20314e-01 -4.70429e-01 -1.00495e+00 1.95257e-05 
 58900 202.669 19.928 1.01235e+00 4.46473e+03 0.00000e+00 2.18324e-01 3.09897e-01 -1.13000e-01 -8.48771e-01 2.07884e-05 
 59000 238.991 25.755 1.00160e+00 7.88632e+03 0.00000e+00 1.02871e-01 3.86807e-01 -2.68934e-01 -1.04169e+00 2.85774e-05 
 59100 232.868 24.274 1.01224e+00 2.49254e+04 0.00000e+00 -4.53913e-02 2.31676e-01 -4.24773e-01 -1.15408e+00 1.65553e-04 
 59200 226.807 25.258 1.04372e+00 8.17644e+03 0.00000e+00 -7.80887e-02 3.40914e-01 -4.40190e-01 -8.93843e-01 3.82704e-05 
 59300 237.089 24.062 1.01870e+00 2.70144e+04 0.00000e+00 -2.51393e-01 1.24048e-01 -4.21530e-01 -1.05628e+00 2.19976e-04 
 59400 218.185 16.159 1.32714e+00 2.53702e+04 0.00000e+00 -8.21917e-02 1.31243e-01 -3.35986e-01 -1.03553e+00 8.02109e-04 
 59500 246.104 21.763 1.09875e+00 6.65026e+03 0.00000e+00 1.89274e-01 2.29774e-01 -3.98135e-01 -8.16040e-01 4.19972e-05 
 59600 233.903 7.245 2.49734e+00 3.59414e+03 0.00000e+00 2.39714e-01 5.03511e-02 -5.10975e-01 -7.49551e-01 2.66404e-02 
 59700 237.612 22.297 1.10382e+00 2.70019e+04 0.00000e+00 -7.52132e-02 1.55050e-01 -4.04789e-01 -8.09800e-01 3.06286e-04 
 59800 206.221 19.858 1.03614e+00 6.96390e+03 0.00000e+00 6.74450e-03 3.91100e-01 -5.06787e-01 -7.96794e-01 3.45540e-05 
 59900 257.535 23.509 1.02053e+00 1.89208e+04 0.00000e+00 1.28446e-01 3.32321e-01 -4.55327e-01 -8.67646e-01 9.06802e-05 
 60000 234.815 13.273 1.51573e+00 6.84467e+03 0.00000e+00 6.20296e-02 2.27105e-01 -5.87928e-01 -1.10664e+00 3.37708e-04 
 60100 228.770 20.543 1.06858e+00 4.71589e+04 0.00000e+00 -1.43244e-01 2.85605e-01 -3.04583e-01 -8.81984e-01 1.58378e-03 
 60200 244.679 24.245 1.02376e+00 3.95525e+04 0.00000e+00 -1.77578e-01 3.27699e-02 -3.04204e-01 -1.18643e+00 7.20174e-04 
 60300 209.682 20.262 1.04012e+00 9.57148e+03 0.00000e+00 1.33753e-01 4.14457e-01 -2.70667e-01 -7.50349e-01 4.07548e-05 
 60400 221.918 22.260 1.02687e+00 3.27359e+04 0.00000e+00 -1.35887e-01 1.62661e-01 -1.92404e-01 -1.05374e+00 3.51794e-04 
 60500 270.475 23.436 1.24030e+00 2.19008e+04 0.00000e+00 -7.48518e-02 4.17066e-01 -2.62412e-01 -1.02945e+00 3.48620e-04 
 60600 272.256 27.324 1.02763e+00 2.36288e+04 0.00000e+00 -2.92531e-01 1.17650e-01 -4.59536e-01 -1.15419e+00 1.68587e-04 
 60700 241.487 22.397 1.06204e+00 9.00971e+03 0.00000e+00 1.43264e-02 4.26245e-01 -5.14298e-01 -1.00105e+00 4.78614e-05 
