   100 209.500 34.978 2.86927e+00 2.00043e+05 9.97904e-05 
   200 239.313 36.755 2.94470e+00 2.12233e+05 1.90001e-04 
   300 245.848 38.465 2.98180e+00 2.07867e+05 1.08022e-04 
   400 229.003 36.122 2.89193e+00 2.05023e+05 1.36668e-04 
   500 240.237 35.583 2.91097e+00 2.23949e+05 5.90312e-04 
   600 224.016 32.394 2.93009e+00 2.26230e+05 6.80089e-04 
   700 237.407 36.470 2.91001e+00 2.12676e+05 2.34490e-04 
   800 254.864 43.350 2.86375e+00 1.88799e+05 3.87919e-05 
   900 257.429 43.282 2.83417e+00 1.98112e+05 1.04660e-04 
  1000 227.520 37.592 2.85270e+00 2.05935e+05 1.82943e-04 
  1100 225.735 34.112 2.89831e+00 2.13585e+05 2.68133e-04 
  1200 256.617 40.197 2.99662e+00 2.06023e+05 8.60185e-05 
  1300 244.963 33.405 2.92771e+00 2.26799e+05 6.92471e-04 
  1400 214.341 33.901 2.94941e+00 2.10112e+05 1.57720e-04 
  1500 227.193 35.582 2.95432e+00 2.13064e+05 1.95942e-04 
  1600 220.127 33.217 2.91624e+00 2.13221e+05 2.36931e-04 
  1700 226.125 37.729 3.01397e+00 2.04817e+05 7.16921e-05 
  1800 236.695 33.953 2.96131e+00 2.23985e+05 4.54099e-04 
  1900 243.902 40.121 2.92211e+00 2.01446e+05 8.46859e-05 
  2000 243.839 40.321 2.91350e+00 2.05115e+05 1.20804e-04 
  2100 249.443 37.469 2.99759e+00 2.15307e+05 1.86529e-04 
  2200 235.693 37.846 3.01001e+00 2.11840e+05 1.28979e-04 
  2300 259.529 42.434 3.00395e+00 2.04650e+05 7.18922e-05 
  2400 254.387 35.776 2.98851e+00 2.28519e+05 5.93185e-04 
  2500 234.260 37.178 2.93209e+00 2.10375e+05 1.73048e-04 
  2600 223.585 34.749 2.99329e+00 2.11933e+05 1.39468e-04 
  2700 235.382 37.757 2.95774e+00 2.03932e+05 8.71894e-05 
  2800 242.545 34.880 3.00352e+00 2.20798e+05 2.93729e-04 
  2900 243.578 41.909 2.95806e+00 1.98079e+05 5.23542e-05 
  3000 237.328 35.394 3.00602e+00 2.18479e+05 2.32412e-04 
  3100 261.397 41.642 3.01889e+00 2.03971e+05 6.39240e-05 
  3200 243.663 39.043 3.04750e+00 2.06402e+05 6.67785e-05 
  3300 225.525 32.588 2.87283e+00 2.21733e+05 6.15410e-04 
  3400 255.370 39.635 2.92774e+00 2.07371e+05 1.40451e-04 
  3500 234.577 36.980 2.95079e+00 2.10702e+05 1.57819e-04 
  3600 235.530 37.929 2.91109e+00 2.03861e+05 1.11638e-04 
  3700 217.534 33.890 2.97214e+00 2.14669e+05 2.08467e-04 
  3800 247.508 35.057 2.94549e+00 2.27276e+05 6.62706e-04 
  3900 228.661 33.479 2.99692e+00 2.21361e+05 3.13324e-04 
  4000 207.707 35.588 2.81884e+00 2.00852e+05 1.45146e-04 
  4100 243.608 35.735 2.92316e+00 2.17875e+05 3.44082e-04 
  4200 230.611 39.638 2.86795e+00 1.96833e+05 7.69276e-05 
  4300 225.461 33.616 2.99257e+00 2.15049e+05 1.90170e-04 
  4400 248.157 36.827 2.94873e+00 2.15455e+05 2.39292e-04 
  4500 249.769 38.742 2.94554e+00 2.08821e+05 1.40324e-04 
  4600 251.342 41.733 2.85165e+00 1.95996e+05 7.67651e-05 
  4700 246.204 39.144 2.93271e+00 2.06113e+05 1.17770e-04 
  4800 231.584 33.092 2.86937e+00 2.21179e+05 5.95080e-04 
  4900 243.607 38.724 2.95443e+00 2.05170e+05 9.73601e-05 
  5000 229.683 36.203 2.98900e+00 2.10941e+05 1.33709e-04 
  5100 238.911 38.418 2.98162e+00 2.07460e+05 1.03034e-04 
  5200 231.602 35.485 2.84177e+00 2.12858e+05 3.49761e-04 
  5300 225.789 36.372 2.88909e+00 2.08975e+05 1.93747e-04 
  5400 231.458 35.567 2.98500e+00 2.13584e+05 1.72681e-04 
  5500 220.482 31.044 2.95124e+00 2.24811e+05 5.23617e-04 
  5600 214.110 32.408 2.84867e+00 2.16783e+05 4.71431e-04 
  5700 250.037 38.665 2.90480e+00 2.13053e+05 2.50167e-04 
  5800 242.586 41.522 2.95448e+00 2.01109e+05 7.08436e-05 
  5900 240.425 34.863 2.82812e+00 2.20410e+05 7.01522e-04 
  6000 240.109 34.052 2.91948e+00 2.13932e+05 2.40401e-04 
  6100 215.040 31.999 2.86940e+00 2.22056e+05 6.47277e-04 
  6200 230.178 36.986 2.84328e+00 2.00923e+05 1.21750e-04 
  6300 247.581 40.619 2.97473e+00 2.02702e+05 7.23310e-05 
  6400 239.583 39.019 2.85177e+00 2.02069e+05 1.31530e-04 
  6500 215.739 31.720 2.89842e+00 2.12437e+05 2.46394e-04 
  6600 226.895 35.702 2.94750e+00 2.08749e+05 1.42798e-04 
  6700 237.085 37.062 2.86392e+00 2.01210e+05 1.11282e-04 
  6800 232.201 35.036 2.84042e+00 2.18267e+05 5.54925e-04 
  6900 233.587 36.722 2.99518e+00 2.11476e+05 1.31343e-04 
  7000 226.133 37.090 2.92758e+00 2.05108e+05 1.14549e-04 
  7100 228.776 36.224 2.95400e+00 2.05960e+05 1.04995e-04 
  7200 225.377 32.401 2.90531e+00 2.23200e+05 6.19371e-04 
  7300 238.583 36.633 2.93455e+00 2.08350e+05 1.45939e-04 
  7400 261.757 37.584 2.98585e+00 2.17390e+05 2.31461e-04 
  7500 218.118 31.497 2.96963e+00 2.24068e+05 4.57775e-04 
  7600 255.359 39.402 2.85368e+00 2.10132e+05 2.56653e-04 
  7700 258.829 41.360 2.93638e+00 1.98798e+05 6.24833e-05 
  7800 241.520 37.895 3.04296e+00 2.09216e+05 8.41394e-05 
  7900 232.632 36.150 2.95408e+00 2.08370e+05 1.31137e-04 
  8000 251.943 38.679 2.89128e+00 2.09847e+05 2.10613e-04 
  8100 248.220 39.439 2.96747e+00 2.04131e+05 8.42897e-05 
  8200 239.153 38.457 2.91268e+00 2.05189e+05 1.21869e-04 
  8300 234.805 35.658 2.92362e+00 2.12403e+05 2.13776e-04 
  8400 246.070 38.212 3.01798e+00 2.07571e+05 8.59790e-05 
  8500 233.281 36.155 2.84438e+00 2.16689e+05 4.66446e-04 
  8600 254.196 38.130 2.82054e+00 2.12900e+05 3.66830e-04 
  8700 235.428 38.898 2.89182e+00 1.97822e+05 7.34050e-05 
  8800 229.366 37.561 2.97244e+00 2.02192e+05 6.91348e-05 
  8900 256.265 39.010 2.82595e+00 2.09246e+05 2.63457e-04 
  9000 245.077 36.177 3.00400e+00 2.17227e+05 2.10721e-04 
  9100 252.280 34.686 2.93663e+00 2.22402e+05 4.53859e-04 
  9200 209.575 33.426 2.93217e+00 2.08290e+05 1.41179e-04 
  9300 236.850 37.102 3.08978e+00 2.08797e+05 6.71785e-05 
  9400 228.562 37.180 2.94834e+00 2.03338e+05 8.88726e-05 
  9500 228.579 37.952 2.83684e+00 1.99228e+05 1.12552e-04 
  9600 231.854 37.826 2.86419e+00 2.05159e+05 1.57255e-04 
  9700 227.839 36.802 2.93001e+00 2.08404e+05 1.51279e-04 
  9800 235.874 39.633 2.95161e+00 2.06859e+05 1.17716e-04 
  9900 257.116 38.790 2.93682e+00 2.11335e+05 1.82433e-04 
 10000 239.939 37.827 2.89453e+00 2.06786e+05 1.53097e-04 
 10100 230.683 33.710 2.88127e+00 2.21882e+05 5.76111e-04 
 10200 231.522 38.360 2.95320e+00 1.98819e+05 5.92908e-05 
 10300 231.459 38.319 2.96761e+00 2.02770e+05 7.51997e-05 
 10400 245.962 37.058 3.00440e+00 2.07799e+05 9.60127e-05 
 10500 228.526 33.715 2.87340e+00 2.22785e+05 6.75491e-04 
 10600 227.849 32.258 2.84843e+00 2.23509e+05 7.91276e-04 
 10700 248.000 40.622 2.93133e+00 2.02021e+05 8.56606e-05 
 10800 241.639 35.783 2.98306e+00 2.16956e+05 2.26547e-04 
 10900 231.142 33.803 3.03168e+00 2.22889e+05 2.94677e-04 
 11000 228.971 35.205 2.97614e+00 2.10571e+05 1.41238e-04 
 11100 231.147 33.156 2.98466e+00 2.25722e+05 4.78190e-04 
 11200 219.805 35.164 2.87207e+00 2.10895e+05 2.51376e-04 
 11300 231.177 35.945 3.01525e+00 2.11787e+05 1.28411e-04 
 11400 240.353 35.191 2.91872e+00 2.16009e+05 3.00530e-04 
 11500 262.184 40.047 2.91535e+00 2.11747e+05 2.08651e-04 
 11600 224.481 36.995 2.95287e+00 2.07244e+05 1.16363e-04 
 11700 220.474 32.456 2.95332e+00 2.22655e+05 4.26243e-04 
 11800 241.075 35.083 2.84657e+00 2.25535e+05 9.88011e-04 
 11900 235.188 33.974 2.86254e+00 2.18482e+05 4.94393e-04 
 12000 236.671 38.143 2.86302e+00 1.99898e+05 1.01881e-04 
 12100 228.417 34.059 3.05214e+00 2.25154e+05 3.18531e-04 
 12200 216.713 33.883 2.95279e+00 2.12257e+05 1.83321e-04 
 12300 249.545 36.907 2.98351e+00 2.15120e+05 1.96240e-04 
 12400 236.149 36.706 2.92818e+00 2.12268e+05 2.05329e-04 
 12500 253.261 38.617 2.93063e+00 2.11996e+05 1.98724e-04 
 12600 233.104 33.255 2.93901e+00 2.25628e+05 5.84419e-04 
 12700 235.202 35.545 2.86577e+00 2.16872e+05 4.28456e-04 
 12800 271.177 38.350 2.96090e+00 2.19188e+05 3.17091e-04 
 12900 251.807 35.091 2.93005e+00 2.20363e+05 4.14663e-04 
 13000 224.298 35.249 2.92212e+00 2.07076e+05 1.37290e-04 
 13100 214.272 36.240 2.96356e+00 2.05409e+05 9.19047e-05 
 13200 230.721 35.647 2.92568e+00 2.10680e+05 1.80246e-04 
 13300 254.682 41.419 2.94697e+00 1.97959e+05 5.69544e-05 
 13400 211.087 31.533 2.97714e+00 2.23192e+05 4.08052e-04 
 13500 228.083 38.142 2.94112e+00 2.00969e+05 7.47321e-05 
 13600 233.326 34.784 2.92109e+00 2.15519e+05 2.91816e-04 
 13700 259.910 41.890 2.91670e+00 1.98564e+05 7.07030e-05 
 13800 248.742 38.198 2.95962e+00 2.09560e+05 1.38129e-04 
 13900 232.246 36.224 2.98163e+00 2.17059e+05 2.29966e-04 
 14000 233.571 37.693 2.88892e+00 2.02293e+05 1.13131e-04 
 14100 219.661 39.802 2.94071e+00 1.93476e+05 3.87415e-05 
 14200 238.530 37.549 2.88585e+00 2.03858e+05 1.25425e-04 
 14300 223.608 36.550 2.80340e+00 1.96730e+05 1.08031e-04 
 14400 226.178 33.663 2.87182e+00 2.19894e+05 5.09803e-04 
 14500 243.419 38.490 2.97920e+00 2.09849e+05 1.31152e-04 
 14600 246.566 36.633 3.00219e+00 2.14313e+05 1.70071e-04 
 14700 252.870 33.902 3.04877e+00 2.31632e+05 5.70654e-04 
 14800 246.175 35.062 2.92708e+00 2.27213e+05 7.48041e-04 
 14900 223.581 34.096 2.91673e+00 2.19866e+05 4.11134e-04 
 15000 250.943 37.528 2.96144e+00 2.17693e+05 2.79552e-04 
 15100 247.492 38.346 3.03689e+00 2.05313e+05 6.67090e-05 
 15200 229.106 32.794 2.94205e+00 2.21428e+05 4.13190e-04 
 15300 229.182 37.262 2.85885e+00 2.00215e+05 1.07494e-04 
 15400 259.774 36.681 2.88545e+00 2.19677e+05 4.80197e-04 
 15500 225.910 36.256 3.02835e+00 2.05148e+05 6.67377e-05 
 15600 236.884 38.788 3.02683e+00 2.04873e+05 6.69267e-05 
 15700 225.508 33.937 2.96599e+00 2.11076e+05 1.52388e-04 
 15800 239.305 34.625 2.94069e+00 2.19272e+05 3.47794e-04 
 15900 229.065 34.317 3.01552e+00 2.10843e+05 1.12654e-04 
 16000 225.254 36.347 2.97591e+00 2.06980e+05 1.03577e-04 
 16100 264.540 39.678 2.86259e+00 2.14531e+05 3.53663e-04 
 16200 232.528 35.616 2.86477e+00 2.12262e+05 2.82496e-04 
 16300 241.037 37.863 2.99733e+00 2.12435e+05 1.43080e-04 
 16400 266.308 40.231 2.94253e+00 2.09834e+05 1.50473e-04 
 16500 254.687 38.888 2.94764e+00 2.09987e+05 1.52646e-04 
 16600 225.943 36.429 2.94948e+00 2.07816e+05 1.28753e-04 
 16700 246.056 36.757 2.94277e+00 2.06449e+05 1.21198e-04 
 16800 261.110 38.630 2.97858e+00 2.11301e+05 1.42810e-04 
 16900 241.525 36.813 2.90786e+00 2.11661e+05 2.12745e-04 
 17000 238.282 33.684 3.02138e+00 2.28547e+05 5.26651e-04 
 17100 251.432 39.247 3.03526e+00 2.12546e+05 1.20881e-04 
 17200 217.074 32.735 2.93931e+00 2.20826e+05 4.04679e-04 
 17300 232.812 35.479 2.87054e+00 2.08390e+05 1.97312e-04 
 17400 226.684 36.049 2.99414e+00 2.07458e+05 1.03787e-04 
 17500 247.056 35.434 2.89135e+00 2.19355e+05 4.61545e-04 
 17600 244.639 39.953 3.02562e+00 2.01502e+05 4.96185e-05 
 17700 227.162 33.202 2.87155e+00 2.21418e+05 6.17472e-04 
 17800 243.592 36.011 2.94365e+00 2.14476e+05 2.40040e-04 
 17900 241.464 37.646 2.93240e+00 2.10706e+05 1.69428e-04 
 18000 228.876 35.320 2.94337e+00 2.17848e+05 3.07700e-04 
 18100 218.205 35.878 3.02822e+00 2.06319e+05 7.41169e-05 
 18200 249.829 39.588 2.88347e+00 2.04302e+05 1.30630e-04 
 18300 258.495 40.560 2.98001e+00 2.06501e+05 9.75383e-05 
 18400 241.250 33.193 2.89586e+00 2.23944e+05 6.41088e-04 
 18500 216.444 31.263 2.91387e+00 2.24610e+05 6.48878e-04 
 18600 230.116 34.584 2.94194e+00 2.22281e+05 4.64384e-04 
 18700 231.051 34.838 2.96532e+00 2.15499e+05 2.19940e-04 
 18800 229.597 33.206 2.93874e+00 2.20883e+05 4.00759e-04 
 18900 228.074 38.217 2.92774e+00 1.98744e+05 6.55109e-05 
 19000 260.481 38.467 2.94932e+00 2.17419e+05 2.74527e-04 
 19100 229.885 35.829 2.97681e+00 2.05449e+05 8.92250e-05 
 19200 256.094 35.824 2.84531e+00 2.28101e+05 1.24044e-03 
 19300 231.695 37.864 2.88500e+00 2.02934e+05 1.21456e-04 
 19400 236.239 32.583 2.97952e+00 2.29195e+05 6.57716e-04 
 19500 232.874 35.559 2.94137e+00 2.16787e+05 2.83007e-04 
 19600 238.843 38.939 2.99684e+00 2.04701e+05 7.65323e-05 
 19700 241.007 34.206 2.93400e+00 2.22435e+05 4.75100e-04 
 19800 225.637 34.241 2.87103e+00 2.11226e+05 2.54627e-04 
 19900 238.827 37.548 2.86971e+00 2.12983e+05 2.97097e-04 
 20000 251.078 41.132 2.80410e+00 1.94707e+05 8.92817e-05 
 20100 241.117 38.683 2.87291e+00 2.03001e+05 1.26905e-04 
 20200 230.885 35.413 2.92203e+00 2.15358e+05 2.82075e-04 
 20300 221.318 33.470 3.01102e+00 2.15315e+05 1.71670e-04 
 20400 257.374 40.774 2.97943e+00 2.07596e+05 1.08690e-04 
 20500 223.125 33.739 2.98013e+00 2.20772e+05 3.20033e-04 
 20600 256.850 36.318 2.94058e+00 2.22605e+05 4.52569e-04 
 20700 227.645 34.789 2.99266e+00 2.15049e+05 1.95292e-04 
 20800 256.363 43.585 2.93475e+00 1.99185e+05 6.52866e-05 
 20900 253.062 38.527 2.94913e+00 2.06148e+05 1.12656e-04 
 21000 249.650 39.604 2.98888e+00 1.99772e+05 5.04603e-05 
 21100 237.534 32.515 2.90737e+00 2.27401e+05 8.40477e-04 
 21200 238.730 38.444 2.99413e+00 2.04339e+05 7.77557e-05 
 21300 245.019 38.102 2.88035e+00 2.07263e+05 1.74210e-04 
 21400 243.620 38.967 2.94772e+00 2.04829e+05 1.00883e-04 
 21500 233.023 35.801 2.96095e+00 2.12173e+05 1.68805e-04 
 21600 240.002 34.097 3.03599e+00 2.22251e+05 2.75731e-04 
 21700 228.715 37.216 3.02227e+00 2.09125e+05 9.78832e-05 
 21800 243.695 37.084 2.91339e+00 2.08371e+05 1.58714e-04 
 21900 235.104 34.932 2.90971e+00 2.18248e+05 3.81334e-04 
 22000 222.457 36.200 2.94774e+00 2.06911e+05 1.20439e-04 
 22100 215.915 33.308 2.95629e+00 2.15315e+05 2.30802e-04 
 22200 245.504 38.099 2.94454e+00 2.08436e+05 1.35097e-04 
 22300 224.017 34.556 3.05377e+00 2.17380e+05 1.64023e-04 
 22400 222.399 37.656 3.00651e+00 1.99194e+05 4.56181e-05 
 22500 235.482 37.056 3.01124e+00 2.12099e+05 1.36765e-04 
 22600 247.663 35.501 2.85713e+00 2.22277e+05 7.16356e-04 
 22700 229.271 36.560 2.90976e+00 2.07007e+05 1.44118e-04 
 22800 241.235 35.169 2.90514e+00 2.21099e+05 4.89586e-04 
 22900 234.667 34.535 2.93530e+00 2.21225e+05 4.19619e-04 
 23000 245.146 37.780 2.99564e+00 2.08455e+05 1.06025e-04 
 23100 225.836 37.320 2.90979e+00 1.99578e+05 7.73948e-05 
 23200 230.775 38.802 2.86826e+00 1.95390e+05 6.97155e-05 
 23300 250.016 39.794 2.99509e+00 2.05783e+05 8.48271e-05 
 23400 242.337 34.939 2.99916e+00 2.21540e+05 3.05277e-04 
 23500 254.726 39.126 2.89579e+00 2.07961e+05 1.68883e-04 
 23600 228.925 34.037 2.91502e+00 2.16350e+05 3.02486e-04 
 23700 231.485 35.226 2.94384e+00 2.16989e+05 2.88112e-04 
 23800 226.938 34.544 3.02136e+00 2.19132e+05 2.22066e-04 
 23900 220.807 37.924 2.80065e+00 2.00124e+05 1.46119e-04 
 24000 234.828 38.753 2.94615e+00 2.04205e+05 9.28334e-05 
 24100 244.129 40.102 2.98742e+00 2.03635e+05 7.35458e-05 
 24200 233.212 35.973 2.99151e+00 2.21333e+05 3.26642e-04 
 24300 244.812 35.734 2.96088e+00 2.19587e+05 3.14956e-04 
 24400 239.950 37.310 2.94202e+00 2.14827e+05 2.36538e-04 
 24500 230.057 35.457 2.94426e+00 2.13192e+05 2.08572e-04 
 24600 218.130 32.856 2.99644e+00 2.19342e+05 2.63293e-04 
 24700 232.305 33.461 3.05241e+00 2.26158e+05 3.60678e-04 
 24800 256.011 35.589 2.83504e+00 2.23672e+05 8.56481e-04 
 24900 264.081 40.121 2.97083e+00 2.11240e+05 1.53103e-04 
 25000 213.891 33.583 2.93684e+00 2.13916e+05 2.25606e-04 
 25100 246.112 39.764 2.88556e+00 2.02994e+05 1.22213e-04 
 25200 234.157 37.905 2.84394e+00 2.06377e+05 1.96330e-04 
 25300 242.802 40.610 3.10041e+00 2.02955e+05 3.94660e-05 
 25400 242.791 34.504 2.97220e+00 2.26755e+05 5.48712e-04 
 25500 243.491 36.665 2.95779e+00 2.12683e+05 1.86280e-04 
 25600 261.350 41.990 2.82424e+00 2.08780e+05 2.66613e-04 
 25700 237.276 35.566 2.87535e+00 2.16616e+05 3.98013e-04 
 25800 238.613 35.140 2.93804e+00 2.20848e+05 4.13094e-04 
 25900 239.434 36.217 2.93875e+00 2.12219e+05 1.92819e-04 
 26000 252.169 39.171 2.91320e+00 2.00724e+05 7.98822e-05 
 26100 237.269 37.783 3.01897e+00 2.09197e+05 9.76670e-05 
 26200 251.657 41.366 2.91342e+00 1.96380e+05 5.78608e-05 
 26300 253.278 39.400 2.96345e+00 2.12268e+05 1.75699e-04 
 26400 233.221 39.623 2.87718e+00 1.98543e+05 8.68402e-05 
 26500 242.357 37.672 2.84420e+00 2.09854e+05 2.59675e-04 
 26600 266.193 39.361 2.97646e+00 2.18442e+05 2.75630e-04 
 26700 231.010 37.924 2.90717e+00 2.03306e+05 1.10389e-04 
 26800 241.907 37.528 2.89753e+00 2.03318e+05 1.15443e-04 
 26900 245.605 38.624 2.81280e+00 2.04157e+05 1.90600e-04 
 27000 245.996 37.647 2.95223e+00 2.10806e+05 1.56802e-04 
 27100 229.541 34.627 2.96450e+00 2.15594e+05 2.25344e-04 
 27200 227.700 33.503 2.93781e+00 2.17014e+05 2.86918e-04 
 27300 245.156 33.438 2.94956e+00 2.24743e+05 5.13524e-04 
 27400 233.716 34.698 2.96048e+00 2.13838e+05 1.97470e-04 
 27500 239.881 34.669 3.01980e+00 2.22505e+05 3.06622e-04 
 27600 235.592 37.916 2.89675e+00 2.04527e+05 1.25468e-04 
 27700 234.618 33.755 2.92053e+00 2.22904e+05 5.22362e-04 
 27800 233.119 33.090 2.95725e+00 2.26213e+05 5.90139e-04 
 27900 239.114 36.919 2.89136e+00 2.06269e+05 1.50582e-04 
 28000 246.217 35.715 3.07406e+00 2.15768e+05 1.25856e-04 
 28100 231.042 36.902 2.93688e+00 2.05982e+05 1.17393e-04 
 28200 210.708 38.200 2.95671e+00 1.95564e+05 4.45858e-05 
 28300 230.119 35.648 2.92432e+00 2.12651e+05 2.20647e-04 
 28400 250.488 36.830 2.91350e+00 2.19842e+05 4.22509e-04 
 28500 235.411 36.248 3.01316e+00 2.05423e+05 7.38950e-05 
 28600 238.093 36.413 2.87471e+00 2.13770e+05 3.02910e-04 
 28700 231.037 35.423 2.91916e+00 2.15049e+05 2.74178e-04 
 28800 239.776 36.641 2.90220e+00 2.05322e+05 1.29577e-04 
 28900 241.528 39.695 2.92630e+00 1.97495e+05 5.91437e-05 
 29000 223.823 36.379 2.74677e+00 2.02020e+05 2.25765e-04 
 29100 234.006 35.160 2.93517e+00 2.13176e+05 2.12299e-04 
 29200 230.106 38.040 2.97161e+00 2.00825e+05 6.22434e-05 
 29300 224.817 36.744 2.85274e+00 1.99548e+05 1.03436e-04 
 29400 248.091 36.160 2.88922e+00 2.25136e+05 7.56310e-04 
 29500 218.261 35.027 2.92101e+00 2.07673e+05 1.45982e-04 
 29600 247.945 38.598 2.97645e+00 2.09152e+05 1.24445e-04 
 29700 233.626 35.098 2.92432e+00 2.15567e+05 2.84709e-04 
 29800 240.935 36.015 2.95080e+00 2.17980e+05 2.91956e-04 
 29900 243.563 35.163 2.96062e+00 2.21045e+05 3.64788e-04 
 30000 253.182 35.603 2.86869e+00 2.23318e+05 6.85523e-04 
 30100 219.325 32.771 2.87927e+00 2.18853e+05 4.69074e-04 
 30200 237.380 36.567 2.90426e+00 2.10107e+05 1.91915e-04 
 30300 222.376 35.874 2.93770e+00 2.06851e+05 1.23555e-04 
 30400 230.398 39.572 2.89715e+00 1.96595e+05 6.62948e-05 
 30500 231.330 35.994 3.00248e+00 2.11619e+05 1.34769e-04 
 30600 233.080 34.669 2.94903e+00 2.13276e+05 1.96808e-04 
 30700 248.040 38.190 2.93648e+00 2.12241e+05 1.97230e-04 
 30800 244.794 36.877 2.95189e+00 2.14196e+05 2.11894e-04 
 30900 244.478 41.675 2.95332e+00 1.98604e+05 5.75472e-05 
 31000 221.605 33.910 2.88233e+00 2.11776e+05 2.49195e-04 
 31100 247.947 35.494 3.14709e+00 2.13416e+05 7.33812e-05 
 31200 251.196 37.049 2.88364e+00 2.24230e+05 7.15204e-04 
 31300 259.720 40.669 3.02766e+00 2.07102e+05 7.94385e-05 
 31400 249.347 38.581 3.09359e+00 2.15848e+05 1.15573e-04 
 31500 231.675 36.826 2.96765e+00 2.04532e+05 8.87488e-05 
 31600 253.009 38.499 2.94263e+00 2.09384e+05 1.48341e-04 
 31700 242.268 38.301 2.88867e+00 2.06734e+05 1.61729e-04 
 31800 227.944 32.530 2.90576e+00 2.24584e+05 6.47138e-04 
 31900 245.878 37.394 2.99474e+00 2.11943e+05 1.42581e-04 
 32000 235.979 38.230 3.03067e+00 2.07494e+05 7.91599e-05 
 32100 240.875 37.574 2.97169e+00 2.14339e+05 1.90788e-04 
 32200 238.087 36.185 3.00382e+00 2.13370e+05 1.53434e-04 
 32300 223.191 32.790 2.90153e+00 2.19078e+05 4.23211e-04 
 32400 215.200 35.687 2.87884e+00 2.05865e+05 1.56132e-04 
 32500 234.114 37.214 2.93901e+00 2.00634e+05 7.13488e-05 
 32600 253.893 41.494 2.81078e+00 1.96650e+05 1.03001e-04 
 32700 249.814 40.666 2.89470e+00 2.02889e+05 1.09081e-04 
 32800 231.434 33.982 3.02693e+00 2.18007e+05 2.01448e-04 
 32900 237.368 37.175 2.85228e+00 2.06630e+05 1.93890e-04 
 33000 217.629 32.533 2.99657e+00 2.17334e+05 2.24793e-04 
 33100 247.845 40.308 3.05095e+00 2.01190e+05 4.30371e-05 
 33200 240.745 37.816 2.93350e+00 2.03086e+05 9.47318e-05 
 33300 242.970 36.974 2.97954e+00 2.16242e+05 2.29053e-04 
 33400 240.919 36.132 3.00206e+00 2.17003e+05 2.11695e-04 
 33500 239.271 37.133 3.04255e+00 2.08904e+05 8.51520e-05 
 33600 250.509 38.413 2.95947e+00 2.08080e+05 1.27659e-04 
 33700 259.269 40.823 3.01383e+00 2.07120e+05 8.27013e-05 
 33800 223.399 36.099 2.83286e+00 2.06252e+05 2.03495e-04 
 33900 236.873 39.416 2.84882e+00 1.99478e+05 1.07145e-04 
 34000 224.993 36.728 2.93457e+00 2.09613e+05 1.60182e-04 
 34100 230.478 36.995 2.87874e+00 2.04333e+05 1.31064e-04 
 34200 240.311 41.380 2.92444e+00 2.00162e+05 7.48730e-05 
 34300 244.925 43.068 2.88628e+00 1.87089e+05 3.08758e-05 
 34400 237.871 33.571 2.89977e+00 2.18711e+05 4.09475e-04 
 34500 218.717 34.580 2.89179e+00 2.13130e+05 2.63615e-04 
 34600 243.757 34.148 2.89941e+00 2.22558e+05 5.54093e-04 
 34700 220.861 33.351 2.93445e+00 2.21287e+05 4.24749e-04 
 34800 229.206 35.180 2.91879e+00 2.06817e+05 1.37599e-04 
 34900 228.709 35.493 2.92006e+00 2.05344e+05 1.18776e-04 
 35000 239.747 38.077 2.95980e+00 2.03798e+05 8.67022e-05 
 35100 236.453 37.653 2.95336e+00 2.05466e+05 1.00269e-04 
 35200 240.173 33.257 2.86850e+00 2.29187e+05 1.18342e-03 
 35300 244.904 37.268 2.90954e+00 2.17510e+05 3.56017e-04 
 35400 240.904 38.953 2.96099e+00 2.03566e+05 8.31696e-05 
 35500 240.732 34.971 2.96946e+00 2.19284e+05 3.00823e-04 
 35600 234.221 34.448 2.97427e+00 2.23750e+05 4.35318e-04 
 35700 229.284 32.807 2.89860e+00 2.23034e+05 5.94195e-04 
 35800 222.462 31.795 2.90191e+00 2.19936e+05 4.63266e-04 
 35900 236.352 36.804 2.87236e+00 2.07856e+05 1.92997e-04 
 36000 265.889 41.682 2.92313e+00 2.01985e+05 8.91752e-05 
 36100 249.267 39.150 2.96320e+00 2.01055e+05 6.55180e-05 
 36200 236.440 36.564 2.91060e+00 2.08279e+05 1.62827e-04 
 36300 242.224 35.255 2.88805e+00 2.21715e+05 5.71425e-04 
 36400 217.836 35.357 2.92810e+00 2.06500e+05 1.25509e-04 
 36500 226.263 32.454 2.92861e+00 2.18269e+05 3.28082e-04 
 36600 226.316 37.739 2.98606e+00 2.02263e+05 6.44145e-05 
 36700 256.754 42.865 2.91927e+00 1.97114e+05 5.80286e-05 
 36800 232.619 36.475 3.00444e+00 2.10672e+05 1.22468e-04 
 36900 253.527 38.980 2.92810e+00 2.11316e+05 1.90571e-04 
 37000 242.958 38.521 3.01491e+00 2.06740e+05 8.14056e-05 
 37100 241.904 36.474 2.93168e+00 2.11005e+05 1.84499e-04 
 37200 251.066 39.111 2.95555e+00 2.07766e+05 1.25205e-04 
 37300 228.521 39.090 2.98845e+00 1.98944e+05 4.93867e-05 
 37400 231.500 35.566 2.99131e+00 2.12218e+05 1.51732e-04 
 37500 229.852 38.404 2.98314e+00 2.02337e+05 6.78687e-05 
 37600 240.019 37.346 2.86849e+00 2.09127e+05 2.19318e-04 
 37700 226.868 34.164 2.96980e+00 2.19309e+05 3.06895e-04 
 37800 238.269 39.452 3.06605e+00 2.03822e+05 5.06857e-05 
 37900 222.966 35.799 2.94166e+00 2.11254e+05 1.78472e-04 
 38000 269.362 38.615 2.92895e+00 2.21018e+05 4.41808e-04 
 38100 248.172 40.330 2.93557e+00 2.03298e+05 9.42105e-05 
 38200 246.492 37.492 3.11343e+00 2.09201e+05 6.04644e-05 
 38300 240.904 37.901 2.99323e+00 2.09735e+05 1.21141e-04 
 38400 229.085 32.842 3.04460e+00 2.19898e+05 2.15159e-04 
 38500 247.367 39.537 2.88338e+00 2.07722e+05 1.73514e-04 
 38600 210.257 32.341 3.00683e+00 2.16556e+05 1.97307e-04 
 38700 250.335 40.963 2.93593e+00 2.01109e+05 7.62257e-05 
 38800 224.638 38.630 2.83988e+00 1.93399e+05 6.74224e-05 
 38900 247.954 37.436 2.89669e+00 2.09375e+05 1.95964e-04 
 39000 247.847 36.900 2.89601e+00 2.15810e+05 3.20504e-04 
 39100 248.002 40.489 3.00040e+00 2.05859e+05 8.20321e-05 
 39200 225.537 32.478 3.00989e+00 2.21619e+05 2.97252e-04 
 39300 250.510 36.419 3.04961e+00 2.13939e+05 1.23862e-04 
 39400 242.985 34.928 3.01369e+00 2.20411e+05 2.57716e-04 
 39500 240.690 39.075 2.89151e+00 2.03654e+05 1.18718e-04 
 39600 225.931 37.287 2.90875e+00 2.05133e+05 1.26475e-04 
 39700 236.926 35.251 2.94743e+00 2.20616e+05 3.66004e-04 
 39800 240.348 41.328 2.91454e+00 1.99417e+05 7.70948e-05 
 39900 249.784 39.812 2.89213e+00 2.07188e+05 1.61818e-04 
 40000 231.219 36.821 2.92713e+00 2.08254e+05 1.51022e-04 
 40100 221.223 35.393 2.87019e+00 2.05588e+05 1.60166e-04 
 40200 225.262 35.244 2.95935e+00 2.12192e+05 1.85086e-04 
 40300 243.856 35.792 3.01384e+00 2.12396e+05 1.32011e-04 
 40400 238.357 39.170 2.97012e+00 2.03731e+05 7.99301e-05 
 40500 232.232 37.082 2.78811e+00 2.05687e+05 2.47136e-04 
 40600 240.368 38.766 2.81664e+00 2.02349e+05 1.59656e-04 
 40700 246.945 43.573 2.90748e+00 1.86376e+05 2.62573e-05 
 40800 255.738 41.773 2.92277e+00 2.00603e+05 8.14533e-05 
 40900 246.263 37.814 2.94120e+00 2.03430e+05 9.34736e-05 
 41000 241.994 37.048 2.92510e+00 2.09395e+05 1.66052e-04 
 41100 232.323 36.118 2.74489e+00 2.10115e+05 4.58369e-04 
 41200 241.797 41.160 2.94323e+00 2.01474e+05 7.76529e-05 
 41300 231.221 39.334 2.92042e+00 1.96969e+05 5.98250e-05 
 41400 257.920 41.216 2.97592e+00 2.05505e+05 8.92562e-05 
 41500 246.042 35.996 2.98464e+00 2.16583e+05 2.27931e-04 
 41600 222.463 33.132 2.91398e+00 2.16931e+05 3.24890e-04 
 41700 225.866 36.059 2.93670e+00 2.05926e+05 1.15414e-04 
 41800 227.652 34.588 2.99073e+00 2.15120e+05 1.95886e-04 
 41900 242.591 41.140 2.93036e+00 1.95949e+05 5.12283e-05 
 42000 228.605 34.526 2.88517e+00 2.18417e+05 4.41212e-04 
 42100 225.151 32.218 2.96430e+00 2.22994e+05 4.33779e-04 
 42200 242.120 37.978 2.93655e+00 2.08516e+05 1.47904e-04 
 42300 249.074 36.575 2.93187e+00 2.14246e+05 2.42558e-04 
 42400 237.935 38.649 2.99003e+00 2.03087e+05 6.80324e-05 
 42500 212.959 32.703 2.98751e+00 2.21090e+05 3.25398e-04 
 42600 233.185 36.965 2.87706e+00 2.01276e+05 1.06042e-04 
 42700 244.397 35.132 2.81597e+00 2.16534e+05 5.38865e-04 
 42800 241.480 34.636 3.01345e+00 2.23604e+05 3.48877e-04 
 42900 235.788 36.140 2.94516e+00 2.14108e+05 2.21073e-04 
 43000 259.225 40.727 2.82386e+00 2.13204e+05 3.87222e-04 
 43100 239.867 37.624 2.93933e+00 2.10662e+05 1.68797e-04 
 43200 225.099 34.565 2.83623e+00 2.13625e+05 3.72958e-04 
 43300 246.244 41.042 2.79282e+00 1.97017e+05 1.15133e-04 
 43400 242.682 39.931 3.02420e+00 2.09085e+05 9.89820e-05 
 43500 260.091 40.396 2.85275e+00 2.09554e+05 2.43802e-04 
 43600 229.211 34.948 3.06872e+00 2.14923e+05 1.23565e-04 
 43700 242.255 38.768 2.93735e+00 2.05085e+05 1.08335e-04 
 43800 234.251 36.027 2.97980e+00 2.16277e+05 2.21910e-04 
 43900 245.630 39.693 3.03591e+00 2.06258e+05 7.04052e-05 
 44000 246.110 40.854 2.98460e+00 2.02642e+05 6.88749e-05 
 44100 238.154 36.746 2.90993e+00 2.08532e+05 1.65937e-04 
 44200 240.426 36.700 3.05085e+00 2.08519e+05 7.93241e-05 
 44300 246.045 33.520 2.90445e+00 2.22715e+05 5.45974e-04 
 44400 255.529 40.545 2.95176e+00 2.09700e+05 1.46553e-04 
 44500 239.528 36.966 2.97262e+00 2.09576e+05 1.27514e-04 
 44600 228.377 37.260 2.92360e+00 2.04336e+05 1.07248e-04 
 44700 226.825 33.309 3.05738e+00 2.20278e+05 2.10849e-04 
 44800 238.524 37.342 2.98769e+00 2.09684e+05 1.25494e-04 
 44900 230.222 36.347 3.05342e+00 2.04787e+05 5.63525e-05 
 45000 237.479 37.883 2.84739e+00 2.03454e+05 1.55258e-04 
 45100 228.272 35.064 2.89345e+00 2.09645e+05 1.99862e-04 
 45200 234.206 38.466 2.96185e+00 1.98046e+05 5.24448e-05 
 45300 237.309 39.550 2.95198e+00 2.01103e+05 7.33443e-05 
 45400 263.110 38.797 2.88758e+00 2.10544e+05 2.22165e-04 
 45500 245.184 38.730 2.96746e+00 1.99144e+05 5.35094e-05 
 45600 235.898 42.927 3.03211e+00 1.89173e+05 1.75545e-05 
 45700 244.492 36.849 2.82785e+00 2.17819e+05 5.69824e-04 
 45800 245.323 39.466 2.92966e+00 2.04606e+05 1.08134e-04 
 45900 229.296 36.258 2.92027e+00 2.09836e+05 1.75996e-04 
 46000 214.468 36.563 2.89833e+00 1.98474e+05 7.68184e-05 
 46100 231.472 35.692 3.00838e+00 2.11592e+05 1.27393e-04 
 46200 223.682 35.595 2.86004e+00 2.09862e+05 2.55725e-04 
 46300 218.047 34.023 3.02369e+00 2.12051e+05 1.27489e-04 
 46400 253.305 37.285 3.02818e+00 2.13861e+05 1.37709e-04 
 46500 238.197 36.849 2.78376e+00 2.06303e+05 2.58550e-04 
 46600 256.334 38.362 2.88042e+00 2.05468e+05 1.49499e-04 
 46700 221.740 37.942 2.86624e+00 2.03798e+05 1.41832e-04 
 46800 231.538 35.115 2.96799e+00 2.16869e+05 2.40502e-04 
 46900 230.501 35.545 2.84411e+00 2.08460e+05 2.34755e-04 
 47000 219.890 33.278 2.97344e+00 2.14903e+05 2.01206e-04 
 47100 247.470 37.068 2.91266e+00 2.13835e+05 2.52325e-04 
 47200 235.964 35.904 2.90147e+00 2.14073e+05 2.76420e-04 
 47300 237.936 36.084 2.95673e+00 2.16715e+05 2.58855e-04 
 47400 230.352 39.965 2.94478e+00 1.95672e+05 4.80224e-05 
 47500 239.529 33.922 2.92236e+00 2.24879e+05 6.27792e-04 
 47600 242.410 37.113 3.00337e+00 2.10592e+05 1.18616e-04 
 47700 228.737 32.167 2.88416e+00 2.25286e+05 8.02298e-04 
 47800 223.633 34.034 2.86521e+00 2.14163e+05 3.39684e-04 
 47900 246.043 38.686 3.00571e+00 2.13022e+05 1.53646e-04 
 48000 255.541 40.518 2.90916e+00 2.05669e+05 1.32458e-04 
 48100 246.351 34.110 3.06131e+00 2.28440e+05 3.96352e-04 
 48200 224.817 33.516 2.85791e+00 2.15888e+05 4.08362e-04 
 48300 242.279 41.435 2.97724e+00 1.91308e+05 2.71895e-05 
 48400 247.322 34.438 2.88690e+00 2.28280e+05 9.81561e-04 
 48500 222.478 34.917 2.98842e+00 2.13909e+05 1.69405e-04 
 48600 226.377 38.018 2.93138e+00 1.94278e+05 4.41015e-05 
 48700 240.760 37.568 2.96178e+00 2.04178e+05 8.76204e-05 
 48800 227.845 35.541 3.01347e+00 2.07045e+05 8.58050e-05 
 48900 245.964 37.384 2.93094e+00 2.15286e+05 2.62776e-04 
 49000 242.017 35.198 2.99406e+00 2.26589e+05 4.97673e-04 
 49100 240.956 35.783 2.95827e+00 2.21457e+05 3.93320e-04 
 49200 238.494 35.549 2.91712e+00 2.11717e+05 2.11455e-04 
 49300 237.132 37.231 2.93617e+00 2.12606e+05 2.01564e-04 
 49400 243.793 38.627 2.95874e+00 2.01177e+05 6.71475e-05 
 49500 239.933 38.838 2.95499e+00 1.99367e+05 6.01846e-05 
 49600 248.946 41.478 2.96078e+00 1.94769e+05 3.85911e-05 
 49700 239.073 36.712 2.90554e+00 2.08784e+05 1.70965e-04 
 49800 232.984 35.527 2.99097e+00 2.17509e+05 2.28447e-04 
 49900 270.362 42.938 2.84932e+00 1.97345e+05 9.15242e-05 
 50000 247.171 38.727 2.94074e+00 2.10108e+05 1.64338e-04 
 50100 235.939 34.211 2.97014e+00 2.24600e+05 4.62607e-04 
 50200 242.971 38.527 3.04895e+00 2.15557e+05 1.41185e-04 
 50300 241.059 35.410 2.95904e+00 2.21124e+05 3.71535e-04 
 50400 236.024 36.243 2.87443e+00 2.08839e+05 1.99801e-04 
 50500 241.592 39.291 2.95174e+00 2.04285e+05 9.18193e-05 
 50600 226.721 36.384 2.92831e+00 2.05163e+05 1.13825e-04 
 50700 229.737 35.237 2.97605e+00 2.09917e+05 1.30390e-04 
 50800 248.062 36.952 2.93480e+00 2.15570e+05 2.77254e-04 
 50900 259.477 37.210 2.93168e+00 2.20108e+05 3.69071e-04 
 51000 248.299 37.243 2.91342e+00 2.14457e+05 2.74755e-04 
 51100 266.563 37.478 2.89184e+00 2.19368e+05 4.51542e-04 
 51200 251.638 38.442 2.94780e+00 2.08108e+05 1.31450e-04 
 51300 217.471 33.829 3.02092e+00 2.09889e+05 1.03419e-04 
 51400 220.152 32.356 2.95425e+00 2.22211e+05 4.22408e-04 
 51500 228.660 38.804 2.90846e+00 1.99421e+05 7.86911e-05 
 51600 236.033 35.716 2.92473e+00 2.12595e+05 2.16811e-04 
 51700 217.440 33.323 2.96956e+00 2.11544e+05 1.58697e-04 
 51800 244.697 37.763 2.89870e+00 2.11662e+05 2.32236e-04 
 51900 221.575 34.646 2.93983e+00 2.08244e+05 1.40131e-04 
 52000 226.447 32.230 2.90182e+00 2.23124e+05 5.92418e-04 
 52100 231.131 36.780 3.06156e+00 2.06592e+05 6.46809e-05 
 52200 227.940 35.261 3.03459e+00 2.15862e+05 1.61124e-04 
 52300 240.206 39.468 2.94970e+00 2.01492e+05 7.52525e-05 
 52400 218.142 31.486 3.05896e+00 2.26571e+05 3.51054e-04 
 52500 250.640 37.121 3.00854e+00 2.15980e+05 1.85140e-04 
 52600 243.358 32.580 3.01527e+00 2.29712e+05 5.66937e-04 
 52700 229.934 33.329 3.03055e+00 2.28186e+05 4.55079e-04 
 52800 214.950 33.117 2.93040e+00 2.10171e+05 1.74543e-04 
 52900 231.860 37.508 2.88163e+00 2.01200e+05 1.05623e-04 
 53000 248.230 37.180 2.96567e+00 2.13604e+05 1.87861e-04 
 53100 222.747 32.865 2.86277e+00 2.22224e+05 6.64244e-04 
 53200 253.534 40.928 2.82962e+00 1.98310e+05 1.07677e-04 
 53300 236.513 35.441 2.93596e+00 2.15124e+05 2.49661e-04 
 53400 251.607 37.062 2.98279e+00 2.13692e+05 1.73496e-04 
 53500 238.555 35.965 2.90295e+00 2.16666e+05 3.46433e-04 
 53600 226.899 33.295 2.95787e+00 2.21588e+05 3.83616e-04 
 53700 222.748 34.199 2.92690e+00 2.10932e+05 1.84644e-04 
 53800 245.738 35.900 2.88239e+00 2.13119e+05 2.74419e-04 
 53900 239.242 38.638 2.98614e+00 2.05299e+05 8.48458e-05 
 54000 235.665 38.921 2.92857e+00 2.01140e+05 8.26113e-05 
 54100 233.250 33.780 2.88563e+00 2.25236e+05 7.67172e-04 
 54200 228.533 35.236 3.00644e+00 2.11547e+05 1.26677e-04 
 54300 234.117 37.871 2.95417e+00 2.00716e+05 6.94245e-05 
 54400 239.212 39.162 2.80923e+00 1.98211e+05 1.15689e-04 
 54500 240.344 36.265 2.98358e+00 2.18039e+05 2.53654e-04 
 54600 215.726 32.448 3.02934e+00 2.14244e+05 1.43823e-04 
 54700 253.404 38.371 2.93253e+00 2.18037e+05 3.37277e-04 
 54800 262.720 39.721 2.87489e+00 2.11479e+05 2.55632e-04 
 54900 247.840 40.911 3.02657e+00 2.00062e+05 4.51322e-05 
 55000 243.451 34.076 3.02988e+00 2.23910e+05 3.20180e-04 
 55100 262.432 40.458 2.96450e+00 2.11739e+05 1.59221e-04 
 55200 247.136 39.333 2.95638e+00 2.01877e+05 7.51897e-05 
 55300 244.903 35.925 2.99926e+00 2.14795e+05 1.76938e-04 
 55400 244.592 35.253 3.04219e+00 2.20219e+05 2.33812e-04 
 55500 235.996 37.164 2.96132e+00 2.08350e+05 1.26816e-04 
 55600 232.671 36.977 2.90411e+00 2.09211e+05 1.79990e-04 
 55700 225.204 32.685 2.81954e+00 2.22352e+05 8.55604e-04 
 55800 228.093 36.357 2.95165e+00 2.05286e+05 1.00910e-04 
 55900 230.994 34.728 2.94319e+00 2.11918e+05 1.83495e-04 
 56000 242.989 33.288 2.98838e+00 2.27399e+05 5.31950e-04 
 56100 236.601 35.544 3.03167e+00 2.13900e+05 1.42011e-04 
 56200 251.580 36.377 2.95297e+00 2.21270e+05 3.92455e-04 
 56300 232.129 35.517 3.02309e+00 2.15801e+05 1.71675e-04 
 56400 241.108 36.345 2.95193e+00 2.16274e+05 2.59444e-04 
 56500 256.947 42.347 2.95661e+00 1.97727e+05 5.08673e-05 
 56600 248.183 39.357 3.01368e+00 2.09609e+05 1.07133e-04 
 56700 236.599 40.049 2.97501e+00 1.99758e+05 5.59491e-05 
 56800 250.437 35.740 3.01016e+00 2.20996e+05 2.80278e-04 
 56900 246.922 40.132 2.82517e+00 2.02070e+05 1.50061e-04 
 57000 218.081 33.207 2.92819e+00 2.13407e+05 2.36226e-04 
 57100 250.679 35.528 2.99924e+00 2.20116e+05 2.86824e-04 
 57200 240.996 34.798 2.96541e+00 2.23337e+05 4.35999e-04 
 57300 233.860 34.208 2.81598e+00 2.19033e+05 6.67130e-04 
 57400 233.030 35.782 2.87677e+00 2.06773e+05 1.75643e-04 
 57500 235.026 37.518 2.95105e+00 1.99457e+05 6.36148e-05 
 57600 227.387 33.117 2.92950e+00 2.18175e+05 3.39594e-04 
 57700 241.294 36.379 2.98149e+00 2.15648e+05 2.03720e-04 
 57800 250.474 36.998 2.98499e+00 2.19045e+05 2.74825e-04 
 57900 244.393 37.114 2.94621e+00 2.11261e+05 1.69825e-04 
 58000 219.554 33.771 2.83152e+00 2.13095e+05 3.58252e-04 
 58100 252.641 37.652 2.95595e+00 2.12123e+05 1.79773e-04 
 58200 226.643 35.122 2.90381e+00 2.08271e+05 1.61594e-04 
 58300 236.419 35.761 2.91353e+00 2.19188e+05 4.07284e-04 
 58400 218.810 31.303 2.96220e+00 2.23579e+05 4.43945e-04 
 58500 242.196 39.133 2.87815e+00 2.00380e+05 9.98154e-05 
 58600 244.943 36.493 2.87729e+00 2.16688e+05 4.05744e-04 
 58700 224.557 33.877 2.83627e+00 2.16104e+05 4.54404e-04 
 58800 231.167 36.450 2.87481e+00 2.03224e+05 1.28490e-04 
 58900 241.372 35.663 2.95196e+00 2.13373e+05 2.03800e-04 
 59000 259.089 39.623 3.00238e+00 2.13251e+05 1.56056e-04 
 59100 249.171 38.732 2.94498e+00 2.12911e+05 1.96189e-04 
 59200 238.697 38.584 2.91876e+00 2.05442e+05 1.22694e-04 
 59300 234.068 34.222 3.00784e+00 2.21071e+05 2.83675e-04 
 59400 216.567 30.893 2.81364e+00 2.23471e+05 9.96618e-04 
 59500 235.295 37.481 2.86196e+00 2.09653e+05 2.35937e-04 
 59600 229.995 35.924 3.00048e+00 2.09070e+05 1.05740e-04 
 59700 242.231 40.109 3.00128e+00 2.04670e+05 7.64318e-05 
 59800 224.662 31.856 2.90723e+00 2.24957e+05 6.71024e-04 
 59900 244.668 37.226 2.88333e+00 2.09186e+05 2.04051e-04 
 60000 253.649 39.075 2.94654e+00 2.04063e+05 9.41574e-05 
 60100 232.281 36.382 2.97250e+00 2.05379e+05 9.05201e-05 
 60200 221.235 35.391 2.95582e+00 2.08116e+05 1.28552e-04 
 60300 268.998 43.602 2.87819e+00 1.98659e+05 8.71047e-05 
 60400 232.897 33.773 2.96143e+00 2.22642e+05 4.13648e-04 
 60500 233.652 37.782 3.01626e+00 2.02562e+05 5.72834e-05 
 60600 239.325 36.171 2.92287e+00 2.19591e+05 3.97205e-04 
 60700 244.086 37.181 3.04565e+00 2.15219e+05 1.40134e-04 
 60800 231.663 34.543 2.97661e+00 2.14701e+05 2.02377e-04 
 60900 228.755 30.685 2.88746e+00 2.34056e+05 1.60611e-03 
 61000 259.690 39.623 2.87138e+00 2.11277e+05 2.52458e-04 
 61100 252.297 35.766 3.03324e+00 2.25152e+05 3.48626e-04 
 61200 234.754 34.103 2.88541e+00 2.15726e+05 3.57562e-04 
 61300 250.966 38.536 3.00432e+00 2.11567e+05 1.30215e-04 
 61400 252.250 39.020 2.77461e+00 2.04545e+05 2.37840e-04 
 61500 252.179 35.800 2.88947e+00 2.22686e+05 6.10571e-04 
 61600 249.848 39.560 2.94429e+00 1.99794e+05 6.63793e-05 
 61700 265.447 37.880 3.05411e+00 2.18918e+05 1.91699e-04 
 61800 224.432 38.164 2.95149e+00 1.97069e+05 5.13963e-05 
 61900 231.413 36.703 2.89845e+00 2.03915e+05 1.20106e-04 
 62000 240.451 36.387 3.02712e+00 2.13189e+05 1.28811e-04 
 62100 234.607 34.651 3.03719e+00 2.18247e+05 1.99603e-04 
 62200 205.778 32.652 2.95853e+00 2.10686e+05 1.56861e-04 
 62300 234.665 35.272 2.95236e+00 2.20799e+05 3.83035e-04 
 62400 238.999 39.063 2.98726e+00 1.98017e+05 4.51416e-05 
 62500 231.803 38.379 2.92139e+00 2.01586e+05 8.93059e-05 
 62600 232.261 34.386 2.93533e+00 2.18523e+05 3.41763e-04 
 62700 233.080 36.763 3.00553e+00 2.07226e+05 8.94853e-05 
 62800 249.782 41.006 3.02819e+00 2.00365e+05 4.56657e-05 
 62900 229.828 36.301 2.94626e+00 2.01819e+05 7.71552e-05 
 63000 251.959 41.433 2.85908e+00 2.04330e+05 1.55142e-04 
 63100 234.678 35.467 2.88323e+00 2.15246e+05 3.45413e-04 
 63200 252.387 37.302 2.89686e+00 2.17180e+05 3.70027e-04 
 63300 244.171 36.034 2.98196e+00 2.13571e+05 1.73048e-04 
 63400 228.401 33.314 2.95255e+00 2.18913e+05 3.12516e-04 
 63500 229.595 35.644 2.96214e+00 2.13998e+05 1.99116e-04 
 63600 225.594 38.673 2.90860e+00 1.98737e+05 7.22652e-05 
 63700 254.713 39.051 3.06090e+00 2.17643e+05 1.67865e-04 
 63800 227.844 36.866 3.05845e+00 2.11425e+05 9.78742e-05 
 63900 236.352 36.357 2.90112e+00 2.20183e+05 4.61042e-04 
 64000 233.639 35.309 3.02978e+00 2.20608e+05 2.39236e-04 
 64100 233.388 38.260 2.96597e+00 2.09665e+05 1.34911e-04 
 64200 232.981 37.444 2.94570e+00 2.06566e+05 1.15285e-04 
 64300 222.943 33.393 2.92098e+00 2.16954e+05 3.12051e-04 
 64400 234.781 35.498 2.94768e+00 2.13490e+05 2.16082e-04 
 64500 247.384 38.460 3.06597e+00 2.06053e+05 5.87907e-05 
 64600 227.737 33.117 3.01424e+00 2.24150e+05 3.71049e-04 
 64700 233.823 36.138 3.01734e+00 2.16503e+05 1.88536e-04 
 64800 222.462 34.131 2.93017e+00 2.10713e+05 1.81331e-04 
 64900 253.780 37.470 2.99193e+00 2.18698e+05 2.44765e-04 
 65000 237.177 40.267 2.96573e+00 1.95867e+05 4.35739e-05 
 65100 224.586 36.415 2.97889e+00 2.07810e+05 1.14484e-04 
 65200 216.898 33.437 2.95329e+00 2.13172e+05 1.94167e-04 
 65300 264.155 38.499 2.93993e+00 2.17615e+05 3.11627e-04 
 65400 227.248 33.619 2.92949e+00 2.13999e+05 2.32891e-04 
 65500 233.631 36.751 3.00122e+00 2.03589e+05 6.83011e-05 
 65600 246.525 38.227 2.93741e+00 2.12600e+05 2.00260e-04 
 65700 257.667 43.406 2.97476e+00 1.92975e+05 3.20897e-05 
 65800 232.967 33.815 2.96789e+00 2.16453e+05 2.33173e-04 
 65900 245.953 39.256 2.90066e+00 2.01745e+05 9.97402e-05 
 66000 242.115 35.997 3.04592e+00 2.22898e+05 2.72498e-04 
 66100 228.512 34.408 2.97440e+00 2.12450e+05 1.57700e-04 
 66200 244.493 43.753 2.96068e+00 1.87567e+05 2.20534e-05 
 66300 249.249 39.804 2.94921e+00 1.96726e+05 4.98927e-05 
 66400 241.809 38.068 2.91496e+00 2.10915e+05 1.99092e-04 
 66500 231.287 35.681 2.97871e+00 2.18632e+05 2.78336e-04 
 66600 236.214 34.727 2.91206e+00 2.18031e+05 3.71796e-04 
 66700 248.059 38.537 2.84408e+00 2.04914e+05 1.68954e-04 
 66800 239.334 34.442 2.96523e+00 2.19441e+05 3.20288e-04 
 66900 230.147 37.983 2.85032e+00 2.03682e+05 1.47256e-04 
 67000 240.161 34.965 2.85557e+00 2.20149e+05 5.87891e-04 
 67100 240.108 37.290 3.02573e+00 2.03298e+05 5.65617e-05 
 67200 251.760 42.191 2.95464e+00 1.98882e+05 5.94505e-05 
 67300 247.064 37.679 2.95492e+00 2.14296e+05 2.13435e-04 
 67400 248.968 37.869 2.96920e+00 2.08550e+05 1.27604e-04 
 67500 266.411 40.314 2.99494e+00 2.09931e+05 1.19751e-04 
 67600 243.212 36.431 2.96030e+00 2.17006e+05 2.64183e-04 
 67700 223.621 33.956 3.05204e+00 2.18623e+05 1.91375e-04 
 67800 264.086 40.492 3.00094e+00 2.08093e+05 9.90765e-05 
 67900 223.707 35.939 2.89895e+00 2.04069e+05 1.22607e-04 
 68000 248.065 36.875 2.87252e+00 2.15789e+05 3.75461e-04 
 68100 232.674 36.805 2.95275e+00 2.11160e+05 1.64914e-04 
 68200 234.716 38.976 2.92725e+00 1.98305e+05 6.39562e-05 
 68300 255.522 37.607 2.93465e+00 2.19398e+05 3.54011e-04 
 68400 250.815 41.743 2.93172e+00 1.97123e+05 5.74573e-05 
 68500 224.303 34.711 2.84765e+00 2.15916e+05 4.23078e-04 
 68600 239.801 35.681 2.97743e+00 2.16751e+05 2.33864e-04 
 68700 234.159 36.315 2.88944e+00 2.13414e+05 2.86723e-04 
 68800 250.342 34.644 2.92013e+00 2.21139e+05 4.50764e-04 
 68900 228.099 36.094 2.96562e+00 2.08230e+05 1.23552e-04 
 69000 228.386 35.036 2.99879e+00 2.14258e+05 1.68356e-04 
 69100 249.412 36.622 2.94368e+00 2.08608e+05 1.38231e-04 
 69200 240.437 35.479 2.89680e+00 2.13168e+05 2.63079e-04 
 69300 248.849 38.298 2.94835e+00 2.09494e+05 1.44526e-04 
 69400 234.678 38.046 2.91359e+00 2.02800e+05 9.97844e-05 
 69500 243.419 34.400 2.95118e+00 2.24247e+05 5.08214e-04 
 69600 254.576 39.345 2.83109e+00 2.11035e+05 3.15993e-04 
 69700 237.341 39.491 2.88960e+00 2.04048e+05 1.25265e-04 
 69800 212.498 33.312 2.89367e+00 2.17477e+05 3.80332e-04 
 69900 233.597 35.901 2.91649e+00 2.13586e+05 2.40099e-04 
 70000 220.824 32.872 2.90671e+00 2.15168e+05 3.00394e-04 
 70100 241.595 39.345 2.88046e+00 2.03841e+05 1.29966e-04 
 70200 236.466 36.244 2.91179e+00 2.13389e+05 2.47125e-04 
 70300 237.560 38.099 2.90869e+00 2.05023e+05 1.24946e-04 
 70400 259.872 39.837 2.86457e+00 2.15160e+05 3.76254e-04 
 70500 245.230 38.939 2.91464e+00 2.04744e+05 1.18323e-04 
 70600 252.139 40.284 2.99413e+00 2.02562e+05 6.45899e-05 
 70700 237.876 30.798 2.95836e+00 2.38032e+05 1.52543e-03 
 70800 250.281 42.098 3.05302e+00 1.98995e+05 3.53712e-05 
 70900 229.259 33.030 2.99562e+00 2.20988e+05 3.04299e-04 
 71000 234.098 39.072 2.95989e+00 2.00954e+05 6.85346e-05 
 71100 228.946 35.729 2.91256e+00 2.12101e+05 2.20488e-04 
 71200 238.219 35.344 2.92710e+00 2.15973e+05 2.83520e-04 
 71300 236.829 38.628 2.98892e+00 2.03245e+05 6.83266e-05 
 71400 231.770 37.582 3.01569e+00 2.06402e+05 7.64306e-05 
 71500 240.229 37.904 2.86690e+00 2.04474e+05 1.47918e-04 
 71600 229.687 32.682 2.97578e+00 2.27195e+05 5.80965e-04 
 71700 227.483 33.173 2.89616e+00 2.19870e+05 4.55246e-04 
 71800 240.689 37.159 2.98208e+00 2.16638e+05 2.24334e-04 
 71900 251.150 38.085 2.96761e+00 2.14478e+05 1.98057e-04 
 72000 246.904 40.241 2.95120e+00 2.01882e+05 7.58216e-05 
 72100 245.492 37.837 2.87102e+00 2.05906e+05 1.66485e-04 
 72200 223.176 33.936 2.85138e+00 2.13956e+05 3.66480e-04 
 72300 220.589 33.982 3.01408e+00 2.20295e+05 2.71617e-04 
 72400 234.976 38.005 3.03003e+00 2.12824e+05 1.23291e-04 
 72500 215.420 31.353 2.96306e+00 2.26336e+05 5.55201e-04 
 72600 257.607 39.006 2.94610e+00 2.11108e+05 1.71027e-04 
 72700 225.997 34.144 3.03176e+00 2.10062e+05 9.97128e-05 
 72800 244.082 34.600 2.90375e+00 2.22623e+05 5.77305e-04 
 72900 228.344 35.790 2.97603e+00 2.07378e+05 1.09655e-04 
 73000 234.252 37.305 2.94681e+00 2.07025e+05 1.25011e-04 
 73100 271.041 42.252 2.82396e+00 1.99733e+05 1.21320e-04 
 73200 259.413 39.444 2.98581e+00 2.10639e+05 1.29866e-04 
 73300 255.282 39.180 2.92056e+00 2.11370e+05 1.92745e-04 
 73400 223.592 35.940 2.92711e+00 2.02318e+05 8.85231e-05 
 73500 242.437 37.768 3.03865e+00 2.05778e+05 6.75291e-05 
 73600 245.811 36.180 2.90997e+00 2.10952e+05 1.98493e-04 
 73700 232.647 38.926 2.99713e+00 2.07322e+05 9.44538e-05 
 73800 247.758 42.126 3.00391e+00 2.00431e+05 5.04008e-05 
 73900 221.585 32.707 2.86822e+00 2.23710e+05 7.27729e-04 
 74000 236.660 32.093 2.95273e+00 2.38582e+05 1.69082e-03 
 74100 237.750 35.844 2.95972e+00 2.11815e+05 1.69674e-04 
 74200 257.410 42.227 2.94543e+00 2.00522e+05 7.14413e-05 
 74300 243.965 34.811 2.99525e+00 2.21691e+05 3.18165e-04 
 74400 263.069 38.067 2.90922e+00 2.18327e+05 3.78110e-04 
 74500 242.891 38.044 2.98368e+00 2.08982e+05 1.18086e-04 
 74600 238.455 36.503 2.98686e+00 2.11191e+05 1.36726e-04 
 74700 257.554 41.159 2.88957e+00 2.02622e+05 1.10860e-04 
 74800 237.515 37.292 2.99181e+00 2.08539e+05 1.09796e-04 
 74900 249.174 35.828 3.02138e+00 2.27023e+05 4.51838e-04 
 75000 251.903 38.669 2.88113e+00 2.10680e+05 2.29781e-04 
 75100 218.924 35.557 2.98788e+00 2.06009e+05 8.70840e-05 
 75200 220.467 36.079 2.82914e+00 2.09054e+05 2.60750e-04 
 75300 223.593 33.695 2.86819e+00 2.13441e+05 3.15227e-04 
 75400 243.359 35.754 2.92672e+00 2.13164e+05 2.13999e-04 
 75500 226.213 36.223 3.02580e+00 2.09283e+05 9.26533e-05 
 75600 251.652 42.106 2.93370e+00 1.99979e+05 7.17188e-05 
 75700 221.733 35.631 2.90895e+00 2.08299e+05 1.66091e-04 
 75800 271.178 43.842 2.91503e+00 1.95311e+05 5.21592e-05 
 75900 227.849 33.813 2.95459e+00 2.15591e+05 2.42662e-04 
 76000 214.941 33.017 2.89365e+00 2.19977e+05 4.77134e-04 
 76100 259.618 39.705 2.92879e+00 2.07063e+05 1.30660e-04 
 76200 253.669 40.978 2.88433e+00 1.96879e+05 6.91809e-05 
 76300 237.232 36.240 2.98055e+00 2.09477e+05 1.23487e-04 
 76400 245.893 40.128 2.87814e+00 2.00580e+05 9.99268e-05 
 76500 216.206 35.913 2.88331e+00 2.00698e+05 1.01406e-04 
 76600 223.088 34.266 2.98220e+00 2.19852e+05 2.97066e-04 
 76700 242.961 38.027 2.96286e+00 2.06811e+05 1.08392e-04 
 76800 226.920 35.767 3.06124e+00 2.11233e+05 9.67229e-05 
 76900 239.113 36.909 2.95831e+00 2.09270e+05 1.40351e-04 
 77000 256.301 40.327 2.92483e+00 2.06279e+05 1.24059e-04 
 77100 256.448 41.012 2.98621e+00 1.97711e+05 4.35495e-05 
 77200 244.385 37.161 2.94566e+00 2.10601e+05 1.65462e-04 
 77300 221.787 36.052 2.91243e+00 2.04526e+05 1.16078e-04 
 77400 248.212 40.457 2.94039e+00 1.97658e+05 5.77389e-05 
 77500 238.010 34.756 2.82153e+00 2.17817e+05 5.95316e-04 
 77600 247.275 40.596 2.94975e+00 2.00967e+05 6.98496e-05 
 77700 250.930 38.770 2.90285e+00 2.06953e+05 1.50238e-04 
 77800 233.580 36.709 2.95980e+00 2.14405e+05 2.11609e-04 
 77900 234.174 33.826 2.91079e+00 2.15320e+05 2.98450e-04 
 78000 254.375 43.436 2.95450e+00 1.98478e+05 5.57692e-05 
 78100 249.768 40.331 2.90437e+00 2.05918e+05 1.37887e-04 
 78200 240.560 38.693 2.96194e+00 2.07753e+05 1.16603e-04 
 78300 233.571 37.721 2.92387e+00 2.09386e+05 1.64663e-04 
 78400 248.815 39.088 2.98595e+00 2.06353e+05 9.00953e-05 
 78500 241.181 35.170 3.01879e+00 2.16665e+05 1.85387e-04 
 78600 215.361 33.352 3.00449e+00 2.14032e+05 1.58349e-04 
 78700 237.301 34.675 2.91527e+00 2.13810e+05 2.55518e-04 
 78800 254.262 37.163 2.91860e+00 2.16400e+05 3.13490e-04 
 78900 222.791 35.384 2.92148e+00 2.06306e+05 1.32119e-04 
 79000 231.589 32.108 2.91364e+00 2.27619e+05 8.21336e-04 
 79100 240.744 37.108 2.92336e+00 2.08384e+05 1.53614e-04 
 79200 214.670 33.327 2.89397e+00 2.09519e+05 1.99512e-04 
 79300 245.707 39.033 2.92095e+00 2.02890e+05 1.00171e-04 
 79400 219.611 37.433 2.89926e+00 2.00210e+05 8.72482e-05 
 79500 229.507 34.739 2.96749e+00 2.14299e+05 2.02307e-04 
 79600 246.256 38.397 2.93845e+00 2.06190e+05 1.16846e-04 
 79700 230.036 35.333 2.82963e+00 2.10526e+05 3.01242e-04 
 79800 226.129 37.562 2.92985e+00 1.99827e+05 7.20596e-05 
 79900 262.681 40.229 2.90900e+00 2.12861e+05 2.38227e-04 
 80000 217.890 32.622 2.96211e+00 2.21557e+05 3.62146e-04 
 80100 229.168 36.576 2.92247e+00 2.05357e+05 1.19007e-04 
 80200 249.816 39.648 2.97958e+00 2.07628e+05 1.04390e-04 
 80300 241.506 39.825 2.83137e+00 2.00212e+05 1.21708e-04 
 80400 233.368 37.486 2.94323e+00 2.10402e+05 1.63795e-04 
 80500 221.669 33.658 2.94841e+00 2.15625e+05 2.37763e-04 
 80600 257.445 36.455 3.01395e+00 2.24800e+05 3.74043e-04 
 80700 250.859 39.971 2.89635e+00 2.11325e+05 2.26641e-04 
 80800 222.400 33.046 2.88314e+00 2.15889e+05 3.50034e-04 
 80900 229.402 40.885 2.84785e+00 1.88524e+05 4.24894e-05 
 81000 223.265 34.906 2.94082e+00 2.11284e+05 1.78139e-04 
 81100 244.673 37.090 2.98163e+00 2.19997e+05 3.08454e-04 
 81200 211.677 34.826 2.99268e+00 2.08527e+05 1.10732e-04 
 81300 246.149 37.902 2.89484e+00 2.06887e+05 1.56165e-04 
 81400 220.152 34.512 2.95965e+00 2.13523e+05 1.97506e-04 
 81500 240.628 36.165 3.00867e+00 2.12590e+05 1.36991e-04 
 81600 249.341 40.023 3.00200e+00 1.99665e+05 4.86759e-05 
 81700 231.501 35.379 2.89246e+00 2.17810e+05 4.09844e-04 
 81800 250.716 40.559 2.96894e+00 1.96776e+05 4.45371e-05 
 81900 235.686 35.560 2.86865e+00 2.12932e+05 2.97510e-04 
 82000 209.650 33.199 2.94204e+00 2.07285e+05 1.27949e-04 
 82100 257.772 38.950 2.94510e+00 2.11054e+05 1.73716e-04 
 82200 251.174 37.933 2.93405e+00 2.09311e+05 1.55217e-04 
 82300 244.398 37.076 2.91736e+00 2.14130e+05 2.62211e-04 
 82400 229.947 35.100 2.90031e+00 2.08165e+05 1.70570e-04 
 82500 240.660 35.031 3.10586e+00 2.17198e+05 1.25808e-04 
 82600 253.518 39.072 3.08222e+00 2.13000e+05 9.87497e-05 
 82700 237.198 38.344 2.87576e+00 2.04034e+05 1.35236e-04 
 82800 245.771 39.285 2.86196e+00 1.98211e+05 8.95062e-05 
 82900 233.206 34.072 2.93690e+00 2.22524e+05 4.77155e-04 
 83000 248.506 35.737 2.90574e+00 2.16625e+05 3.37284e-04 
 83100 257.807 37.921 2.97079e+00 2.18694e+05 2.79796e-04 
 83200 229.132 36.230 2.90179e+00 2.13918e+05 2.76781e-04 
 83300 228.612 34.026 2.97738e+00 2.24716e+05 4.51120e-04 
 83400 215.084 33.652 2.85847e+00 2.09759e+05 2.45775e-04 
 83500 251.936 36.038 2.96576e+00 2.23339e+05 4.21420e-04 
 83600 237.460 32.833 2.96964e+00 2.28393e+05 6.47213e-04 
 83700 243.694 34.250 2.88060e+00 2.26044e+05 8.72722e-04 
 83800 239.684 36.888 2.96516e+00 2.08069e+05 1.19361e-04 
 83900 252.994 36.739 2.91203e+00 2.18318e+05 3.83804e-04 
 84000 249.424 34.172 2.94921e+00 2.29002e+05 7.51206e-04 
 84100 214.770 33.246 2.91185e+00 2.14534e+05 2.71448e-04 
 84200 236.731 36.831 2.90237e+00 2.09654e+05 1.87416e-04 
 84300 231.765 33.688 2.96440e+00 2.20764e+05 3.55432e-04 
 84400 214.656 33.553 2.95580e+00 2.15590e+05 2.41792e-04 
 84500 257.220 38.221 3.02406e+00 2.17018e+05 1.84637e-04 
 84600 238.054 36.278 2.92636e+00 2.17737e+05 3.32831e-04 
 84700 243.973 33.796 2.91372e+00 2.31894e+05 1.15405e-03 
 84800 240.995 37.527 2.93093e+00 2.04029e+05 9.99728e-05 
 84900 222.680 32.473 2.85258e+00 2.16410e+05 4.14540e-04 
 85000 227.367 34.799 2.98367e+00 2.24136e+05 4.21067e-04 
 85100 240.299 36.992 2.93408e+00 2.09702e+05 1.58985e-04 
 85200 251.014 38.191 3.09421e+00 2.12639e+05 9.20768e-05 
 85300 236.366 40.014 2.90521e+00 1.97649e+05 6.87363e-05 
 85400 233.892 37.467 2.98925e+00 2.04970e+05 8.06189e-05 
 85500 248.154 38.481 2.91989e+00 2.06594e+05 1.35276e-04 
 85600 245.759 37.101 2.94150e+00 2.15839e+05 2.58804e-04 
 85700 217.970 31.731 2.98722e+00 2.18398e+05 2.50765e-04 
 85800 228.095 35.020 2.88114e+00 2.15424e+05 3.57343e-04 
 85900 236.191 39.687 2.90827e+00 1.96715e+05 6.09848e-05 
 86000 233.956 35.688 3.02039e+00 2.18897e+05 2.21918e-04 
 86100 261.601 39.628 2.82325e+00 2.07680e+05 2.42314e-04 
 86200 252.581 39.254 2.88070e+00 2.01850e+05 1.11582e-04 
 86300 232.181 39.749 2.81820e+00 1.94002e+05 7.90110e-05 
 86400 240.619 37.124 2.89874e+00 2.05967e+05 1.42788e-04 
 86500 223.658 37.144 2.98263e+00 2.01604e+05 6.31416e-05 
 86600 234.700 36.041 2.89245e+00 2.14035e+05 2.90407e-04 
 86700 227.631 34.921 3.03342e+00 2.09468e+05 9.50970e-05 
 86800 237.797 33.993 2.90318e+00 2.20138e+05 4.57826e-04 
 86900 239.811 36.467 3.03726e+00 2.13585e+05 1.28349e-04 
 87000 238.027 34.629 3.01497e+00 2.22097e+05 3.04273e-04 
 87100 252.737 42.150 2.95807e+00 1.95317e+05 4.16703e-05 
 87200 253.917 40.115 3.01971e+00 2.04508e+05 6.47936e-05 
 87300 218.162 34.802 2.97044e+00 2.07977e+05 1.20582e-04 
 87400 237.734 39.882 2.88653e+00 1.94811e+05 6.05402e-05 
 87500 257.420 38.091 2.97579e+00 2.19228e+05 2.83998e-04 
 87600 212.384 35.827 2.90089e+00 2.01595e+05 9.70282e-05 
 87700 248.494 40.820 2.88238e+00 2.00304e+05 9.52166e-05 
 87800 227.366 36.055 2.94865e+00 2.10256e+05 1.63638e-04 
 87900 222.648 38.374 2.94118e+00 1.94657e+05 4.41276e-05 
 88000 241.863 36.601 2.95737e+00 2.09514e+05 1.41311e-04 
 88100 242.341 38.876 2.91124e+00 2.09291e+05 1.75115e-04 
 88200 258.155 41.183 3.01199e+00 1.97709e+05 3.90750e-05 
 88300 242.858 37.298 2.92226e+00 2.03732e+05 1.02560e-04 
 88400 240.259 35.697 2.85230e+00 2.15399e+05 4.00912e-04 
 88500 245.087 37.294 2.91250e+00 2.09946e+05 1.86812e-04 
 88600 227.805 35.095 2.95488e+00 2.12553e+05 1.81992e-04 
 88700 257.396 44.238 2.95572e+00 1.91139e+05 3.04193e-05 
 88800 258.230 37.040 2.91788e+00 2.18470e+05 3.62042e-04 
 88900 249.321 37.169 2.95912e+00 2.10493e+05 1.51383e-04 
 89000 235.990 37.858 2.86520e+00 2.05188e+05 1.58810e-04 
 89100 230.810 36.648 2.96073e+00 2.08649e+05 1.29561e-04 
 89200 240.355 40.565 2.98442e+00 2.01660e+05 6.40517e-05 
 89300 239.158 41.792 2.95917e+00 1.90545e+05 2.80672e-05 
 89400 223.207 33.912 2.92417e+00 2.09564e+05 1.71894e-04 
 89500 240.922 39.896 2.84011e+00 1.96513e+05 8.88562e-05 
 89600 214.532 33.395 2.99044e+00 2.11043e+05 1.30850e-04 
 89700 232.564 34.520 2.86399e+00 2.19166e+05 5.26897e-04 
 89800 243.161 35.878 2.95713e+00 2.26256e+05 5.79144e-04 
 89900 240.065 37.273 2.95698e+00 2.10604e+05 1.48420e-04 
 90000 247.375 36.141 2.79267e+00 2.21215e+05 8.70705e-04 
 90100 249.995 34.725 2.93029e+00 2.24323e+05 5.52848e-04 
 90200 240.395 34.501 2.95401e+00 2.21992e+05 4.04617e-04 
 90300 228.944 36.754 2.91997e+00 2.08756e+05 1.59809e-04 
 90400 236.646 36.926 2.95122e+00 2.14563e+05 2.20825e-04 
 90500 243.444 38.193 3.04393e+00 2.03981e+05 5.58369e-05 
 90600 248.484 33.805 3.03558e+00 2.25999e+05 3.74648e-04 
 90700 257.541 41.765 2.98353e+00 2.02738e+05 7.05951e-05 
 90800 246.662 37.335 2.97123e+00 2.12434e+05 1.69493e-04 
 90900 231.198 36.326 2.92875e+00 2.14755e+05 2.52587e-04 
 91000 234.450 36.647 3.07600e+00 2.11362e+05 8.88001e-05 
 91100 229.898 35.040 2.98632e+00 2.10975e+05 1.42013e-04 
 91200 257.426 42.673 2.91516e+00 2.00970e+05 8.93887e-05 
 91300 264.497 42.768 2.94073e+00 1.98452e+05 5.91102e-05 
 91400 229.212 38.169 2.98900e+00 2.07660e+05 1.03145e-04 
 91500 233.014 36.572 2.83510e+00 2.12675e+05 3.51979e-04 
 91600 233.335 35.647 2.92146e+00 2.16355e+05 3.00899e-04 
 91700 266.360 42.980 2.94813e+00 2.00060e+05 6.80821e-05 
 91800 228.750 34.402 3.03684e+00 2.16433e+05 1.65220e-04 
 91900 235.973 36.625 2.95126e+00 2.09459e+05 1.43404e-04 
 92000 258.418 35.465 2.84939e+00 2.25655e+05 9.76405e-04 
 92100 236.952 34.443 2.97857e+00 2.18367e+05 2.66288e-04 
 92200 240.530 36.955 2.99820e+00 2.10441e+05 1.26464e-04 
 92300 252.264 36.378 2.92378e+00 2.20486e+05 4.21792e-04 
 92400 236.846 36.400 2.93121e+00 2.12822e+05 2.10161e-04 
 92500 231.101 35.279 2.95387e+00 2.14031e+05 2.09123e-04 
 92600 213.523 33.115 3.03844e+00 2.12183e+05 1.19396e-04 
 92700 223.402 33.882 2.95176e+00 2.16502e+05 2.58559e-04 
 92800 217.649 34.437 2.98187e+00 2.13901e+05 1.86260e-04 
 92900 270.376 41.434 2.99163e+00 2.04265e+05 7.49897e-05 
 93000 249.923 39.430 2.84509e+00 2.09726e+05 2.52195e-04 
 93100 224.065 35.940 2.91039e+00 2.02493e+05 9.92881e-05 
 93200 235.181 37.481 2.92959e+00 2.04654e+05 1.01587e-04 
 93300 221.097 32.940 2.91992e+00 2.16030e+05 2.92553e-04 
 93400 216.863 31.861 2.95273e+00 2.27602e+05 6.84970e-04 
 93500 222.728 34.469 2.84876e+00 2.13813e+05 3.58892e-04 
 93600 242.338 38.644 2.97511e+00 2.07953e+05 1.16577e-04 
 93700 237.284 36.954 2.94509e+00 2.06086e+05 1.13332e-04 
 93800 234.709 37.204 2.98102e+00 2.09517e+05 1.22024e-04 
 93900 237.768 35.820 2.86543e+00 2.10738e+05 2.57208e-04 
 94000 234.518 38.154 2.97771e+00 2.07645e+05 1.05980e-04 
 94100 241.273 34.478 2.94575e+00 2.22392e+05 4.49021e-04 
 94200 235.354 35.580 2.99286e+00 2.14448e+05 1.76554e-04 
 94300 225.579 37.149 2.92095e+00 2.04089e+05 1.08264e-04 
 94400 243.077 37.717 2.89474e+00 2.13765e+05 2.67480e-04 
 94500 265.445 39.407 2.90884e+00 2.14842e+05 2.80956e-04 
 94600 240.179 39.334 2.91913e+00 1.97822e+05 6.42277e-05 
 94700 230.598 37.019 2.94900e+00 2.10441e+05 1.61370e-04 
 94800 235.902 35.473 3.06153e+00 2.13117e+05 1.09541e-04 
 94900 229.338 39.513 2.90451e+00 1.95971e+05 5.96892e-05 
 95000 263.049 38.838 2.95910e+00 2.20915e+05 3.61058e-04 
 95100 238.292 35.371 2.92267e+00 2.15693e+05 2.88275e-04 
 95200 250.044 38.873 2.95358e+00 2.04303e+05 9.21789e-05 
 95300 227.676 34.967 2.89932e+00 2.19591e+05 4.53310e-04 
 95400 237.891 35.110 2.98827e+00 2.17808e+05 2.46515e-04 
 95500 227.223 33.928 2.95274e+00 2.12805e+05 1.82829e-04 
 95600 221.821 35.645 2.93318e+00 2.09461e+05 1.62106e-04 
 95700 244.037 39.005 2.88649e+00 2.06691e+05 1.59600e-04 
 95800 269.819 44.170 2.88954e+00 2.04811e+05 1.36881e-04 
 95900 239.245 35.695 2.95430e+00 2.15889e+05 2.38640e-04 
 96000 232.599 36.484 2.90674e+00 2.04337e+05 1.16521e-04 
 96100 239.495 36.071 2.88180e+00 2.15796e+05 3.68595e-04 
 96200 240.156 32.368 2.85210e+00 2.33259e+05 1.83327e-03 
 96300 222.446 33.720 2.90837e+00 2.20891e+05 4.83429e-04 
 96400 257.506 39.789 2.92207e+00 2.08175e+05 1.50337e-04 
 96500 239.471 33.995 2.98042e+00 2.24204e+05 4.13365e-04 
 96600 245.712 37.091 2.94729e+00 2.17919e+05 2.90833e-04 
 96700 244.942 35.611 2.99215e+00 2.17698e+05 2.33991e-04 
 96800 235.552 36.950 3.00093e+00 2.10678e+05 1.19970e-04 
 96900 245.524 39.284 2.92880e+00 1.99672e+05 7.00048e-05 
 97000 250.408 38.216 2.93438e+00 2.11283e+05 1.88764e-04 
 97100 223.915 34.202 2.96115e+00 2.12724e+05 1.82553e-04 
 97200 239.663 38.281 2.84303e+00 2.03597e+05 1.58257e-04 
 97300 240.511 38.213 2.95325e+00 2.06595e+05 1.10348e-04 
 97400 249.442 40.981 2.94804e+00 1.98253e+05 5.71872e-05 
 97500 235.806 36.775 3.05343e+00 2.07304e+05 7.10353e-05 
 97600 247.801 41.182 2.98266e+00 1.99348e+05 5.31699e-05 
 97700 216.262 36.697 2.94985e+00 2.02753e+05 8.09694e-05 
 97800 254.205 38.284 2.87501e+00 2.19481e+05 5.05187e-04 
 97900 255.294 39.071 2.94782e+00 2.07373e+05 1.25234e-04 
 98000 240.779 37.991 2.83603e+00 2.09091e+05 2.48985e-04 
 98100 224.670 34.752 2.94271e+00 2.13531e+05 2.16068e-04 
 98200 250.153 38.325 2.99083e+00 2.11035e+05 1.35143e-04 
 98300 239.406 39.634 2.85914e+00 2.05012e+05 1.63787e-04 
 98400 225.900 38.076 2.81131e+00 2.00139e+05 1.41395e-04 
 98500 248.339 39.692 2.90450e+00 2.04825e+05 1.25569e-04 
 98600 217.290 33.802 2.85993e+00 2.09200e+05 2.32327e-04 
 98700 226.684 36.303 2.90490e+00 2.06416e+05 1.42629e-04 
 98800 237.093 36.189 2.94632e+00 2.10321e+05 1.59219e-04 
 98900 257.146 41.081 2.93767e+00 2.02407e+05 8.48571e-05 
 99000 237.451 39.104 2.90766e+00 2.00768e+05 8.74448e-05 
 99100 245.923 37.398 2.91185e+00 2.17799e+05 3.65537e-04 
 99200 257.597 40.727 2.92650e+00 2.00676e+05 7.71024e-05 
 99300 255.320 38.876 2.96145e+00 2.18810e+05 3.02599e-04 
 99400 233.747 32.816 2.94422e+00 2.32199e+05 1.05243e-03 
 99500 239.809 35.772 2.90728e+00 2.19629e+05 4.31059e-04 
 99600 230.263 34.863 2.92524e+00 2.12849e+05 2.16573e-04 
 99700 232.358 36.601 3.08528e+00 2.12551e+05 9.38486e-05 
 99800 234.654 35.165 2.89660e+00 2.15573e+05 3.18939e-04 
 99900 232.020 38.494 2.98143e+00 1.97154e+05 4.22542e-05 
100000 241.654 33.513 2.89012e+00 2.26657e+05 8.76643e-04 
